[files]
E:\Projects\paper-latex\paper-latex-3\miktex\texmfs\install\miktex/bin/x64\pdfclose.exe
E:\Projects\paper-latex\paper-latex-3\miktex\texmfs\install\miktex/bin/x64\pdfdde.exe
E:\Projects\paper-latex\paper-latex-3\miktex\texmfs\install\miktex/bin/x64\pdfopen.exe
E:\Projects\paper-latex\paper-latex-3\miktex\texmfs\install\miktex/bin/x64\bg5pluslatex.exe
E:\Projects\paper-latex\paper-latex-3\miktex\texmfs\install\miktex/bin/x64\bg5pluspdflatex.exe
E:\Projects\paper-latex\paper-latex-3\miktex\texmfs\install\miktex/bin/x64\bg5latex.exe
E:\Projects\paper-latex\paper-latex-3\miktex\texmfs\install\miktex/bin/x64\bg5pdflatex.exe
E:\Projects\paper-latex\paper-latex-3\miktex\texmfs\install\miktex/bin/x64\bg5platex.exe
E:\Projects\paper-latex\paper-latex-3\miktex\texmfs\install\miktex/bin/x64\bg5ppdflatex.exe
E:\Projects\paper-latex\paper-latex-3\miktex\texmfs\install\miktex/bin/x64\cef5latex.exe
E:\Projects\paper-latex\paper-latex-3\miktex\texmfs\install\miktex/bin/x64\cef5pdflatex.exe
E:\Projects\paper-latex\paper-latex-3\miktex\texmfs\install\miktex/bin/x64\ceflatex.exe
E:\Projects\paper-latex\paper-latex-3\miktex\texmfs\install\miktex/bin/x64\cefpdflatex.exe
E:\Projects\paper-latex\paper-latex-3\miktex\texmfs\install\miktex/bin/x64\cefslatex.exe
E:\Projects\paper-latex\paper-latex-3\miktex\texmfs\install\miktex/bin/x64\cefspdflatex.exe
E:\Projects\paper-latex\paper-latex-3\miktex\texmfs\install\miktex/bin/x64\gbklatex.exe
E:\Projects\paper-latex\paper-latex-3\miktex\texmfs\install\miktex/bin/x64\gbkpdflatex.exe
E:\Projects\paper-latex\paper-latex-3\miktex\texmfs\install\miktex/bin/x64\sjislatex.exe
E:\Projects\paper-latex\paper-latex-3\miktex\texmfs\install\miktex/bin/x64\sjispdflatex.exe
E:\Projects\paper-latex\paper-latex-3\miktex\texmfs\install\miktex/bin/x64\afm2tfm.exe
E:\Projects\paper-latex\paper-latex-3\miktex\texmfs\install\miktex/bin/x64\asy.exe
E:\Projects\paper-latex\paper-latex-3\miktex\texmfs\install\miktex/bin/x64\autosp.exe
E:\Projects\paper-latex\paper-latex-3\miktex\texmfs\install\miktex/bin/x64\axohelp.exe
E:\Projects\paper-latex\paper-latex-3\miktex\texmfs\install\miktex/bin/x64\bg5conv.exe
E:\Projects\paper-latex\paper-latex-3\miktex\texmfs\install\miktex/bin/x64\bibsort.exe
E:\Projects\paper-latex\paper-latex-3\miktex\texmfs\install\miktex/bin/x64\bibtex8.exe
E:\Projects\paper-latex\paper-latex-3\miktex\texmfs\install\miktex/bin/x64\bibtexu.exe
E:\Projects\paper-latex\paper-latex-3\miktex\texmfs\install\miktex/bin/x64\bibtex.exe
E:\Projects\paper-latex\paper-latex-3\miktex\texmfs\install\miktex/bin/x64\cef5conv.exe
E:\Projects\paper-latex\paper-latex-3\miktex\texmfs\install\miktex/bin/x64\cefconv.exe
E:\Projects\paper-latex\paper-latex-3\miktex\texmfs\install\miktex/bin/x64\cefsconv.exe
E:\Projects\paper-latex\paper-latex-3\miktex\texmfs\install\miktex/bin/x64\chktex.exe
E:\Projects\paper-latex\paper-latex-3\miktex\texmfs\install\miktex/bin/x64\ctangle.exe
E:\Projects\paper-latex\paper-latex-3\miktex\texmfs\install\miktex/bin/x64\cweave.exe
E:\Projects\paper-latex\paper-latex-3\miktex\texmfs\install\miktex/bin/x64\devnag.exe
E:\Projects\paper-latex\paper-latex-3\miktex\texmfs\install\miktex/bin/x64\dvicopy.exe
E:\Projects\paper-latex\paper-latex-3\miktex\texmfs\install\miktex/bin/x64\dvipdfm.exe
E:\Projects\paper-latex\paper-latex-3\miktex\texmfs\install\miktex/bin/x64\dvipdfmx.exe
E:\Projects\paper-latex\paper-latex-3\miktex\texmfs\install\miktex/bin/x64\ebb.exe
E:\Projects\paper-latex\paper-latex-3\miktex\texmfs\install\miktex/bin/x64\extractbb.exe
E:\Projects\paper-latex\paper-latex-3\miktex\texmfs\install\miktex/bin/x64\xbb.exe
E:\Projects\paper-latex\paper-latex-3\miktex\texmfs\install\miktex/bin/x64\xdvipdfmx.exe
E:\Projects\paper-latex\paper-latex-3\miktex\texmfs\install\miktex/bin/x64\miktex-xdvipdfmx.exe
E:\Projects\paper-latex\paper-latex-3\miktex\texmfs\install\miktex/bin/x64\dvipdft.exe
E:\Projects\paper-latex\paper-latex-3\miktex\texmfs\install\miktex/bin/x64\dvipng.exe
E:\Projects\paper-latex\paper-latex-3\miktex\texmfs\install\miktex/bin/x64\dvips.exe
E:\Projects\paper-latex\paper-latex-3\miktex\texmfs\install\miktex/bin/x64\dvisvgm.exe
E:\Projects\paper-latex\paper-latex-3\miktex\texmfs\install\miktex/bin/x64\dvitype.exe
E:\Projects\paper-latex\paper-latex-3\miktex\texmfs\install\miktex/bin/x64\epsffit.exe
E:\Projects\paper-latex\paper-latex-3\miktex\texmfs\install\miktex/bin/x64\epstopdf.exe
E:\Projects\paper-latex\paper-latex-3\miktex\texmfs\install\miktex/bin/x64\repstopdf.exe
E:\Projects\paper-latex\paper-latex-3\miktex\texmfs\install\miktex/bin/x64\miktex-epstopdf-unrestricted.exe
E:\Projects\paper-latex\paper-latex-3\miktex\texmfs\install\miktex/bin/x64\eptex.exe
E:\Projects\paper-latex\paper-latex-3\miktex\texmfs\install\miktex/bin/x64\euptex.exe
E:\Projects\paper-latex\paper-latex-3\miktex\texmfs\install\miktex/bin/x64\extconv.exe
E:\Projects\paper-latex\paper-latex-3\miktex\texmfs\install\miktex/bin/x64\fribidixetex.exe
E:\Projects\paper-latex\paper-latex-3\miktex\texmfs\install\miktex/bin/x64\gftodvi.exe
E:\Projects\paper-latex\paper-latex-3\miktex\texmfs\install\miktex/bin/x64\gftopk.exe
E:\Projects\paper-latex\paper-latex-3\miktex\texmfs\install\miktex/bin/x64\gftype.exe
E:\Projects\paper-latex\paper-latex-3\miktex\texmfs\install\miktex/bin/x64\gregorio.exe
E:\Projects\paper-latex\paper-latex-3\miktex\texmfs\install\miktex/bin/x64\hbf2gf.exe
E:\Projects\paper-latex\paper-latex-3\miktex\texmfs\install\miktex/bin/x64\lacheck.exe
E:\Projects\paper-latex\paper-latex-3\miktex\texmfs\install\miktex/bin/x64\makebase.exe
E:\Projects\paper-latex\paper-latex-3\miktex\texmfs\install\miktex/bin/x64\makefmt.exe
E:\Projects\paper-latex\paper-latex-3\miktex\texmfs\install\miktex/bin/x64\makeindex.exe
E:\Projects\paper-latex\paper-latex-3\miktex\texmfs\install\miktex/bin/x64\makepk.exe
E:\Projects\paper-latex\paper-latex-3\miktex\texmfs\install\miktex/bin/x64\maketfm.exe
E:\Projects\paper-latex\paper-latex-3\miktex\texmfs\install\miktex/bin/x64\mft.exe
E:\Projects\paper-latex\paper-latex-3\miktex\texmfs\install\miktex/bin/x64\mf.exe
E:\Projects\paper-latex\paper-latex-3\miktex\texmfs\install\miktex/bin/x64\inimf.exe
E:\Projects\paper-latex\paper-latex-3\miktex\texmfs\install\miktex/bin/x64\virmf.exe
E:\Projects\paper-latex\paper-latex-3\miktex\texmfs\install\miktex/bin/x64\mkocp.exe
E:\Projects\paper-latex\paper-latex-3\miktex\texmfs\install\miktex/bin/x64\dvitomp.exe
E:\Projects\paper-latex\paper-latex-3\miktex\texmfs\install\miktex/bin/x64\mpost.exe
E:\Projects\paper-latex\paper-latex-3\miktex\texmfs\install\miktex/bin/x64\odvicopy.exe
E:\Projects\paper-latex\paper-latex-3\miktex\texmfs\install\miktex/bin/x64\ofm2opl.exe
E:\Projects\paper-latex\paper-latex-3\miktex\texmfs\install\miktex/bin/x64\opl2ofm.exe
E:\Projects\paper-latex\paper-latex-3\miktex\texmfs\install\miktex/bin/x64\otp2ocp.exe
E:\Projects\paper-latex\paper-latex-3\miktex\texmfs\install\miktex/bin/x64\outocp.exe
E:\Projects\paper-latex\paper-latex-3\miktex\texmfs\install\miktex/bin/x64\ovf2ovp.exe
E:\Projects\paper-latex\paper-latex-3\miktex\texmfs\install\miktex/bin/x64\ovp2ovf.exe
E:\Projects\paper-latex\paper-latex-3\miktex\texmfs\install\miktex/bin/x64\patgen.exe
E:\Projects\paper-latex\paper-latex-3\miktex\texmfs\install\miktex/bin/x64\pbibtex.exe
E:\Projects\paper-latex\paper-latex-3\miktex\texmfs\install\miktex/bin/x64\pdftex.exe
E:\Projects\paper-latex\paper-latex-3\miktex\texmfs\install\miktex/bin/x64\miktex-latex.exe
E:\Projects\paper-latex\paper-latex-3\miktex\texmfs\install\miktex/bin/x64\miktex-pdflatex.exe
E:\Projects\paper-latex\paper-latex-3\miktex\texmfs\install\miktex/bin/x64\pdftosrc.exe
E:\Projects\paper-latex\paper-latex-3\miktex\texmfs\install\miktex/bin/x64\pdvitype.exe
E:\Projects\paper-latex\paper-latex-3\miktex\texmfs\install\miktex/bin/x64\pk2bm.exe
E:\Projects\paper-latex\paper-latex-3\miktex\texmfs\install\miktex/bin/x64\pltotf.exe
E:\Projects\paper-latex\paper-latex-3\miktex\texmfs\install\miktex/bin/x64\pmxab.exe
E:\Projects\paper-latex\paper-latex-3\miktex\texmfs\install\miktex/bin/x64\pooltype.exe
E:\Projects\paper-latex\paper-latex-3\miktex\texmfs\install\miktex/bin/x64\ppltotf.exe
E:\Projects\paper-latex\paper-latex-3\miktex\texmfs\install\miktex/bin/x64\prepmx.exe
E:\Projects\paper-latex\paper-latex-3\miktex\texmfs\install\miktex/bin/x64\ps2pk.exe
E:\Projects\paper-latex\paper-latex-3\miktex\texmfs\install\miktex/bin/x64\psbook.exe
E:\Projects\paper-latex\paper-latex-3\miktex\texmfs\install\miktex/bin/x64\psnup.exe
E:\Projects\paper-latex\paper-latex-3\miktex\texmfs\install\miktex/bin/x64\psresize.exe
E:\Projects\paper-latex\paper-latex-3\miktex\texmfs\install\miktex/bin/x64\psselect.exe
E:\Projects\paper-latex\paper-latex-3\miktex\texmfs\install\miktex/bin/x64\pstops.exe
E:\Projects\paper-latex\paper-latex-3\miktex\texmfs\install\miktex/bin/x64\ptex.exe
E:\Projects\paper-latex\paper-latex-3\miktex\texmfs\install\miktex/bin/x64\ptftopl.exe
E:\Projects\paper-latex\paper-latex-3\miktex\texmfs\install\miktex/bin/x64\rebar.exe
E:\Projects\paper-latex\paper-latex-3\miktex\texmfs\install\miktex/bin/x64\scor2prt.exe
E:\Projects\paper-latex\paper-latex-3\miktex\texmfs\install\miktex/bin/x64\sjisconv.exe
E:\Projects\paper-latex\paper-latex-3\miktex\texmfs\install\miktex/bin/x64\synctex.exe
E:\Projects\paper-latex\paper-latex-3\miktex\texmfs\install\miktex/bin/x64\t4ht.exe
E:\Projects\paper-latex\paper-latex-3\miktex\texmfs\install\miktex/bin/x64\tangle.exe
E:\Projects\paper-latex\paper-latex-3\miktex\texmfs\install\miktex/bin/x64\tex2aspc.exe
E:\Projects\paper-latex\paper-latex-3\miktex\texmfs\install\miktex/bin/x64\tex4ht.exe
E:\Projects\paper-latex\paper-latex-3\miktex\texmfs\install\miktex/bin/x64\texworks.exe
E:\Projects\paper-latex\paper-latex-3\miktex\texmfs\install\miktex/bin/x64\tex.exe
E:\Projects\paper-latex\paper-latex-3\miktex\texmfs\install\miktex/bin/x64\initex.exe
E:\Projects\paper-latex\paper-latex-3\miktex\texmfs\install\miktex/bin/x64\virtex.exe
E:\Projects\paper-latex\paper-latex-3\miktex\texmfs\install\miktex/bin/x64\tftopl.exe
E:\Projects\paper-latex\paper-latex-3\miktex\texmfs\install\miktex/bin/x64\ttf2afm.exe
E:\Projects\paper-latex\paper-latex-3\miktex\texmfs\install\miktex/bin/x64\ttf2pk.exe
E:\Projects\paper-latex\paper-latex-3\miktex\texmfs\install\miktex/bin/x64\ttf2tfm.exe
E:\Projects\paper-latex\paper-latex-3\miktex\texmfs\install\miktex/bin/x64\upbibtex.exe
E:\Projects\paper-latex\paper-latex-3\miktex\texmfs\install\miktex/bin/x64\updvitype.exe
E:\Projects\paper-latex\paper-latex-3\miktex\texmfs\install\miktex/bin/x64\uppltotf.exe
E:\Projects\paper-latex\paper-latex-3\miktex\texmfs\install\miktex/bin/x64\uptex.exe
E:\Projects\paper-latex\paper-latex-3\miktex\texmfs\install\miktex/bin/x64\uptftopl.exe
E:\Projects\paper-latex\paper-latex-3\miktex\texmfs\install\miktex/bin/x64\upmendex.exe
E:\Projects\paper-latex\paper-latex-3\miktex\texmfs\install\miktex/bin/x64\vftovp.exe
E:\Projects\paper-latex\paper-latex-3\miktex\texmfs\install\miktex/bin/x64\vptovf.exe
E:\Projects\paper-latex\paper-latex-3\miktex\texmfs\install\miktex/bin/x64\weave.exe
E:\Projects\paper-latex\paper-latex-3\miktex\texmfs\install\miktex/bin/x64\xetex.exe
E:\Projects\paper-latex\paper-latex-3\miktex\texmfs\install\miktex/bin/x64\miktex-xelatex.exe
E:\Projects\paper-latex\paper-latex-3\miktex\texmfs\install\miktex/bin/x64\xml2pmx.exe
E:\Projects\paper-latex\paper-latex-3\miktex\texmfs\install\miktex/bin/x64\rungs.exe
E:\Projects\paper-latex\paper-latex-3\miktex\texmfs\install\miktex/bin/x64\kpsewhich.exe
E:\Projects\paper-latex\paper-latex-3\miktex\texmfs\install\miktex/bin/x64\mktexlsr.exe
E:\Projects\paper-latex\paper-latex-3\miktex\texmfs\install\miktex/bin/x64\texhash.exe
E:\Projects\paper-latex\paper-latex-3\miktex\texmfs\install\miktex/bin/x64\texlinks.exe
E:\Projects\paper-latex\paper-latex-3\miktex\texmfs\install\miktex/bin/x64\updmap.exe
E:\Projects\paper-latex\paper-latex-3\miktex\texmfs\install\miktex/bin/x64\texdoc.exe
E:\Projects\paper-latex\paper-latex-3\miktex\texmfs\install\miktex/bin/x64\pdfattach.exe
E:\Projects\paper-latex\paper-latex-3\miktex\texmfs\install\miktex/bin/x64\pdfdetach.exe
E:\Projects\paper-latex\paper-latex-3\miktex\texmfs\install\miktex/bin/x64\pdffonts.exe
E:\Projects\paper-latex\paper-latex-3\miktex\texmfs\install\miktex/bin/x64\pdfimages.exe
E:\Projects\paper-latex\paper-latex-3\miktex\texmfs\install\miktex/bin/x64\pdfinfo.exe
E:\Projects\paper-latex\paper-latex-3\miktex\texmfs\install\miktex/bin/x64\pdfseparate.exe
E:\Projects\paper-latex\paper-latex-3\miktex\texmfs\install\miktex/bin/x64\pdftocairo.exe
E:\Projects\paper-latex\paper-latex-3\miktex\texmfs\install\miktex/bin/x64\pdftohtml.exe
E:\Projects\paper-latex\paper-latex-3\miktex\texmfs\install\miktex/bin/x64\pdftoppm.exe
E:\Projects\paper-latex\paper-latex-3\miktex\texmfs\install\miktex/bin/x64\pdftops.exe
E:\Projects\paper-latex\paper-latex-3\miktex\texmfs\install\miktex/bin/x64\pdftotext.exe
E:\Projects\paper-latex\paper-latex-3\miktex\texmfs\install\miktex/bin/x64\pdfunite.exe
E:\Projects\paper-latex\paper-latex-3\miktex\texmfs\install\miktex/bin/x64\fc-cache.exe
E:\Projects\paper-latex\paper-latex-3\miktex\texmfs\install\miktex/bin/x64\fc-cat.exe
E:\Projects\paper-latex\paper-latex-3\miktex\texmfs\install\miktex/bin/x64\fc-conflist.exe
E:\Projects\paper-latex\paper-latex-3\miktex\texmfs\install\miktex/bin/x64\fc-list.exe
E:\Projects\paper-latex\paper-latex-3\miktex\texmfs\install\miktex/bin/x64\fc-match.exe
E:\Projects\paper-latex\paper-latex-3\miktex\texmfs\install\miktex/bin/x64\fc-pattern.exe
E:\Projects\paper-latex\paper-latex-3\miktex\texmfs\install\miktex/bin/x64\fc-query.exe
E:\Projects\paper-latex\paper-latex-3\miktex\texmfs\install\miktex/bin/x64\fc-scan.exe
E:\Projects\paper-latex\paper-latex-3\miktex\texmfs\install\miktex/bin/x64\fc-validate.exe
E:\Projects\paper-latex\paper-latex-3\miktex\texmfs\install\miktex/bin/x64\cfftot1.exe
E:\Projects\paper-latex\paper-latex-3\miktex\texmfs\install\miktex/bin/x64\mmafm.exe
E:\Projects\paper-latex\paper-latex-3\miktex\texmfs\install\miktex/bin/x64\mmpfb.exe
E:\Projects\paper-latex\paper-latex-3\miktex\texmfs\install\miktex/bin/x64\otfinfo.exe
E:\Projects\paper-latex\paper-latex-3\miktex\texmfs\install\miktex/bin/x64\otftotfm.exe
E:\Projects\paper-latex\paper-latex-3\miktex\texmfs\install\miktex/bin/x64\t1dotlessj.exe
E:\Projects\paper-latex\paper-latex-3\miktex\texmfs\install\miktex/bin/x64\t1lint.exe
E:\Projects\paper-latex\paper-latex-3\miktex\texmfs\install\miktex/bin/x64\t1rawafm.exe
E:\Projects\paper-latex\paper-latex-3\miktex\texmfs\install\miktex/bin/x64\t1reencode.exe
E:\Projects\paper-latex\paper-latex-3\miktex\texmfs\install\miktex/bin/x64\t1testpage.exe
E:\Projects\paper-latex\paper-latex-3\miktex\texmfs\install\miktex/bin/x64\ttftotype42.exe
E:\Projects\paper-latex\paper-latex-3\miktex\texmfs\install\miktex/bin/x64\zip.exe
E:\Projects\paper-latex\paper-latex-3\miktex\texmfs\install\miktex/bin/x64\miktex-taskbar-icon.exe
E:\Projects\paper-latex\paper-latex-3\miktex\texmfs\install\miktex/bin/x64\miktex-update.exe
E:\Projects\paper-latex\paper-latex-3\miktex\texmfs\install\miktex/bin/x64\miktex-update_admin.exe
E:\Projects\paper-latex\paper-latex-3\miktex\texmfs\install\miktex/bin/x64\luahbtex.exe
E:\Projects\paper-latex\paper-latex-3\miktex\texmfs\install\miktex/bin/x64\miktex-lualatex.exe
E:\Projects\paper-latex\paper-latex-3\miktex\texmfs\install\miktex/bin/x64\miktex-texlua.exe
E:\Projects\paper-latex\paper-latex-3\miktex\texmfs\install\miktex/bin/x64\miktex-texluac.exe
E:\Projects\paper-latex\paper-latex-3\miktex\texmfs\install\miktex/bin/x64\luatex.exe
E:\Projects\paper-latex\paper-latex-3\miktex\texmfs\install\miktex/bin/x64\texlua.exe
E:\Projects\paper-latex\paper-latex-3\miktex\texmfs\install\miktex/bin/x64\texluac.exe
E:\Projects\paper-latex\paper-latex-3\miktex\texmfs\install\miktex/bin/x64\latex-dev.exe
E:\Projects\paper-latex\paper-latex-3\miktex\texmfs\install\miktex/bin/x64\amstex.exe
E:\Projects\paper-latex\paper-latex-3\miktex\texmfs\install\miktex/bin/x64\lualatex-dev.exe
E:\Projects\paper-latex\paper-latex-3\miktex\texmfs\install\miktex/bin/x64\pdfcslatex.exe
E:\Projects\paper-latex\paper-latex-3\miktex\texmfs\install\miktex/bin/x64\pdfcsplain.exe
E:\Projects\paper-latex\paper-latex-3\miktex\texmfs\install\miktex/bin/x64\dviluatex.exe
E:\Projects\paper-latex\paper-latex-3\miktex\texmfs\install\miktex/bin/x64\csplain.exe
E:\Projects\paper-latex\paper-latex-3\miktex\texmfs\install\miktex/bin/x64\cslatex.exe
E:\Projects\paper-latex\paper-latex-3\miktex\texmfs\install\miktex/bin/x64\mltex.exe
E:\Projects\paper-latex\paper-latex-3\miktex\texmfs\install\miktex/bin/x64\bagpipe.exe
E:\Projects\paper-latex\paper-latex-3\miktex\texmfs\install\miktex/bin/x64\lualatex.exe
E:\Projects\paper-latex\paper-latex-3\miktex\texmfs\install\miktex/bin/x64\bplain.exe
E:\Projects\paper-latex\paper-latex-3\miktex\texmfs\install\miktex/bin/x64\optex.exe
E:\Projects\paper-latex\paper-latex-3\miktex\texmfs\install\miktex/bin/x64\bagpipex.exe
E:\Projects\paper-latex\paper-latex-3\miktex\texmfs\install\miktex/bin/x64\dvilualatex.exe
E:\Projects\paper-latex\paper-latex-3\miktex\texmfs\install\miktex/bin/x64\uptex.exe
E:\Projects\paper-latex\paper-latex-3\miktex\texmfs\install\miktex/bin/x64\etex.exe
E:\Projects\paper-latex\paper-latex-3\miktex\texmfs\install\miktex/bin/x64\jadetex.exe
E:\Projects\paper-latex\paper-latex-3\miktex\texmfs\install\miktex/bin/x64\latex.exe
E:\Projects\paper-latex\paper-latex-3\miktex\texmfs\install\miktex/bin/x64\luahblatex-dev.exe
E:\Projects\paper-latex\paper-latex-3\miktex\texmfs\install\miktex/bin/x64\luahblatex.exe
E:\Projects\paper-latex\paper-latex-3\miktex\texmfs\install\miktex/bin/x64\utf8mex.exe
E:\Projects\paper-latex\paper-latex-3\miktex\texmfs\install\miktex/bin/x64\luahbtex.exe
E:\Projects\paper-latex\paper-latex-3\miktex\texmfs\install\miktex/bin/x64\uplatex-dev.exe
E:\Projects\paper-latex\paper-latex-3\miktex\texmfs\install\miktex/bin/x64\luatex.exe
E:\Projects\paper-latex\paper-latex-3\miktex\texmfs\install\miktex/bin/x64\mf.exe
E:\Projects\paper-latex\paper-latex-3\miktex\texmfs\install\miktex/bin/x64\mllatex.exe
E:\Projects\paper-latex\paper-latex-3\miktex\texmfs\install\miktex/bin/x64\eptex.exe
E:\Projects\paper-latex\paper-latex-3\miktex\texmfs\install\miktex/bin/x64\pdfetex.exe
E:\Projects\paper-latex\paper-latex-3\miktex\texmfs\install\miktex/bin/x64\pdfjadetex.exe
E:\Projects\paper-latex\paper-latex-3\miktex\texmfs\install\miktex/bin/x64\pdflatex-dev.exe
E:\Projects\paper-latex\paper-latex-3\miktex\texmfs\install\miktex/bin/x64\dvilualollipop.exe
E:\Projects\paper-latex\paper-latex-3\miktex\texmfs\install\miktex/bin/x64\pdflatex.exe
E:\Projects\paper-latex\paper-latex-3\miktex\texmfs\install\miktex/bin/x64\lualollipop.exe
E:\Projects\paper-latex\paper-latex-3\miktex\texmfs\install\miktex/bin/x64\pdftex.exe
E:\Projects\paper-latex\paper-latex-3\miktex\texmfs\install\miktex/bin/x64\ptex.exe
E:\Projects\paper-latex\paper-latex-3\miktex\texmfs\install\miktex/bin/x64\xelatex.exe
E:\Projects\paper-latex\paper-latex-3\miktex\texmfs\install\miktex/bin/x64\euptex.exe
E:\Projects\paper-latex\paper-latex-3\miktex\texmfs\install\miktex/bin/x64\platex.exe
E:\Projects\paper-latex\paper-latex-3\miktex\texmfs\install\miktex/bin/x64\platex-dev.exe
E:\Projects\paper-latex\paper-latex-3\miktex\texmfs\install\miktex/bin/x64\uplatex.exe
E:\Projects\paper-latex\paper-latex-3\miktex\texmfs\install\miktex/bin/x64\tex.exe
E:\Projects\paper-latex\paper-latex-3\miktex\texmfs\install\miktex/bin/x64\xmltex.exe
E:\Projects\paper-latex\paper-latex-3\miktex\texmfs\install\miktex/bin/x64\pdfxmltex.exe
E:\Projects\paper-latex\paper-latex-3\miktex\texmfs\install\miktex/bin/x64\xetex.exe
E:\Projects\paper-latex\paper-latex-3\miktex\texmfs\install\miktex/bin/x64\xelatex-dev.exe
E:\Projects\paper-latex\paper-latex-3\miktex\texmfs\install\miktex/bin/x64\dvilollipop.exe
E:\Projects\paper-latex\paper-latex-3\miktex\texmfs\install\miktex/bin/x64\lollipop.exe
E:\Projects\paper-latex\paper-latex-3\miktex\texmfs\install\miktex/bin/x64\a5toa4.exe
E:\Projects\paper-latex\paper-latex-3\miktex\texmfs\install\miktex/bin/x64\mkcharacters.exe
E:\Projects\paper-latex\paper-latex-3\miktex\texmfs\install\miktex/bin/x64\checkcites.exe
E:\Projects\paper-latex\paper-latex-3\miktex\texmfs\install\miktex/bin/x64\luamesh.exe
E:\Projects\paper-latex\paper-latex-3\miktex\texmfs\install\miktex/bin/x64\l3build.exe
E:\Projects\paper-latex\paper-latex-3\miktex\texmfs\install\miktex/bin/x64\cluttex.exe
E:\Projects\paper-latex\paper-latex-3\miktex\texmfs\install\miktex/bin/x64\ctanbib.exe
E:\Projects\paper-latex\paper-latex-3\miktex\texmfs\install\miktex/bin/x64\llmk.exe
E:\Projects\paper-latex\paper-latex-3\miktex\texmfs\install\miktex/bin/x64\epspdf.exe
E:\Projects\paper-latex\paper-latex-3\miktex\texmfs\install\miktex/bin/x64\getmapdl.exe
E:\Projects\paper-latex\paper-latex-3\miktex\texmfs\install\miktex/bin/x64\luacolor.exe
E:\Projects\paper-latex\paper-latex-3\miktex\texmfs\install\miktex/bin/x64\luafindfont.exe
E:\Projects\paper-latex\paper-latex-3\miktex\texmfs\install\miktex/bin/x64\luaotfload-tool.exe
E:\Projects\paper-latex\paper-latex-3\miktex\texmfs\install\miktex/bin/x64\lyluatex.exe
E:\Projects\paper-latex\paper-latex-3\miktex\texmfs\install\miktex/bin/x64\lwarpmk.exe
E:\Projects\paper-latex\paper-latex-3\miktex\texmfs\install\miktex/bin/x64\m-tx.exe
E:\Projects\paper-latex\paper-latex-3\miktex\texmfs\install\miktex/bin/x64\magicnum.exe
E:\Projects\paper-latex\paper-latex-3\miktex\texmfs\install\miktex/bin/x64\make4ht.exe
E:\Projects\paper-latex\paper-latex-3\miktex\texmfs\install\miktex/bin/x64\makeglossaries-lite.exe
E:\Projects\paper-latex\paper-latex-3\miktex\texmfs\install\miktex/bin/x64\xindex.exe
E:\Projects\paper-latex\paper-latex-3\miktex\texmfs\install\miktex/bin/x64\mkglyphlist.exe
E:\Projects\paper-latex\paper-latex-3\miktex\texmfs\install\miktex/bin/x64\mkluatexfontdb.exe
E:\Projects\paper-latex\paper-latex-3\miktex\texmfs\install\miktex/bin/x64\musixflx.exe
E:\Projects\paper-latex\paper-latex-3\miktex\texmfs\install\miktex/bin/x64\musixtex.exe
E:\Projects\paper-latex\paper-latex-3\miktex\texmfs\install\miktex/bin/x64\pfarrei.exe
E:\Projects\paper-latex\paper-latex-3\miktex\texmfs\install\miktex/bin/x64\ptex2pdf.exe
E:\Projects\paper-latex\paper-latex-3\miktex\texmfs\install\miktex/bin/x64\songidx.exe
E:\Projects\paper-latex\paper-latex-3\miktex\texmfs\install\miktex/bin/x64\tex4ebook.exe
E:\Projects\paper-latex\paper-latex-3\miktex\texmfs\install\miktex/bin/x64\latexpand.exe
E:\Projects\paper-latex\paper-latex-3\miktex\texmfs\install\miktex/bin/x64\authorindex.exe
E:\Projects\paper-latex\paper-latex-3\miktex\texmfs\install\miktex/bin/x64\ctan-o-mat.exe
E:\Projects\paper-latex\paper-latex-3\miktex\texmfs\install\miktex/bin/x64\arlatex.exe
E:\Projects\paper-latex\paper-latex-3\miktex\texmfs\install\miktex/bin/x64\abs2rel.exe
E:\Projects\paper-latex\paper-latex-3\miktex\texmfs\install\miktex/bin/x64\a2ping.exe
E:\Projects\paper-latex\paper-latex-3\miktex\texmfs\install\miktex/bin/x64\bib2xhtml.exe
E:\Projects\paper-latex\paper-latex-3\miktex\texmfs\install\miktex/bin/x64\komkindex.exe
E:\Projects\paper-latex\paper-latex-3\miktex\texmfs\install\miktex/bin/x64\findhyph.exe
E:\Projects\paper-latex\paper-latex-3\miktex\texmfs\install\miktex/bin/x64\ctanify.exe
E:\Projects\paper-latex\paper-latex-3\miktex\texmfs\install\miktex/bin/x64\afm2afm.exe
E:\Projects\paper-latex\paper-latex-3\miktex\texmfs\install\miktex/bin/x64\ltximg.exe
E:\Projects\paper-latex\paper-latex-3\miktex\texmfs\install\miktex/bin/x64\csvtools.exe
E:\Projects\paper-latex\paper-latex-3\miktex\texmfs\install\miktex/bin/x64\autoinst.exe
E:\Projects\paper-latex\paper-latex-3\miktex\texmfs\install\miktex/bin/x64\fullref.exe
E:\Projects\paper-latex\paper-latex-3\miktex\texmfs\install\miktex/bin/x64\bibdoiadd.exe
E:\Projects\paper-latex\paper-latex-3\miktex\texmfs\install\miktex/bin/x64\mf2pt1.exe
E:\Projects\paper-latex\paper-latex-3\miktex\texmfs\install\miktex/bin/x64\bibhtml.exe
E:\Projects\paper-latex\paper-latex-3\miktex\texmfs\install\miktex/bin/x64\bundledoc.exe
E:\Projects\paper-latex\paper-latex-3\miktex\texmfs\install\miktex/bin/x64\bibzbladd.exe
E:\Projects\paper-latex\paper-latex-3\miktex\texmfs\install\miktex/bin/x64\birm.exe
E:\Projects\paper-latex\paper-latex-3\miktex\texmfs\install\miktex/bin/x64\mfirstuc.exe
E:\Projects\paper-latex\paper-latex-3\miktex\texmfs\install\miktex/bin/x64\ibyhyph.exe
E:\Projects\paper-latex\paper-latex-3\miktex\texmfs\install\miktex/bin/x64\chklref.exe
E:\Projects\paper-latex\paper-latex-3\miktex\texmfs\install\miktex/bin/x64\cjk-gs-integrate.exe
E:\Projects\paper-latex\paper-latex-3\miktex\texmfs\install\miktex/bin/x64\creatdtx.exe
E:\Projects\paper-latex\paper-latex-3\miktex\texmfs\install\miktex/bin/x64\ctanupload.exe
E:\Projects\paper-latex\paper-latex-3\miktex\texmfs\install\miktex/bin/x64\htmove.exe
E:\Projects\paper-latex\paper-latex-3\miktex\texmfs\install\miktex/bin/x64\dad-to-utf8.exe
E:\Projects\paper-latex\paper-latex-3\miktex\texmfs\install\miktex/bin/x64\dosepsbin.exe
E:\Projects\paper-latex\paper-latex-3\miktex\texmfs\install\miktex/bin/x64\dviinfox.exe
E:\Projects\paper-latex\paper-latex-3\miktex\texmfs\install\miktex/bin/x64\htcopy.exe
E:\Projects\paper-latex\paper-latex-3\miktex\texmfs\install\miktex/bin/x64\etexdef.exe
E:\Projects\paper-latex\paper-latex-3\miktex\texmfs\install\miktex/bin/x64\latexindent.exe
E:\Projects\paper-latex\paper-latex-3\miktex\texmfs\install\miktex/bin/x64\latexdiff-fast.exe
E:\Projects\paper-latex\paper-latex-3\miktex\texmfs\install\miktex/bin/x64\exceltex.exe
E:\Projects\paper-latex\paper-latex-3\miktex\texmfs\install\miktex/bin/x64\extractres.exe
E:\Projects\paper-latex\paper-latex-3\miktex\texmfs\install\miktex/bin/x64\feynmf.exe
E:\Projects\paper-latex\paper-latex-3\miktex\texmfs\install\miktex/bin/x64\fig4latex.exe
E:\Projects\paper-latex\paper-latex-3\miktex\texmfs\install\miktex/bin/x64\ketcindy.exe
E:\Projects\paper-latex\paper-latex-3\miktex\texmfs\install\miktex/bin/x64\isi2bibtex.exe
E:\Projects\paper-latex\paper-latex-3\miktex\texmfs\install\miktex/bin/x64\jamo-normalize.exe
E:\Projects\paper-latex\paper-latex-3\miktex\texmfs\install\miktex/bin/x64\latexdiff.exe
E:\Projects\paper-latex\paper-latex-3\miktex\texmfs\install\miktex/bin/x64\jfmutil.exe
E:\Projects\paper-latex\paper-latex-3\miktex\texmfs\install\miktex/bin/x64\texdirflatten.exe
E:\Projects\paper-latex\paper-latex-3\miktex\texmfs\install\miktex/bin/x64\makejmlrbook.exe
E:\Projects\paper-latex\paper-latex-3\miktex\texmfs\install\miktex/bin/x64\luatexdef.exe
E:\Projects\paper-latex\paper-latex-3\miktex\texmfs\install\miktex/bin/x64\latex-git-log.exe
E:\Projects\paper-latex\paper-latex-3\miktex\texmfs\install\miktex/bin/x64\makedtx.exe
E:\Projects\paper-latex\paper-latex-3\miktex\texmfs\install\miktex/bin/x64\pdftexdef.exe
E:\Projects\paper-latex\paper-latex-3\miktex\texmfs\install\miktex/bin/x64\latex2man.exe
E:\Projects\paper-latex\paper-latex-3\miktex\texmfs\install\miktex/bin/x64\latexdef.exe
E:\Projects\paper-latex\paper-latex-3\miktex\texmfs\install\miktex/bin/x64\latexdiff-so.exe
E:\Projects\paper-latex\paper-latex-3\miktex\texmfs\install\miktex/bin/x64\latexdiff-vc.exe
E:\Projects\paper-latex\paper-latex-3\miktex\texmfs\install\miktex/bin/x64\mk4ht.exe
E:\Projects\paper-latex\paper-latex-3\miktex\texmfs\install\miktex/bin/x64\latexmk.exe
E:\Projects\paper-latex\paper-latex-3\miktex\texmfs\install\miktex/bin/x64\mathspic113.exe
E:\Projects\paper-latex\paper-latex-3\miktex\texmfs\install\miktex/bin/x64\makeglossaries.exe
E:\Projects\paper-latex\paper-latex-3\miktex\texmfs\install\miktex/bin/x64\latexrevise.exe
E:\Projects\paper-latex\paper-latex-3\miktex\texmfs\install\miktex/bin/x64\ltx2crossrefxml.exe
E:\Projects\paper-latex\paper-latex-3\miktex\texmfs\install\miktex/bin/x64\lualatexdef.exe
E:\Projects\paper-latex\paper-latex-3\miktex\texmfs\install\miktex/bin/x64\mathspic.exe
E:\Projects\paper-latex\paper-latex-3\miktex\texmfs\install\miktex/bin/x64\mkjobtexmf.exe
E:\Projects\paper-latex\paper-latex-3\miktex\texmfs\install\miktex/bin/x64\mkt1font.exe
E:\Projects\paper-latex\paper-latex-3\miktex\texmfs\install\miktex/bin/x64\mptopdf.exe
E:\Projects\paper-latex\paper-latex-3\miktex\texmfs\install\miktex/bin/x64\OOopict.exe
E:\Projects\paper-latex\paper-latex-3\miktex\texmfs\install\miktex/bin/x64\orderrefs.exe
E:\Projects\paper-latex\paper-latex-3\miktex\texmfs\install\miktex/bin/x64\ot2kpx.exe
E:\Projects\paper-latex\paper-latex-3\miktex\texmfs\install\miktex/bin/x64\pdfatfi.exe
E:\Projects\paper-latex\paper-latex-3\miktex\texmfs\install\miktex/bin/x64\pdfcrop.exe
E:\Projects\paper-latex\paper-latex-3\miktex\texmfs\install\miktex/bin/x64\pdflatexdef.exe
E:\Projects\paper-latex\paper-latex-3\miktex\texmfs\install\miktex/bin/x64\pdflatexpicscale.exe
E:\Projects\paper-latex\paper-latex-3\miktex\texmfs\install\miktex/bin/x64\pedigree.exe
E:\Projects\paper-latex\paper-latex-3\miktex\texmfs\install\miktex/bin/x64\perltex.exe
E:\Projects\paper-latex\paper-latex-3\miktex\texmfs\install\miktex/bin/x64\pkfix.exe
E:\Projects\paper-latex\paper-latex-3\miktex\texmfs\install\miktex/bin/x64\pkfix-helper.exe
E:\Projects\paper-latex\paper-latex-3\miktex\texmfs\install\miktex/bin/x64\pn2pdf.exe
E:\Projects\paper-latex\paper-latex-3\miktex\texmfs\install\miktex/bin/x64\psjoin.exe
E:\Projects\paper-latex\paper-latex-3\miktex\texmfs\install\miktex/bin/x64\pst2pdf.exe
E:\Projects\paper-latex\paper-latex-3\miktex\texmfs\install\miktex/bin/x64\rcsinfo.exe
E:\Projects\paper-latex\paper-latex-3\miktex\texmfs\install\miktex/bin/x64\rubikrotation.exe
E:\Projects\paper-latex\paper-latex-3\miktex\texmfs\install\miktex/bin/x64\splitindex.exe
E:\Projects\paper-latex\paper-latex-3\miktex\texmfs\install\miktex/bin/x64\srcredact.exe
E:\Projects\paper-latex\paper-latex-3\miktex\texmfs\install\miktex/bin/x64\sty2dtx.exe
E:\Projects\paper-latex\paper-latex-3\miktex\texmfs\install\miktex/bin/x64\svn-multi.exe
E:\Projects\paper-latex\paper-latex-3\miktex\texmfs\install\miktex/bin/x64\texcount.exe
E:\Projects\paper-latex\paper-latex-3\miktex\texmfs\install\miktex/bin/x64\texdef.exe
E:\Projects\paper-latex\paper-latex-3\miktex\texmfs\install\miktex/bin/x64\texdiff.exe
E:\Projects\paper-latex\paper-latex-3\miktex\texmfs\install\miktex/bin/x64\texfot.exe
E:\Projects\paper-latex\paper-latex-3\miktex\texmfs\install\miktex/bin/x64\texindy.exe
E:\Projects\paper-latex\paper-latex-3\miktex\texmfs\install\miktex/bin/x64\texloganalyser.exe
E:\Projects\paper-latex\paper-latex-3\miktex\texmfs\install\miktex/bin/x64\thumbpdf.exe
E:\Projects\paper-latex\paper-latex-3\miktex\texmfs\install\miktex/bin/x64\ttf2kotexfont.exe
E:\Projects\paper-latex\paper-latex-3\miktex\texmfs\install\miktex/bin/x64\txt2qq.exe
E:\Projects\paper-latex\paper-latex-3\miktex\texmfs\install\miktex/bin/x64\urlbst.exe
E:\Projects\paper-latex\paper-latex-3\miktex\texmfs\install\miktex/bin/x64\utf8-to-dad.exe
E:\Projects\paper-latex\paper-latex-3\miktex\texmfs\install\miktex/bin/x64\vpe.exe
E:\Projects\paper-latex\paper-latex-3\miktex\texmfs\install\miktex/bin/x64\vpl2ovp.exe
E:\Projects\paper-latex\paper-latex-3\miktex\texmfs\install\miktex/bin/x64\vpl2vpl.exe
E:\Projects\paper-latex\paper-latex-3\miktex\texmfs\install\miktex/bin/x64\xdv2pdf_mergemarks.exe
E:\Projects\paper-latex\paper-latex-3\miktex\texmfs\install\miktex/bin/x64\xelatexdef.exe
E:\Projects\paper-latex\paper-latex-3\miktex\texmfs\install\miktex/bin/x64\xetexdef.exe
E:\Projects\paper-latex\paper-latex-3\miktex\texmfs\install\miktex/bin/x64\xindy.exe
E:\Projects\paper-latex\paper-latex-3\miktex\texmfs\install\miktex/bin/x64\biokey2html.exe
E:\Projects\paper-latex\paper-latex-3\miktex\texmfs\install\miktex/bin/x64\dumphint.exe
E:\Projects\paper-latex\paper-latex-3\miktex\texmfs\install\miktex/bin/x64\ps2pdf14.exe
E:\Projects\paper-latex\paper-latex-3\miktex\texmfs\install\miktex/bin/x64\gsnd.exe
E:\Projects\paper-latex\paper-latex-3\miktex\texmfs\install\miktex/bin/x64\eps2eps.exe
E:\Projects\paper-latex\paper-latex-3\miktex\texmfs\install\miktex/bin/x64\ps2ps2.exe
E:\Projects\paper-latex\paper-latex-3\miktex\texmfs\install\miktex/bin/x64\gsbj.exe
E:\Projects\paper-latex\paper-latex-3\miktex\texmfs\install\miktex/bin/x64\gssetgs.exe
E:\Projects\paper-latex\paper-latex-3\miktex\texmfs\install\miktex/bin/x64\font2c.exe
E:\Projects\paper-latex\paper-latex-3\miktex\texmfs\install\miktex/bin/x64\ps2ascii.exe
E:\Projects\paper-latex\paper-latex-3\miktex\texmfs\install\miktex/bin/x64\gslj.exe
E:\Projects\paper-latex\paper-latex-3\miktex\texmfs\install\miktex/bin/x64\lpr2.exe
E:\Projects\paper-latex\paper-latex-3\miktex\texmfs\install\miktex/bin/x64\gst.exe
E:\Projects\paper-latex\paper-latex-3\miktex\texmfs\install\miktex/bin/x64\gsdj.exe
E:\Projects\paper-latex\paper-latex-3\miktex\texmfs\install\miktex/bin/x64\gsdj500.exe
E:\Projects\paper-latex\paper-latex-3\miktex\texmfs\install\miktex/bin/x64\gslp.exe
E:\Projects\paper-latex\paper-latex-3\miktex\texmfs\install\miktex/bin/x64\lpgs.exe
E:\Projects\paper-latex\paper-latex-3\miktex\texmfs\install\miktex/bin/x64\gsndt.exe
E:\Projects\paper-latex\paper-latex-3\miktex\texmfs\install\miktex/bin/x64\wmakebat.exe
E:\Projects\paper-latex\paper-latex-3\miktex\texmfs\install\miktex/bin/x64\pf2afm.exe
E:\Projects\paper-latex\paper-latex-3\miktex\texmfs\install\miktex/bin/x64\gstt.exe
E:\Projects\paper-latex\paper-latex-3\miktex\texmfs\install\miktex/bin/x64\httexi.exe
E:\Projects\paper-latex\paper-latex-3\miktex\texmfs\install\miktex/bin/x64\ht.exe
E:\Projects\paper-latex\paper-latex-3\miktex\texmfs\install\miktex/bin/x64\ps2pdf.exe
E:\Projects\paper-latex\paper-latex-3\miktex\texmfs\install\miktex/bin/x64\htcontext.exe
E:\Projects\paper-latex\paper-latex-3\miktex\texmfs\install\miktex/bin/x64\ps2ps.exe
E:\Projects\paper-latex\paper-latex-3\miktex\texmfs\install\miktex/bin/x64\htlatex.exe
E:\Projects\paper-latex\paper-latex-3\miktex\texmfs\install\miktex/bin/x64\pdf2dsc.exe
E:\Projects\paper-latex\paper-latex-3\miktex\texmfs\install\miktex/bin/x64\htmex.exe
E:\Projects\paper-latex\paper-latex-3\miktex\texmfs\install\miktex/bin/x64\httex.exe
E:\Projects\paper-latex\paper-latex-3\miktex\texmfs\install\miktex/bin/x64\htxelatex.exe
E:\Projects\paper-latex\paper-latex-3\miktex\texmfs\install\miktex/bin/x64\htxetex.exe
E:\Projects\paper-latex\paper-latex-3\miktex\texmfs\install\miktex/bin/x64\pdf2ps.exe
E:\Projects\paper-latex\paper-latex-3\miktex\texmfs\install\miktex/bin/x64\lp386.exe
E:\Projects\paper-latex\paper-latex-3\miktex\texmfs\install\miktex/bin/x64\lp386r2.exe
E:\Projects\paper-latex\paper-latex-3\miktex\texmfs\install\miktex/bin/x64\pdfopt.exe
E:\Projects\paper-latex\paper-latex-3\miktex\texmfs\install\miktex/bin/x64\pfbtopfa.exe
E:\Projects\paper-latex\paper-latex-3\miktex\texmfs\install\miktex/bin/x64\pftogsf.exe
E:\Projects\paper-latex\paper-latex-3\miktex\texmfs\install\miktex/bin/x64\ps2epsi.exe
E:\Projects\paper-latex\paper-latex-3\miktex\texmfs\install\miktex/bin/x64\ps2pdf12.exe
E:\Projects\paper-latex\paper-latex-3\miktex\texmfs\install\miktex/bin/x64\ps2pdf13.exe
E:\Projects\paper-latex\paper-latex-3\miktex\texmfs\install\miktex/bin/x64\ps2pdfxx.exe
E:\Projects\paper-latex\paper-latex-3\miktex\texmfs\install\miktex/bin/x64\ps4pdf.exe
E:\Projects\paper-latex\paper-latex-3\miktex\texmfs\install\miktex/bin/x64\de-macro.exe
E:\Projects\paper-latex\paper-latex-3\miktex\texmfs\install\miktex/bin/x64\merge-tex.exe
E:\Projects\paper-latex\paper-latex-3\miktex\texmfs\install\miktex/bin/x64\gfi-run.exe
E:\Projects\paper-latex\paper-latex-3\miktex\texmfs\install\miktex/bin/x64\latex-papersize.exe
E:\Projects\paper-latex\paper-latex-3\miktex\texmfs\install\miktex/bin/x64\depythontex.exe
E:\Projects\paper-latex\paper-latex-3\miktex\texmfs\install\miktex/bin/x64\dviasm.exe
E:\Projects\paper-latex\paper-latex-3\miktex\texmfs\install\miktex/bin/x64\pypostproc.exe
E:\Projects\paper-latex\paper-latex-3\miktex\texmfs\install\miktex/bin/x64\mgetmref.exe
E:\Projects\paper-latex\paper-latex-3\miktex\texmfs\install\miktex/bin/x64\optexcount.exe
E:\Projects\paper-latex\paper-latex-3\miktex\texmfs\install\miktex/bin/x64\pdfbook2.exe
E:\Projects\paper-latex\paper-latex-3\miktex\texmfs\install\miktex/bin/x64\pgfplots.exe
E:\Projects\paper-latex\paper-latex-3\miktex\texmfs\install\miktex/bin/x64\pygmentex.exe
E:\Projects\paper-latex\paper-latex-3\miktex\texmfs\install\miktex/bin/x64\pypreproc.exe
E:\Projects\paper-latex\paper-latex-3\miktex\texmfs\install\miktex/bin/x64\pythontex.exe
E:\Projects\paper-latex\paper-latex-3\miktex\texmfs\install\miktex/bin/x64\spix.exe
E:\Projects\paper-latex\paper-latex-3\miktex\texmfs\install\miktex/bin/x64\webquiz.exe
E:\Projects\paper-latex\paper-latex-3\miktex\texmfs\install\miktex/bin/x64\biber.exe
E:\Projects\paper-latex\paper-latex-3\miktex\texmfs\install\miktex/bin/x64\latex2nemeth.exe
E:\Projects\paper-latex\paper-latex-3\miktex\texmfs\install\miktex/bin/x64\bib2gls.exe
E:\Projects\paper-latex\paper-latex-3\miktex\texmfs\install\miktex/bin/x64\arara.exe
E:\Projects\paper-latex\paper-latex-3\miktex\texmfs\install\miktex/bin/x64\bmeditor.exe
E:\Projects\paper-latex\paper-latex-3\miktex\texmfs\install\miktex/bin/x64\convertgls2bib.exe
E:\Projects\paper-latex\paper-latex-3\miktex\texmfs\install\miktex/bin/x64\texosquery.exe
E:\Projects\paper-latex\paper-latex-3\miktex\texmfs\install\miktex/bin/x64\texosquery-jre5.exe
E:\Projects\paper-latex\paper-latex-3\miktex\texmfs\install\miktex/bin/x64\texosquery-jre8.exe
E:\Projects\paper-latex\paper-latex-3\miktex\texmfs\install\miktex/bin/x64\texplate.exe
