This is XeTeX, Version 3.141592653-2.6-0.999993 (TeX Live 2021) (preloaded format=xelatex 2022.2.22)  1 MAR 2022 12:03
entering extended mode
 restricted \write18 enabled.
 %&-line parsing enabled.
**pnas-nexus-authoring-template.tex
(./pnas-nexus-authoring-template.tex
LaTeX2e <2021-11-15> patch level 1
L3 programming layer <2022-02-21> (./oup-authoring-template.cls
Document Class: oup-authoring-template 2020/02/18 1.0
(/usr/local/texlive/2021/texmf-dist/tex/latex/crop/crop.sty
Package: crop 2017/11/19 1.10 crop marks (mf)

(/usr/local/texlive/2021/texmf-dist/tex/generic/iftex/ifluatex.sty
Package: ifluatex 2019/10/25 v1.5 ifluatex legacy package. Use iftex instead.

(/usr/local/texlive/2021/texmf-dist/tex/generic/iftex/iftex.sty
Package: iftex 2022/02/03 v1.0f TeX engine tests
))
\stockwidth=\dimen138
\stockheight=\dimen139
\CROP@index=\count181

(/usr/local/texlive/2021/texmf-dist/tex/latex/graphics/color.sty
Package: color 2021/12/07 v1.3c Standard LaTeX Color (DPC)

(/usr/local/texlive/2021/texmf-dist/tex/latex/graphics-cfg/color.cfg
File: color.cfg 2016/01/02 v1.6 sample color configuration
)
Package color Info: Driver file: xetex.def on input line 149.

(/usr/local/texlive/2021/texmf-dist/tex/latex/graphics-def/xetex.def
File: xetex.def 2021/03/18 v5.0k Graphics/color driver for xetex
))
(/usr/local/texlive/2021/texmf-dist/tex/latex/graphics/graphics.sty
Package: graphics 2021/03/04 v1.4d Standard LaTeX Graphics (DPC,SPQR)

(/usr/local/texlive/2021/texmf-dist/tex/latex/graphics/trig.sty
Package: trig 2021/08/11 v1.11 sin cos tan (DPC)
)
(/usr/local/texlive/2021/texmf-dist/tex/latex/graphics-cfg/graphics.cfg
File: graphics.cfg 2016/06/04 v1.11 sample graphics configuration
)
Package graphics Info: Driver file: xetex.def on input line 107.
)
\CROP@offset=\count182
Package crop Info: Local config file crop.cfg used on input line 622.

(/usr/local/texlive/2021/texmf-dist/tex/xelatex/xetexconfig/crop.cfg))
(/usr/local/texlive/2021/texmf-dist/tex/latex/graphics/graphicx.sty
Package: graphicx 2021/09/16 v1.2d Enhanced LaTeX Graphics (DPC,SPQR)

(/usr/local/texlive/2021/texmf-dist/tex/latex/graphics/keyval.sty
Package: keyval 2014/10/28 v1.15 key=value parser (DPC)
\KV@toks@=\toks16
)
\Gin@req@height=\dimen140
\Gin@req@width=\dimen141
)
(/usr/local/texlive/2021/texmf-dist/tex/latex/caption/caption.sty
Package: caption 2022/02/20 v3.6 Customizing captions (AR)

(/usr/local/texlive/2021/texmf-dist/tex/latex/caption/caption3.sty
Package: caption3 2022/01/07 v2.3 caption3 kernel (AR)
\caption@tempdima=\dimen142
\captionmargin=\dimen143
\caption@leftmargin=\dimen144
\caption@rightmargin=\dimen145
\caption@width=\dimen146
\caption@indent=\dimen147
\caption@parindent=\dimen148
\caption@hangindent=\dimen149
\abovecaptionskip=\skip47
\belowcaptionskip=\skip48
Package caption Info: Document class w/o caption stuff detected.
)
\c@caption@flags=\count183
\c@continuedfloat=\count184
)
(/usr/local/texlive/2021/texmf-dist/tex/latex/amsmath/amsmath.sty
Package: amsmath 2021/10/15 v2.17l AMS math features
\@mathmargin=\skip49

For additional information on amsmath, use the `?' option.
(/usr/local/texlive/2021/texmf-dist/tex/latex/amsmath/amstext.sty
Package: amstext 2021/08/26 v2.01 AMS text

(/usr/local/texlive/2021/texmf-dist/tex/latex/amsmath/amsgen.sty
File: amsgen.sty 1999/11/30 v2.0 generic functions
\@emptytoks=\toks17
\ex@=\dimen150
))
(/usr/local/texlive/2021/texmf-dist/tex/latex/amsmath/amsbsy.sty
Package: amsbsy 1999/11/29 v1.2d Bold Symbols
\pmbraise@=\dimen151
)
(/usr/local/texlive/2021/texmf-dist/tex/latex/amsmath/amsopn.sty
Package: amsopn 2021/08/26 v2.02 operator names
)
\inf@bad=\count185
LaTeX Info: Redefining \frac on input line 234.
\uproot@=\count186
\leftroot@=\count187
LaTeX Info: Redefining \overline on input line 399.
\classnum@=\count188
\DOTSCASE@=\count189
LaTeX Info: Redefining \ldots on input line 496.
LaTeX Info: Redefining \dots on input line 499.
LaTeX Info: Redefining \cdots on input line 620.
\Mathstrutbox@=\box50
\strutbox@=\box51
\big@size=\dimen152
LaTeX Font Info:    Redeclaring font encoding OML on input line 743.
LaTeX Font Info:    Redeclaring font encoding OMS on input line 744.
\macc@depth=\count190
\c@MaxMatrixCols=\count191
\dotsspace@=\muskip16
\c@parentequation=\count192
\dspbrk@lvl=\count193
\tag@help=\toks18
\row@=\count194
\column@=\count195
\maxfields@=\count196
\andhelp@=\toks19
\eqnshift@=\dimen153
\alignsep@=\dimen154
\tagshift@=\dimen155
\tagwidth@=\dimen156
\totwidth@=\dimen157
\lineht@=\dimen158
\@envbody=\toks20
\multlinegap=\skip50
\multlinetaggap=\skip51
\mathdisplay@stack=\toks21
LaTeX Info: Redefining \[ on input line 2938.
LaTeX Info: Redefining \] on input line 2939.
)
(/usr/local/texlive/2021/texmf-dist/tex/latex/tools/array.sty
Package: array 2021/10/04 v2.5f Tabular extension package (FMi)
\col@sep=\dimen159
\ar@mcellbox=\box52
\extrarowheight=\dimen160
\NC@list=\toks22
\extratabsurround=\skip52
\backup@length=\skip53
\ar@cellbox=\box53
)
(/usr/local/texlive/2021/texmf-dist/tex/latex/xcolor/xcolor.sty
Package: xcolor 2021/10/31 v2.13 LaTeX color extensions (UK)

(/usr/local/texlive/2021/texmf-dist/tex/latex/graphics-cfg/color.cfg
File: color.cfg 2016/01/02 v1.6 sample color configuration
)
Package xcolor Info: Driver file: xetex.def on input line 227.
LaTeX Info: Redefining \color on input line 711.
Package xcolor Info: Model `cmy' substituted by `cmy0' on input line 1352.
Package xcolor Info: Model `RGB' extended on input line 1368.
Package xcolor Info: Model `HTML' substituted by `rgb' on input line 1370.
Package xcolor Info: Model `Hsb' substituted by `hsb' on input line 1371.
Package xcolor Info: Model `tHsb' substituted by `hsb' on input line 1372.
Package xcolor Info: Model `HSB' substituted by `hsb' on input line 1373.
Package xcolor Info: Model `Gray' substituted by `gray' on input line 1374.
Package xcolor Info: Model `wave' substituted by `hsb' on input line 1375.
)
(/usr/local/texlive/2021/texmf-dist/tex/latex/amsfonts/amssymb.sty
Package: amssymb 2013/01/14 v3.01 AMS font symbols

(/usr/local/texlive/2021/texmf-dist/tex/latex/amsfonts/amsfonts.sty
Package: amsfonts 2013/01/14 v3.01 Basic AMSFonts support
\symAMSa=\mathgroup4
\symAMSb=\mathgroup5
LaTeX Font Info:    Redeclaring math symbol \hbar on input line 98.
LaTeX Font Info:    Overwriting math alphabet `\mathfrak' in version `bold'
(Font)                  U/euf/m/n --> U/euf/b/n on input line 106.
))
(/usr/local/texlive/2021/texmf-dist/tex/latex/sttools/flushend.sty
Package: flushend 2021/10/04 v4.0 Balancing columns in twocolumn mode
\flushend@@lastskip@a=\skip54
\flushend@@lastskip@b=\skip55
\flushend@@lastnode=\count197
\var@@loop@iter=\count198
\var@@temp@spread=\dimen161
\var@@temp@a=\dimen162
\var@@temp@loop=\dimen163
\flushend@@page@rule=\dimen164
\flushend@@varbox@lastpage=\box54
\flushend@@varbox@a=\box55
\flushend@@varbox@c=\box56
\flushend@@tempbox@a=\box57
\flushend@@tempbox@c=\box58
\flushend@@floatbox=\box59
\@viper=\box60
\hold@viper=\box61
\atColsBreak=\toks23
\atColsEnd=\toks24
\oldbreak@skip=\dimen165
)
(/usr/local/texlive/2021/texmf-dist/tex/latex/sttools/stfloats.sty
Package: stfloats 2017/03/27 v3.3 Improve float mechanism and baselineskip sett
ings
\@dblbotnum=\count199
\c@dblbotnumber=\count266
)
(/usr/local/texlive/2021/texmf-dist/tex/latex/graphics/rotating.sty
Package: rotating 2016/08/11 v2.16d rotated objects in LaTeX

(/usr/local/texlive/2021/texmf-dist/tex/latex/base/ifthen.sty
Package: ifthen 2020/11/24 v1.1c Standard LaTeX ifthen package (DPC)
)
\c@r@tfl@t=\count267
\rotFPtop=\skip56
\rotFPbot=\skip57
\rot@float@box=\box62
\rot@mess@toks=\toks25
)
(/usr/local/texlive/2021/texmf-dist/tex/latex/changepage/chngpage.sty
Package: chngpage 2009/10/20 v1.2b change page layout
\c@cp@cnt=\count268
\c@cp@tempcnt=\count269
)
(/usr/local/texlive/2021/texmf-dist/tex/latex/totcount/totcount.sty
Package: totcount 2011/01/25 v1.2 package for gettingthe total value of LaTeX c
ounters
)
(/usr/local/texlive/2021/texmf-dist/tex/latex/base/fix-cm.sty
Package: fix-cm 2020/11/24 v1.1t fixes to LaTeX

(/usr/local/texlive/2021/texmf-dist/tex/latex/base/ts1enc.def
File: ts1enc.def 2001/06/05 v3.0e (jk/car/fm) Standard LaTeX file
LaTeX Font Info:    Redeclaring font encoding TS1 on input line 47.
))
\croppaperwidth=\dimen166
\croppaperheight=\dimen167
\Croppdfwidth=\dimen168
\Croppdfheight=\dimen169
\Trimpdfwidth=\dimen170
\Trimpdfheight=\dimen171
\CP@toff@wd=\dimen172
\CP@toff@ht=\dimen173
\CP@boff@wd=\dimen174
\CP@boff@ht=\dimen175
\CP@crop@wd=\dimen176
\CP@crop@ht=\dimen177
\CP@bled@wd=\dimen178
\CP@bled@ht=\dimen179
\CP@trim@wd=\dimen180
\CP@trim@ht=\dimen181
\c@section=\count270
\c@subsection=\count271
\c@subsubsection=\count272
\c@paragraph=\count273
\c@subparagraph=\count274
\c@figure=\count275
\c@table=\count276
\dropfromtop=\skip58
\c@myauthcount=\count277
\c@myauthcount@totc=\count278
\c@myhistorycount=\count279
\c@myhistorycount@totc=\count280
\c@myaddcount=\count281
\c@myaddcount@totc=\count282
\extraspace=\skip59
\aboveskipchk=\skip60
\titlepagewd=\skip61
\rotdimen=\dimen182
\tempdime=\dimen183
\temptbox=\box63

(/usr/local/texlive/2021/texmf-dist/tex/latex/natbib/natbib.sty
Package: natbib 2010/09/13 8.31b (PWD, AO)
\bibhang=\skip62
\bibsep=\skip63
LaTeX Info: Redefining \cite on input line 694.
\c@NAT@ctr=\count283
)
(/usr/local/texlive/2021/texmf-dist/tex/latex/wrapfig/wrapfig.sty
\wrapoverhang=\dimen184
\WF@size=\dimen185
\c@WF@wrappedlines=\count284
\WF@box=\box64
\WF@everypar=\toks26
Package: wrapfig 2003/01/31  v 3.6
)
\wraplines=\count285
\@authorfigbox=\box65
\@authorfigboxdim=\skip64
\biofigadjskip=\skip65

(/usr/local/texlive/2021/texmf-dist/tex/latex/amscls/amsthm.sty
Package: amsthm 2020/05/29 v2.20.6
\thm@style=\toks27
\thm@bodyfont=\toks28
\thm@headfont=\toks29
\thm@notefont=\toks30
\thm@headpunct=\toks31
\thm@preskip=\skip66
\thm@postskip=\skip67
\thm@headsep=\skip68
\dth@everypar=\toks32
)
(/usr/local/texlive/2021/texmf-dist/tex/latex/subfloat/subfloat.sty
Package: subfloat 2003/08/21 version 2.14

Package `subfloat', Version 2.14 of 2003/08/21.

Package subfloat Warning: Numbers of floats not counted:
(subfloat)                If you use one of the counters subfloatfiguremax or
(subfloat)                subfloattablemax you will get strange error messages
(subfloat)                containing \c@subfloatfiguremax or
(subfloat)                \c@subfloattablemax:
(subfloat)                Please switch on countmax or remove the code using
(subfloat)                the counter then..

) (/usr/local/texlive/2021/texmf-dist/tex/latex/subfig/subfig.sty
Package: subfig 2005/06/28 ver: 1.3 subfig package
\c@KVtest=\count286
\sf@farskip=\skip69
\sf@captopadj=\dimen186
\sf@capskip=\skip70
\sf@nearskip=\skip71
\c@subfigure=\count287
\c@subfigure@save=\count288
\c@lofdepth=\count289
\c@subtable=\count290
\c@subtable@save=\count291
\c@lotdepth=\count292
\sf@top=\skip72
\sf@bottom=\skip73
)
(/usr/local/texlive/2021/texmf-dist/tex/latex/multirow/multirow.sty
Package: multirow 2021/03/15 v2.8 Span multiple rows of a table
\multirow@colwidth=\skip74
\multirow@cntb=\count293
\multirow@dima=\skip75
\bigstrutjot=\dimen187
)
(/usr/local/texlive/2021/texmf-dist/tex/latex/mdwtools/footnote.sty
Package: footnote 1997/01/28 1.13 Save footnotes around boxes
\fn@notes=\box66
\fn@width=\dimen188
)
(/usr/local/texlive/2021/texmf-dist/tex/latex/url/url.sty
\Urlmuskip=\muskip17
Package: url 2013/09/16  ver 3.4  Verb mode for urls, etc.
)
(/usr/local/texlive/2021/texmf-dist/tex/latex/jknapltx/mathrsfs.sty
Package: mathrsfs 1996/01/01 Math RSFS package v1.0 (jk)
\symrsfs=\mathgroup6
)
(/usr/local/texlive/2021/texmf-dist/tex/latex/algorithms/algorithm.sty
Invalid UTF-8 byte or sequence at line 11 replaced by U+FFFD.
Package: algorithm 2009/08/24 v0.1 Document Style `algorithm' - floating enviro
nment

(/usr/local/texlive/2021/texmf-dist/tex/latex/float/float.sty
Package: float 2001/11/08 v1.3d Float enhancements (AL)
\c@float@type=\count294
\float@exts=\toks33
\float@box=\box67
\@float@everytoks=\toks34
\@floatcapt=\box68
)
\@float@every@algorithm=\toks35
\c@algorithm=\count295
)
(/usr/local/texlive/2021/texmf-dist/tex/latex/algorithmicx/algorithmicx.sty
Package: algorithmicx 2005/04/27 v1.2 Algorithmicx

Document Style algorithmicx 1.2 - a greatly improved `algorithmic' style
\c@ALG@line=\count296
\c@ALG@rem=\count297
\c@ALG@nested=\count298
\ALG@tlm=\skip76
\ALG@thistlm=\skip77
\c@ALG@Lnr=\count299
\c@ALG@blocknr=\count300
\c@ALG@storecount=\count301
\c@ALG@tmpcounter=\count302
\ALG@tmplength=\skip78
) (/usr/local/texlive/2021/texmf-dist/tex/latex/algorithmicx/algpseudocode.sty
Package: algpseudocode 

Document Style - pseudocode environments for use with the `algorithmicx' style
) (/usr/local/texlive/2021/texmf-dist/tex/latex/listings/listings.sty
\lst@mode=\count303
\lst@gtempboxa=\box69
\lst@token=\toks36
\lst@length=\count304
\lst@currlwidth=\dimen189
\lst@column=\count305
\lst@pos=\count306
\lst@lostspace=\dimen190
\lst@width=\dimen191
\lst@newlines=\count307
\lst@lineno=\count308
\lst@maxwidth=\dimen192

(/usr/local/texlive/2021/texmf-dist/tex/latex/listings/lstmisc.sty
File: lstmisc.sty 2020/03/24 1.8d (Carsten Heinz)
\c@lstnumber=\count309
\lst@skipnumbers=\count310
\lst@framebox=\box70
)
(/usr/local/texlive/2021/texmf-dist/tex/latex/listings/listings.cfg
File: listings.cfg 2020/03/24 1.8d listings configuration
))
Package: listings 2020/03/24 1.8d (Carsten Heinz)

(/usr/local/texlive/2021/texmf-dist/tex/latex/hyperref/hyperref.sty
Package: hyperref 2021-06-07 v7.00m Hypertext links for LaTeX

(/usr/local/texlive/2021/texmf-dist/tex/generic/ltxcmds/ltxcmds.sty
Package: ltxcmds 2020-05-10 v1.25 LaTeX kernel commands for general use (HO)
)
(/usr/local/texlive/2021/texmf-dist/tex/generic/pdftexcmds/pdftexcmds.sty
Package: pdftexcmds 2020-06-27 v0.33 Utility functions of pdfTeX for LuaTeX (HO
)

(/usr/local/texlive/2021/texmf-dist/tex/generic/infwarerr/infwarerr.sty
Package: infwarerr 2019/12/03 v1.5 Providing info/warning/error messages (HO)
)
Package pdftexcmds Info: \pdf@primitive is available.
Package pdftexcmds Info: \pdf@ifprimitive is available.
Package pdftexcmds Info: \pdfdraftmode not found.
)
(/usr/local/texlive/2021/texmf-dist/tex/generic/kvsetkeys/kvsetkeys.sty
Package: kvsetkeys 2019/12/15 v1.18 Key value parser (HO)
)
(/usr/local/texlive/2021/texmf-dist/tex/generic/kvdefinekeys/kvdefinekeys.sty
Package: kvdefinekeys 2019-12-19 v1.6 Define keys (HO)
)
(/usr/local/texlive/2021/texmf-dist/tex/generic/pdfescape/pdfescape.sty
Package: pdfescape 2019/12/09 v1.15 Implements pdfTeX's escape features (HO)
)
(/usr/local/texlive/2021/texmf-dist/tex/latex/hycolor/hycolor.sty
Package: hycolor 2020-01-27 v1.10 Color options for hyperref/bookmark (HO)
)
(/usr/local/texlive/2021/texmf-dist/tex/latex/letltxmacro/letltxmacro.sty
Package: letltxmacro 2019/12/03 v1.6 Let assignment for LaTeX macros (HO)
)
(/usr/local/texlive/2021/texmf-dist/tex/latex/auxhook/auxhook.sty
Package: auxhook 2019-12-17 v1.6 Hooks for auxiliary files (HO)
)
(/usr/local/texlive/2021/texmf-dist/tex/latex/kvoptions/kvoptions.sty
Package: kvoptions 2020-10-07 v3.14 Key value format for package options (HO)
)
\@linkdim=\dimen193
\Hy@linkcounter=\count311
\Hy@pagecounter=\count312

(/usr/local/texlive/2021/texmf-dist/tex/latex/hyperref/pd1enc.def
File: pd1enc.def 2021-06-07 v7.00m Hyperref: PDFDocEncoding definition (HO)
)
(/usr/local/texlive/2021/texmf-dist/tex/latex/hyperref/hyperref-langpatches.def
File: hyperref-langpatches.def 2021-06-07 v7.00m Hyperref: patches for babel la
nguages
) (/usr/local/texlive/2021/texmf-dist/tex/generic/intcalc/intcalc.sty
Package: intcalc 2019/12/15 v1.3 Expandable calculations with integers (HO)
)
(/usr/local/texlive/2021/texmf-dist/tex/generic/etexcmds/etexcmds.sty
Package: etexcmds 2019/12/15 v1.7 Avoid name clashes with e-TeX commands (HO)
)
\Hy@SavedSpaceFactor=\count313

(/usr/local/texlive/2021/texmf-dist/tex/latex/hyperref/puenc.def
File: puenc.def 2021-06-07 v7.00m Hyperref: PDF Unicode definition (HO)
)
Package hyperref Info: Hyper figures OFF on input line 4192.
Package hyperref Info: Link nesting OFF on input line 4197.
Package hyperref Info: Hyper index ON on input line 4200.
Package hyperref Info: Plain pages OFF on input line 4207.
Package hyperref Info: Backreferencing OFF on input line 4212.
Package hyperref Info: Implicit mode ON; LaTeX internals redefined.
Package hyperref Info: Bookmarks ON on input line 4445.
\c@Hy@tempcnt=\count314
LaTeX Info: Redefining \url on input line 4804.
\XeTeXLinkMargin=\dimen194

(/usr/local/texlive/2021/texmf-dist/tex/generic/bitset/bitset.sty
Package: bitset 2019/12/09 v1.3 Handle bit-vector datatype (HO)

(/usr/local/texlive/2021/texmf-dist/tex/generic/bigintcalc/bigintcalc.sty
Package: bigintcalc 2019/12/15 v1.5 Expandable calculations on big integers (HO
)
))
\Fld@menulength=\count315
\Field@Width=\dimen195
\Fld@charsize=\dimen196
Package hyperref Info: Hyper figures OFF on input line 6076.
Package hyperref Info: Link nesting OFF on input line 6081.
Package hyperref Info: Hyper index ON on input line 6084.
Package hyperref Info: backreferencing OFF on input line 6091.
Package hyperref Info: Link coloring OFF on input line 6096.
Package hyperref Info: Link coloring with OCG OFF on input line 6101.
Package hyperref Info: PDF/A mode OFF on input line 6106.
LaTeX Info: Redefining \ref on input line 6146.
LaTeX Info: Redefining \pageref on input line 6150.

(/usr/local/texlive/2021/texmf-dist/tex/latex/base/atbegshi-ltx.sty
Package: atbegshi-ltx 2021/01/10 v1.0c Emulation of the original atbegshi
package with kernel methods
)
\Hy@abspage=\count316
\c@Item=\count317
\c@Hfootnote=\count318
)
Package hyperref Info: Driver (autodetected): hxetex.

(/usr/local/texlive/2021/texmf-dist/tex/latex/hyperref/hxetex.def
File: hxetex.def 2021-06-07 v7.00m Hyperref driver for XeTeX

(/usr/local/texlive/2021/texmf-dist/tex/generic/stringenc/stringenc.sty
Package: stringenc 2019/11/29 v1.12 Convert strings between diff. encodings (HO
)
)
\pdfm@box=\box71
\c@Hy@AnnotLevel=\count319
\HyField@AnnotCount=\count320
\Fld@listcount=\count321
\c@bookmark@seq@number=\count322

(/usr/local/texlive/2021/texmf-dist/tex/latex/rerunfilecheck/rerunfilecheck.sty
Package: rerunfilecheck 2019/12/05 v1.9 Rerun checks for auxiliary files (HO)
(/usr/local/texlive/2021/texmf-dist/tex/latex/base/atveryend-ltx.sty
Package: atveryend-ltx 2020/08/19 v1.0a Emulation of the original atveryend pac
kage
with kernel methods
)
(/usr/local/texlive/2021/texmf-dist/tex/generic/uniquecounter/uniquecounter.sty
Package: uniquecounter 2019/12/15 v1.4 Provide unlimited unique counter (HO)
)
Package uniquecounter Info: New unique counter `rerunfilecheck' on input line 2
86.
)
\Hy@SectionHShift=\skip79
))
\c@theorem=\count323
\c@example=\count324
\c@remark=\count325
\c@definition=\count326

(/usr/local/texlive/2021/texmf-dist/tex/latex/draftwatermark/draftwatermark.sty
Package: draftwatermark 2020/12/08 3.0 Put a gray textual watermark on document
 pages
) (/usr/local/texlive/2021/texmf-dist/tex/latex/l3backend/l3backend-xetex.def
File: l3backend-xetex.def 2022-02-07 L3 backend support: XeTeX

(|extractbb --version)
\c__kernel_sys_dvipdfmx_version_int=\count327
\l__color_backend_stack_int=\count328
\g__color_backend_stack_int=\count329
\g__graphics_track_int=\count330
\l__pdf_internal_box=\box72
\g__pdf_backend_object_int=\count331
\g__pdf_backend_annotation_int=\count332
\g__pdf_backend_link_int=\count333
)
(/Users/nals_macbook_124/Downloads/paper-latex-master/public/projects/PNASNexus
/output/pnas-nexus-authoring-template.aux)
\openout1 = `pnas-nexus-authoring-template.aux'.

LaTeX Font Info:    Checking defaults for OML/cmm/m/it on input line 46.
LaTeX Font Info:    ... okay on input line 46.
LaTeX Font Info:    Checking defaults for OMS/cmsy/m/n on input line 46.
LaTeX Font Info:    ... okay on input line 46.
LaTeX Font Info:    Checking defaults for OT1/cmr/m/n on input line 46.
LaTeX Font Info:    ... okay on input line 46.
LaTeX Font Info:    Checking defaults for T1/cmr/m/n on input line 46.
LaTeX Font Info:    ... okay on input line 46.
LaTeX Font Info:    Checking defaults for TS1/cmr/m/n on input line 46.
LaTeX Font Info:    ... okay on input line 46.
LaTeX Font Info:    Checking defaults for TU/lmr/m/n on input line 46.
LaTeX Font Info:    ... okay on input line 46.
LaTeX Font Info:    Checking defaults for OMX/cmex/m/n on input line 46.
LaTeX Font Info:    ... okay on input line 46.
LaTeX Font Info:    Checking defaults for U/cmr/m/n on input line 46.
LaTeX Font Info:    ... okay on input line 46.
LaTeX Font Info:    Checking defaults for PD1/pdf/m/n on input line 46.
LaTeX Font Info:    ... okay on input line 46.
LaTeX Font Info:    Checking defaults for PU/pdf/m/n on input line 46.
LaTeX Font Info:    ... okay on input line 46.
Package crop Info: using `pdftex' graphics driver on input line 46.
Package caption Info: Begin \AtBeginDocument code.
Package caption Info: subfig package v1.3 is loaded.
Package caption Info: float package is loaded.
Package caption Info: hyperref package is loaded.
Package caption Info: listings package is loaded.
Package caption Info: rotating package is loaded.
Package caption Info: wrapfig package is loaded.
Package caption Info: End \AtBeginDocument code.
LaTeX Font Info:    Redeclaring symbol font `AMSa' on input line 46.
LaTeX Font Info:    Overwriting symbol font `AMSa' in version `normal'
(Font)                  U/msa/m/n --> U/msa/m/n on input line 46.
LaTeX Font Info:    Overwriting symbol font `AMSa' in version `bold'
(Font)                  U/msa/m/n --> U/msa/m/n on input line 46.
\c@lstlisting=\count334
Package hyperref Info: Link coloring OFF on input line 46.

(/usr/local/texlive/2021/texmf-dist/tex/latex/hyperref/nameref.sty
Package: nameref 2021-04-02 v2.47 Cross-referencing by name of section

(/usr/local/texlive/2021/texmf-dist/tex/latex/refcount/refcount.sty
Package: refcount 2019/12/15 v3.6 Data extraction from label references (HO)
)
(/usr/local/texlive/2021/texmf-dist/tex/generic/gettitlestring/gettitlestring.s
ty
Package: gettitlestring 2019/12/15 v1.6 Cleanup title references (HO)
)
\c@section@level=\count335
)
LaTeX Info: Redefining \ref on input line 46.
LaTeX Info: Redefining \pageref on input line 46.
LaTeX Info: Redefining \nameref on input line 46.

(/Users/nals_macbook_124/Downloads/paper-latex-master/public/projects/PNASNexus
/output/pnas-nexus-authoring-template.out)
(/Users/nals_macbook_124/Downloads/paper-latex-master/public/projects/PNASNexus
/output/pnas-nexus-authoring-template.out)
\@outlinefile=\write3
\openout3 = `pnas-nexus-authoring-template.out'.

File: pnasnexus-logo-primary-color.eps Graphic file (type eps)
<pnasnexus-logo-primary-color.eps>

Overfull \hbox (187.0pt too wide) detected at line 92
| []
 []


Overfull \hbox (53.5pt too wide) in paragraph at lines 92--92
| [][][] 
 []


Overfull \hbox (53.5pt too wide) in paragraph at lines 92--92
| [][][] 
 []


Underfull \hbox (badness 10000) in paragraph at lines 92--92

 []


LaTeX Warning: No \author given.

LaTeX Font Info:    Calculating math sizes for size <13.04874> on input line 92
.
LaTeX Font Info:    Trying to load font information for U+msa on input line 92.

(/usr/local/texlive/2021/texmf-dist/tex/latex/amsfonts/umsa.fd
File: umsa.fd 2013/01/14 v3.01 AMS symbols A
)
LaTeX Font Info:    Trying to load font information for U+msb on input line 92.


(/usr/local/texlive/2021/texmf-dist/tex/latex/amsfonts/umsb.fd
File: umsb.fd 2013/01/14 v3.01 AMS symbols B
)
LaTeX Font Info:    Trying to load font information for U+rsfs on input line 92
.

(/usr/local/texlive/2021/texmf-dist/tex/latex/jknapltx/ursfs.fd
File: ursfs.fd 1998/03/24 rsfs font definition file (jk)
)

LaTeX Font Warning: Font shape `U/rsfs/m/n' in size <13.04874> not available
(Font)              size <12> substituted on input line 92.


LaTeX Font Warning: Font shape `U/rsfs/m/n' in size <6.52437> not available
(Font)              size <7> substituted on input line 92.

LaTeX Font Info:    Calculating math sizes for size <9.13406> on input line 92.


LaTeX Font Warning: Font shape `U/rsfs/m/n' in size <4.56703> not available
(Font)              size <5> substituted on input line 92.

LaTeX Font Info:    Calculating math sizes for size <7.52812> on input line 92.


LaTeX Font Warning: Font shape `U/rsfs/m/n' in size <7.52812> not available
(Font)              size <8> substituted on input line 92.


LaTeX Font Warning: Font shape `U/rsfs/m/n' in size <3.76405> not available
(Font)              size <5> substituted on input line 92.

LaTeX Font Info:    Calculating math sizes for size <6.52437> on input line 92.


LaTeX Font Warning: Font shape `U/rsfs/m/n' in size <3.26218> not available
(Font)              size <5> substituted on input line 92.

LaTeX Font Info:    Calculating math sizes for size <4.56703> on input line 92.


LaTeX Font Warning: Font shape `U/rsfs/m/n' in size <3.1969> not available
(Font)              size <5> substituted on input line 92.


LaTeX Font Warning: Font shape `U/rsfs/m/n' in size <2.28351> not available
(Font)              size <5> substituted on input line 92.


Overfull \hbox (53.5pt too wide) in paragraph at lines 92--92
[][][] 
 []


Overfull \hbox (53.5pt too wide) in paragraph at lines 92--92
[][][]
 []


Underfull \hbox (badness 10000) in paragraph at lines 92--92

 []


Underfull \hbox (badness 2503) in paragraph at lines 96--102
\TU/lmr/m/n/7.52812 Once data are disseminated, whatever contractual or other
 []


Underfull \hbox (badness 2503) in paragraph at lines 105--110
\TU/lmr/m/n/7.52812 Once data are disseminated, whatever contractual or other
 []


Underfull \hbox (badness 2503) in paragraph at lines 113--118
\TU/lmr/m/n/7.52812 Once data are disseminated, whatever contractual or other
 []


Underfull \hbox (badness 1097) in paragraph at lines 131--137
\TU/lmr/m/n/7.52812 no damaging disclosures of personal information by academic

 []


Underfull \vbox (badness 10000) has occurred while \output is active []

 [1



]
Underfull \hbox (badness 10000) in paragraph at lines 208--209
[]\TU/lmtt/m/n/7.52812 \end{sidewaystable} \TU/lmr/m/n/7.52812 instead of
 []

LaTeX Font Info:    Calculating math sizes for size <6.02249> on input line 224
.

LaTeX Font Warning: Font shape `U/rsfs/m/n' in size <4.21571> not available
(Font)              size <5> substituted on input line 224.


LaTeX Font Warning: Font shape `U/rsfs/m/n' in size <3.01125> not available
(Font)              size <5> substituted on input line 224.


Underfull \hbox (badness 2020) in paragraph at lines 301--302
\TU/lmr/m/n/7.52812 set as rotated mode. For rotated figures, we need to use
 []


Underfull \hbox (badness 1558) in paragraph at lines 301--302
[]\TU/lmtt/m/n/7.52812 \begin{sidewaysfigure} []... []\end{sidewaysfigure} \TU/
lmr/m/n/7.52812 instead of
 []

Package hyperref Info: bookmark level for unknown algorithm defaults to 0 on in
put line 332.

Underfull \hbox (badness 1845) in paragraph at lines 356--357
\TU/lmr/m/n/7.52812 to set environments similar to []\TU/lmtt/m/n/7.52812 verba
tim \TU/lmr/m/n/7.52812 environment. Refer
 []


Overfull \hbox (253.25pt too wide) has occurred while \output is active
[][][] 
 []


Overfull \vbox (1.0pt too high) has occurred while \output is active []

 [2]
(/usr/local/texlive/2021/texmf-dist/tex/latex/listings/lstlang1.sty
File: lstlang1.sty 2020/03/24 1.8d listings language file
)

Package Listings Warning: Text dropped after begin of listing on input line 362
.


Overfull \hbox (7.29399pt too wide) in paragraph at lines 359--370
[]$[]$ 
 []


Overfull \hbox (253.25pt too wide) has occurred while \output is active
[][][] 
 []


Overfull \vbox (1.0pt too high) has occurred while \output is active []

 [3]
Overfull \hbox (253.25pt too wide) has occurred while \output is active
[][][] 
 []


Overfull \vbox (1.0pt too high) has occurred while \output is active []

 [4]
Underfull \hbox (badness 2334) in paragraph at lines 521--524
\TU/lmr/m/n/7.52812 List in L[]T[]X can be of three types: numbered, bulleted
 []


Underfull \hbox (badness 4846) in paragraph at lines 536--538
[]\TU/lmr/m/n/7.52812 Third level numbered list. Enumerate creates
 []


Underfull \hbox (badness 4846) in paragraph at lines 539--541
[]\TU/lmr/m/n/7.52812 Third level numbered list. Enumerate creates
 []


Overfull \hbox (253.25pt too wide) has occurred while \output is active
[][][] 
 []


Overfull \vbox (1.0pt too high) has occurred while \output is active []

 [5]
Underfull \hbox (badness 1609) in paragraph at lines 635--636
[][]\TU/lmr/bx/n/7.52812 Definition 1 \TU/lmr/m/n/7.52812 (Definition sub head)
 []Example definition text.
 []


Underfull \hbox (badness 3148) in paragraph at lines 635--636
\TU/lmr/m/n/7.52812 Example definition text. Example definition text. Example
 []


Underfull \hbox (badness 1681) in paragraph at lines 657--659
\TU/lmr/m/n/7.52812 Donec congue. Maecenas urna mi, suscipit in, placerat ut,
 []


Underfull \hbox (badness 1168) in paragraph at lines 676--678
\TU/lmr/m/n/7.52812 Must include all authors, identified by initials, for examp
le:
 []


(/Users/nals_macbook_124/Downloads/paper-latex-master/public/projects/PNASNexus
/output/pnas-nexus-authoring-template.bbl
Overfull \hbox (253.25pt too wide) has occurred while \output is active
[][][] 
 []


Overfull \vbox (1.0pt too high) has occurred while \output is active []

 [6]
Underfull \hbox (badness 3803) in paragraph at lines 23--27
\TU/lmr/m/n/7.52812 neural networks for human action recognition.  \TU/lmr/m/it
/7.52812 IEEE
 []


Underfull \hbox (badness 1184) in paragraph at lines 29--33
[]\TU/lmr/m/n/7.52812 Alex Krizhevsky, Ilya Sutskever, and Geoffrey E Hinton.
 []


Underfull \hbox (badness 1496) in paragraph at lines 40--44
[]\TU/lmr/m/n/7.52812 Saeid Motiian, Marco Piccirilli, Donald A Adjeroh, and
 []


Underfull \hbox (badness 2726) in paragraph at lines 56--62
[]\TU/lmr/m/n/7.52812 Timothy V Pyrkov, Evgeny Getmantsev, Boris Zhurov,
 []


Underfull \hbox (badness 2318) in paragraph at lines 71--76
[]\TU/lmr/m/n/7.52812 Daniele Ravì, Charence Wong, Fani Deligianni, Melissa
 []

)
- LAST -
Extra skip:1.37764pt
Left:241.0pt/1.53572pt
Right:241.0pt/0.15808pt
Split: 241.25pt
Output:241.25pt
Pageshrink: 0.0pt
Pagestretch: 0.0pt
@colht:671.5pt
FLUSHEND [output]: 241.25pt
FLUSHEND [leftcolumn badness]: 10000
FUSHEND [rightcolumn badness]: 10000

Overfull \hbox (253.25pt too wide) has occurred while \output is active
[][][] 
 []

[7]
(/Users/nals_macbook_124/Downloads/paper-latex-master/public/projects/PNASNexus
/output/pnas-nexus-authoring-template.aux)

LaTeX Font Warning: Size substitutions with differences
(Font)              up to 2.71649pt have occurred.

Package rerunfilecheck Info: File `pnas-nexus-authoring-template.out' has not c
hanged.
(rerunfilecheck)             Checksum: 6D7220FDFCC4B4EE07108E2D5ABDBB38;5192.
 ) 
Here is how much of TeX's memory you used:
 15100 strings out of 476182
 247265 string characters out of 5809611
 766540 words of memory out of 5000000
 35558 multiletter control sequences out of 15000+600000
 495635 words of font info for 166 fonts, out of 8000000 for 9000
 1352 hyphenation exceptions out of 8191
 75i,13n,78p,17372b,1137s stack positions out of 5000i,500n,10000p,200000b,80000s

Output written on /Users/nals_macbook_124/Downloads/paper-latex-master/public/p
rojects/PNASNexus/output/pnas-nexus-authoring-template.xdv (7 pages, 273628 byt
es).
