-pdfclose.exe;miktex/bin/x64
+pdfclose.exe;miktex/bin/x64;
-pdfdde.exe;miktex/bin/x64
+pdfdde.exe;miktex/bin/x64;
-pdfopen.exe;miktex/bin/x64
+pdfopen.exe;miktex/bin/x64;
-bg5pluslatex.exe;miktex/bin/x64
+bg5pluslatex.exe;miktex/bin/x64;
-bg5pluspdflatex.exe;miktex/bin/x64
+bg5pluspdflatex.exe;miktex/bin/x64;
-bg5latex.exe;miktex/bin/x64
+bg5latex.exe;miktex/bin/x64;
-bg5pdflatex.exe;miktex/bin/x64
+bg5pdflatex.exe;miktex/bin/x64;
-bg5platex.exe;miktex/bin/x64
+bg5platex.exe;miktex/bin/x64;
-bg5ppdflatex.exe;miktex/bin/x64
+bg5ppdflatex.exe;miktex/bin/x64;
-cef5latex.exe;miktex/bin/x64
+cef5latex.exe;miktex/bin/x64;
-cef5pdflatex.exe;miktex/bin/x64
+cef5pdflatex.exe;miktex/bin/x64;
-ceflatex.exe;miktex/bin/x64
+ceflatex.exe;miktex/bin/x64;
-cefpdflatex.exe;miktex/bin/x64
+cefpdflatex.exe;miktex/bin/x64;
-cefslatex.exe;miktex/bin/x64
+cefslatex.exe;miktex/bin/x64;
-cefspdflatex.exe;miktex/bin/x64
+cefspdflatex.exe;miktex/bin/x64;
-gbklatex.exe;miktex/bin/x64
+gbklatex.exe;miktex/bin/x64;
-gbkpdflatex.exe;miktex/bin/x64
+gbkpdflatex.exe;miktex/bin/x64;
-sjislatex.exe;miktex/bin/x64
+sjislatex.exe;miktex/bin/x64;
-sjispdflatex.exe;miktex/bin/x64
+sjispdflatex.exe;miktex/bin/x64;
-afm2tfm.exe;miktex/bin/x64
+afm2tfm.exe;miktex/bin/x64;
-asy.exe;miktex/bin/x64
+asy.exe;miktex/bin/x64;
-autosp.exe;miktex/bin/x64
+autosp.exe;miktex/bin/x64;
-axohelp.exe;miktex/bin/x64
+axohelp.exe;miktex/bin/x64;
-bg5conv.exe;miktex/bin/x64
+bg5conv.exe;miktex/bin/x64;
-bibsort.exe;miktex/bin/x64
+bibsort.exe;miktex/bin/x64;
-bibtex8.exe;miktex/bin/x64
+bibtex8.exe;miktex/bin/x64;
-bibtexu.exe;miktex/bin/x64
+bibtexu.exe;miktex/bin/x64;
-bibtex.exe;miktex/bin/x64
+bibtex.exe;miktex/bin/x64;
-cef5conv.exe;miktex/bin/x64
+cef5conv.exe;miktex/bin/x64;
-cefconv.exe;miktex/bin/x64
+cefconv.exe;miktex/bin/x64;
-cefsconv.exe;miktex/bin/x64
+cefsconv.exe;miktex/bin/x64;
-chktex.exe;miktex/bin/x64
+chktex.exe;miktex/bin/x64;
-ctangle.exe;miktex/bin/x64
+ctangle.exe;miktex/bin/x64;
-cweave.exe;miktex/bin/x64
+cweave.exe;miktex/bin/x64;
-devnag.exe;miktex/bin/x64
+devnag.exe;miktex/bin/x64;
-dvicopy.exe;miktex/bin/x64
+dvicopy.exe;miktex/bin/x64;
-dvipdfm.exe;miktex/bin/x64
+dvipdfm.exe;miktex/bin/x64;
-dvipdfmx.exe;miktex/bin/x64
+dvipdfmx.exe;miktex/bin/x64;
-ebb.exe;miktex/bin/x64
+ebb.exe;miktex/bin/x64;
-extractbb.exe;miktex/bin/x64
+extractbb.exe;miktex/bin/x64;
-xbb.exe;miktex/bin/x64
+xbb.exe;miktex/bin/x64;
-xdvipdfmx.exe;miktex/bin/x64
+xdvipdfmx.exe;miktex/bin/x64;
-miktex-xdvipdfmx.exe;miktex/bin/x64
+miktex-xdvipdfmx.exe;miktex/bin/x64;
-dvipdft.exe;miktex/bin/x64
+dvipdft.exe;miktex/bin/x64;
-dvipng.exe;miktex/bin/x64
+dvipng.exe;miktex/bin/x64;
-dvips.exe;miktex/bin/x64
+dvips.exe;miktex/bin/x64;
-dvisvgm.exe;miktex/bin/x64
+dvisvgm.exe;miktex/bin/x64;
-dvitype.exe;miktex/bin/x64
+dvitype.exe;miktex/bin/x64;
-epsffit.exe;miktex/bin/x64
+epsffit.exe;miktex/bin/x64;
-epstopdf.exe;miktex/bin/x64
+epstopdf.exe;miktex/bin/x64;
-repstopdf.exe;miktex/bin/x64
+repstopdf.exe;miktex/bin/x64;
-miktex-epstopdf-unrestricted.exe;miktex/bin/x64
+miktex-epstopdf-unrestricted.exe;miktex/bin/x64;
-eptex.exe;miktex/bin/x64
+eptex.exe;miktex/bin/x64;
-euptex.exe;miktex/bin/x64
+euptex.exe;miktex/bin/x64;
-extconv.exe;miktex/bin/x64
+extconv.exe;miktex/bin/x64;
-fribidixetex.exe;miktex/bin/x64
+fribidixetex.exe;miktex/bin/x64;
-gftodvi.exe;miktex/bin/x64
+gftodvi.exe;miktex/bin/x64;
-gftopk.exe;miktex/bin/x64
+gftopk.exe;miktex/bin/x64;
-gftype.exe;miktex/bin/x64
+gftype.exe;miktex/bin/x64;
-gregorio.exe;miktex/bin/x64
+gregorio.exe;miktex/bin/x64;
-hbf2gf.exe;miktex/bin/x64
+hbf2gf.exe;miktex/bin/x64;
-lacheck.exe;miktex/bin/x64
+lacheck.exe;miktex/bin/x64;
-makebase.exe;miktex/bin/x64
+makebase.exe;miktex/bin/x64;
-makefmt.exe;miktex/bin/x64
+makefmt.exe;miktex/bin/x64;
-makeindex.exe;miktex/bin/x64
+makeindex.exe;miktex/bin/x64;
-makepk.exe;miktex/bin/x64
+makepk.exe;miktex/bin/x64;
-maketfm.exe;miktex/bin/x64
+maketfm.exe;miktex/bin/x64;
-mft.exe;miktex/bin/x64
+mft.exe;miktex/bin/x64;
-mf.exe;miktex/bin/x64
+mf.exe;miktex/bin/x64;
-inimf.exe;miktex/bin/x64
+inimf.exe;miktex/bin/x64;
-virmf.exe;miktex/bin/x64
+virmf.exe;miktex/bin/x64;
-mkocp.exe;miktex/bin/x64
+mkocp.exe;miktex/bin/x64;
-dvitomp.exe;miktex/bin/x64
+dvitomp.exe;miktex/bin/x64;
-mpost.exe;miktex/bin/x64
+mpost.exe;miktex/bin/x64;
-odvicopy.exe;miktex/bin/x64
+odvicopy.exe;miktex/bin/x64;
-ofm2opl.exe;miktex/bin/x64
+ofm2opl.exe;miktex/bin/x64;
-opl2ofm.exe;miktex/bin/x64
+opl2ofm.exe;miktex/bin/x64;
-otp2ocp.exe;miktex/bin/x64
+otp2ocp.exe;miktex/bin/x64;
-outocp.exe;miktex/bin/x64
+outocp.exe;miktex/bin/x64;
-ovf2ovp.exe;miktex/bin/x64
+ovf2ovp.exe;miktex/bin/x64;
-ovp2ovf.exe;miktex/bin/x64
+ovp2ovf.exe;miktex/bin/x64;
-patgen.exe;miktex/bin/x64
+patgen.exe;miktex/bin/x64;
-pbibtex.exe;miktex/bin/x64
+pbibtex.exe;miktex/bin/x64;
-pdftex.exe;miktex/bin/x64
+pdftex.exe;miktex/bin/x64;
-miktex-latex.exe;miktex/bin/x64
+miktex-latex.exe;miktex/bin/x64;
-miktex-pdflatex.exe;miktex/bin/x64
+miktex-pdflatex.exe;miktex/bin/x64;
-pdftosrc.exe;miktex/bin/x64
+pdftosrc.exe;miktex/bin/x64;
-pdvitype.exe;miktex/bin/x64
+pdvitype.exe;miktex/bin/x64;
-pk2bm.exe;miktex/bin/x64
+pk2bm.exe;miktex/bin/x64;
-pltotf.exe;miktex/bin/x64
+pltotf.exe;miktex/bin/x64;
-pmxab.exe;miktex/bin/x64
+pmxab.exe;miktex/bin/x64;
-pooltype.exe;miktex/bin/x64
+pooltype.exe;miktex/bin/x64;
-ppltotf.exe;miktex/bin/x64
+ppltotf.exe;miktex/bin/x64;
-prepmx.exe;miktex/bin/x64
+prepmx.exe;miktex/bin/x64;
-ps2pk.exe;miktex/bin/x64
+ps2pk.exe;miktex/bin/x64;
-psbook.exe;miktex/bin/x64
+psbook.exe;miktex/bin/x64;
-psnup.exe;miktex/bin/x64
+psnup.exe;miktex/bin/x64;
-psresize.exe;miktex/bin/x64
+psresize.exe;miktex/bin/x64;
-psselect.exe;miktex/bin/x64
+psselect.exe;miktex/bin/x64;
-pstops.exe;miktex/bin/x64
+pstops.exe;miktex/bin/x64;
-ptex.exe;miktex/bin/x64
+ptex.exe;miktex/bin/x64;
-ptftopl.exe;miktex/bin/x64
+ptftopl.exe;miktex/bin/x64;
-rebar.exe;miktex/bin/x64
+rebar.exe;miktex/bin/x64;
-scor2prt.exe;miktex/bin/x64
+scor2prt.exe;miktex/bin/x64;
-sjisconv.exe;miktex/bin/x64
+sjisconv.exe;miktex/bin/x64;
-synctex.exe;miktex/bin/x64
+synctex.exe;miktex/bin/x64;
-t4ht.exe;miktex/bin/x64
+t4ht.exe;miktex/bin/x64;
-tangle.exe;miktex/bin/x64
+tangle.exe;miktex/bin/x64;
-tex2aspc.exe;miktex/bin/x64
+tex2aspc.exe;miktex/bin/x64;
-tex4ht.exe;miktex/bin/x64
+tex4ht.exe;miktex/bin/x64;
-texworks.exe;miktex/bin/x64
+texworks.exe;miktex/bin/x64;
-tex.exe;miktex/bin/x64
+tex.exe;miktex/bin/x64;
-initex.exe;miktex/bin/x64
+initex.exe;miktex/bin/x64;
-virtex.exe;miktex/bin/x64
+virtex.exe;miktex/bin/x64;
-tftopl.exe;miktex/bin/x64
+tftopl.exe;miktex/bin/x64;
-ttf2afm.exe;miktex/bin/x64
+ttf2afm.exe;miktex/bin/x64;
-ttf2pk.exe;miktex/bin/x64
+ttf2pk.exe;miktex/bin/x64;
-ttf2tfm.exe;miktex/bin/x64
+ttf2tfm.exe;miktex/bin/x64;
-upbibtex.exe;miktex/bin/x64
+upbibtex.exe;miktex/bin/x64;
-updvitype.exe;miktex/bin/x64
+updvitype.exe;miktex/bin/x64;
-uppltotf.exe;miktex/bin/x64
+uppltotf.exe;miktex/bin/x64;
-uptex.exe;miktex/bin/x64
+uptex.exe;miktex/bin/x64;
-uptftopl.exe;miktex/bin/x64
+uptftopl.exe;miktex/bin/x64;
-upmendex.exe;miktex/bin/x64
+upmendex.exe;miktex/bin/x64;
-vftovp.exe;miktex/bin/x64
+vftovp.exe;miktex/bin/x64;
-vptovf.exe;miktex/bin/x64
+vptovf.exe;miktex/bin/x64;
-weave.exe;miktex/bin/x64
+weave.exe;miktex/bin/x64;
-xetex.exe;miktex/bin/x64
+xetex.exe;miktex/bin/x64;
-miktex-xelatex.exe;miktex/bin/x64
+miktex-xelatex.exe;miktex/bin/x64;
-xml2pmx.exe;miktex/bin/x64
+xml2pmx.exe;miktex/bin/x64;
-rungs.exe;miktex/bin/x64
+rungs.exe;miktex/bin/x64;
-kpsewhich.exe;miktex/bin/x64
+kpsewhich.exe;miktex/bin/x64;
-mktexlsr.exe;miktex/bin/x64
+mktexlsr.exe;miktex/bin/x64;
-texhash.exe;miktex/bin/x64
+texhash.exe;miktex/bin/x64;
-texlinks.exe;miktex/bin/x64
+texlinks.exe;miktex/bin/x64;
-updmap.exe;miktex/bin/x64
+updmap.exe;miktex/bin/x64;
-texdoc.exe;miktex/bin/x64
+texdoc.exe;miktex/bin/x64;
-pdfattach.exe;miktex/bin/x64
+pdfattach.exe;miktex/bin/x64;
-pdfdetach.exe;miktex/bin/x64
+pdfdetach.exe;miktex/bin/x64;
-pdffonts.exe;miktex/bin/x64
+pdffonts.exe;miktex/bin/x64;
-pdfimages.exe;miktex/bin/x64
+pdfimages.exe;miktex/bin/x64;
-pdfinfo.exe;miktex/bin/x64
+pdfinfo.exe;miktex/bin/x64;
-pdfseparate.exe;miktex/bin/x64
+pdfseparate.exe;miktex/bin/x64;
-pdftocairo.exe;miktex/bin/x64
+pdftocairo.exe;miktex/bin/x64;
-pdftohtml.exe;miktex/bin/x64
+pdftohtml.exe;miktex/bin/x64;
-pdftoppm.exe;miktex/bin/x64
+pdftoppm.exe;miktex/bin/x64;
-pdftops.exe;miktex/bin/x64
+pdftops.exe;miktex/bin/x64;
-pdftotext.exe;miktex/bin/x64
+pdftotext.exe;miktex/bin/x64;
-pdfunite.exe;miktex/bin/x64
+pdfunite.exe;miktex/bin/x64;
-fc-cache.exe;miktex/bin/x64
+fc-cache.exe;miktex/bin/x64;
-fc-cat.exe;miktex/bin/x64
+fc-cat.exe;miktex/bin/x64;
-fc-conflist.exe;miktex/bin/x64
+fc-conflist.exe;miktex/bin/x64;
-fc-list.exe;miktex/bin/x64
+fc-list.exe;miktex/bin/x64;
-fc-match.exe;miktex/bin/x64
+fc-match.exe;miktex/bin/x64;
-fc-pattern.exe;miktex/bin/x64
+fc-pattern.exe;miktex/bin/x64;
-fc-query.exe;miktex/bin/x64
+fc-query.exe;miktex/bin/x64;
-fc-scan.exe;miktex/bin/x64
+fc-scan.exe;miktex/bin/x64;
-fc-validate.exe;miktex/bin/x64
+fc-validate.exe;miktex/bin/x64;
-cfftot1.exe;miktex/bin/x64
+cfftot1.exe;miktex/bin/x64;
-mmafm.exe;miktex/bin/x64
+mmafm.exe;miktex/bin/x64;
-mmpfb.exe;miktex/bin/x64
+mmpfb.exe;miktex/bin/x64;
-otfinfo.exe;miktex/bin/x64
+otfinfo.exe;miktex/bin/x64;
-otftotfm.exe;miktex/bin/x64
+otftotfm.exe;miktex/bin/x64;
-t1dotlessj.exe;miktex/bin/x64
+t1dotlessj.exe;miktex/bin/x64;
-t1lint.exe;miktex/bin/x64
+t1lint.exe;miktex/bin/x64;
-t1rawafm.exe;miktex/bin/x64
+t1rawafm.exe;miktex/bin/x64;
-t1reencode.exe;miktex/bin/x64
+t1reencode.exe;miktex/bin/x64;
-t1testpage.exe;miktex/bin/x64
+t1testpage.exe;miktex/bin/x64;
-ttftotype42.exe;miktex/bin/x64
+ttftotype42.exe;miktex/bin/x64;
-zip.exe;miktex/bin/x64
+zip.exe;miktex/bin/x64;
-miktex-taskbar-icon.exe;miktex/bin/x64
+miktex-taskbar-icon.exe;miktex/bin/x64;
-miktex-update.exe;miktex/bin/x64
+miktex-update.exe;miktex/bin/x64;
-miktex-update_admin.exe;miktex/bin/x64
+miktex-update_admin.exe;miktex/bin/x64;
-luahbtex.exe;miktex/bin/x64
+luahbtex.exe;miktex/bin/x64;
-miktex-lualatex.exe;miktex/bin/x64
+miktex-lualatex.exe;miktex/bin/x64;
-miktex-texlua.exe;miktex/bin/x64
+miktex-texlua.exe;miktex/bin/x64;
-miktex-texluac.exe;miktex/bin/x64
+miktex-texluac.exe;miktex/bin/x64;
-luatex.exe;miktex/bin/x64
+luatex.exe;miktex/bin/x64;
-texlua.exe;miktex/bin/x64
+texlua.exe;miktex/bin/x64;
-texluac.exe;miktex/bin/x64
+texluac.exe;miktex/bin/x64;
-latex-dev.exe;miktex/bin/x64
+latex-dev.exe;miktex/bin/x64;
-amstex.exe;miktex/bin/x64
+amstex.exe;miktex/bin/x64;
-lualatex-dev.exe;miktex/bin/x64
+lualatex-dev.exe;miktex/bin/x64;
-pdfcslatex.exe;miktex/bin/x64
+pdfcslatex.exe;miktex/bin/x64;
-pdfcsplain.exe;miktex/bin/x64
+pdfcsplain.exe;miktex/bin/x64;
-dviluatex.exe;miktex/bin/x64
+dviluatex.exe;miktex/bin/x64;
-csplain.exe;miktex/bin/x64
+csplain.exe;miktex/bin/x64;
-cslatex.exe;miktex/bin/x64
+cslatex.exe;miktex/bin/x64;
-mltex.exe;miktex/bin/x64
+mltex.exe;miktex/bin/x64;
-bagpipe.exe;miktex/bin/x64
+bagpipe.exe;miktex/bin/x64;
-lualatex.exe;miktex/bin/x64
+lualatex.exe;miktex/bin/x64;
-bplain.exe;miktex/bin/x64
+bplain.exe;miktex/bin/x64;
-optex.exe;miktex/bin/x64
+optex.exe;miktex/bin/x64;
-bagpipex.exe;miktex/bin/x64
+bagpipex.exe;miktex/bin/x64;
+dvilualatex-dev.exe;miktex/bin/x64;
-dvilualatex.exe;miktex/bin/x64
+dvilualatex.exe;miktex/bin/x64;
-uptex.exe;miktex/bin/x64
+uptex.exe;miktex/bin/x64;
-etex.exe;miktex/bin/x64
+etex.exe;miktex/bin/x64;
-jadetex.exe;miktex/bin/x64
+jadetex.exe;miktex/bin/x64;
-latex.exe;miktex/bin/x64
+latex.exe;miktex/bin/x64;
-luahblatex-dev.exe;miktex/bin/x64
+luahblatex-dev.exe;miktex/bin/x64;
-luahblatex.exe;miktex/bin/x64
+luahblatex.exe;miktex/bin/x64;
-utf8mex.exe;miktex/bin/x64
+utf8mex.exe;miktex/bin/x64;
-luahbtex.exe;miktex/bin/x64
+luahbtex.exe;miktex/bin/x64;
-uplatex-dev.exe;miktex/bin/x64
+uplatex-dev.exe;miktex/bin/x64;
-luatex.exe;miktex/bin/x64
+luatex.exe;miktex/bin/x64;
-mf.exe;miktex/bin/x64
+mf.exe;miktex/bin/x64;
-mllatex.exe;miktex/bin/x64
+mllatex.exe;miktex/bin/x64;
-eptex.exe;miktex/bin/x64
+eptex.exe;miktex/bin/x64;
-pdfetex.exe;miktex/bin/x64
+pdfetex.exe;miktex/bin/x64;
-pdfjadetex.exe;miktex/bin/x64
+pdfjadetex.exe;miktex/bin/x64;
-pdflatex-dev.exe;miktex/bin/x64
+pdflatex-dev.exe;miktex/bin/x64;
-dvilualollipop.exe;miktex/bin/x64
+dvilualollipop.exe;miktex/bin/x64;
-pdflatex.exe;miktex/bin/x64
+pdflatex.exe;miktex/bin/x64;
-lualollipop.exe;miktex/bin/x64
+lualollipop.exe;miktex/bin/x64;
-pdftex.exe;miktex/bin/x64
+pdftex.exe;miktex/bin/x64;
-ptex.exe;miktex/bin/x64
+ptex.exe;miktex/bin/x64;
-xelatex.exe;miktex/bin/x64
+xelatex.exe;miktex/bin/x64;
-euptex.exe;miktex/bin/x64
+euptex.exe;miktex/bin/x64;
-platex.exe;miktex/bin/x64
+platex.exe;miktex/bin/x64;
-platex-dev.exe;miktex/bin/x64
+platex-dev.exe;miktex/bin/x64;
-uplatex.exe;miktex/bin/x64
+uplatex.exe;miktex/bin/x64;
-tex.exe;miktex/bin/x64
+tex.exe;miktex/bin/x64;
-xmltex.exe;miktex/bin/x64
+xmltex.exe;miktex/bin/x64;
-pdfxmltex.exe;miktex/bin/x64
+pdfxmltex.exe;miktex/bin/x64;
-xetex.exe;miktex/bin/x64
+xetex.exe;miktex/bin/x64;
-xelatex-dev.exe;miktex/bin/x64
+xelatex-dev.exe;miktex/bin/x64;
-dvilollipop.exe;miktex/bin/x64
+dvilollipop.exe;miktex/bin/x64;
-lollipop.exe;miktex/bin/x64
+lollipop.exe;miktex/bin/x64;
-a5toa4.exe;miktex/bin/x64
+a5toa4.exe;miktex/bin/x64;
-mkcharacters.exe;miktex/bin/x64
+mkcharacters.exe;miktex/bin/x64;
-checkcites.exe;miktex/bin/x64
+checkcites.exe;miktex/bin/x64;
-luamesh.exe;miktex/bin/x64
+luamesh.exe;miktex/bin/x64;
-l3build.exe;miktex/bin/x64
+l3build.exe;miktex/bin/x64;
-cluttex.exe;miktex/bin/x64
+cluttex.exe;miktex/bin/x64;
-ctanbib.exe;miktex/bin/x64
+ctanbib.exe;miktex/bin/x64;
-llmk.exe;miktex/bin/x64
+llmk.exe;miktex/bin/x64;
-epspdf.exe;miktex/bin/x64
+epspdf.exe;miktex/bin/x64;
-getmapdl.exe;miktex/bin/x64
+getmapdl.exe;miktex/bin/x64;
-luacolor.exe;miktex/bin/x64
+luacolor.exe;miktex/bin/x64;
-luafindfont.exe;miktex/bin/x64
+luafindfont.exe;miktex/bin/x64;
-luaotfload-tool.exe;miktex/bin/x64
+luaotfload-tool.exe;miktex/bin/x64;
-lyluatex.exe;miktex/bin/x64
+lyluatex.exe;miktex/bin/x64;
-lwarpmk.exe;miktex/bin/x64
+lwarpmk.exe;miktex/bin/x64;
-m-tx.exe;miktex/bin/x64
+m-tx.exe;miktex/bin/x64;
-magicnum.exe;miktex/bin/x64
+magicnum.exe;miktex/bin/x64;
-make4ht.exe;miktex/bin/x64
+make4ht.exe;miktex/bin/x64;
-makeglossaries-lite.exe;miktex/bin/x64
+makeglossaries-lite.exe;miktex/bin/x64;
+markdown-cli.exe;miktex/bin/x64;
-xindex.exe;miktex/bin/x64
+xindex.exe;miktex/bin/x64;
-mkglyphlist.exe;miktex/bin/x64
+mkglyphlist.exe;miktex/bin/x64;
-mkluatexfontdb.exe;miktex/bin/x64
+mkluatexfontdb.exe;miktex/bin/x64;
-musixflx.exe;miktex/bin/x64
+musixflx.exe;miktex/bin/x64;
-musixtex.exe;miktex/bin/x64
+musixtex.exe;miktex/bin/x64;
-pfarrei.exe;miktex/bin/x64
+pfarrei.exe;miktex/bin/x64;
-ptex2pdf.exe;miktex/bin/x64
+ptex2pdf.exe;miktex/bin/x64;
-songidx.exe;miktex/bin/x64
+songidx.exe;miktex/bin/x64;
-tex4ebook.exe;miktex/bin/x64
+tex4ebook.exe;miktex/bin/x64;
-latexpand.exe;miktex/bin/x64
+latexpand.exe;miktex/bin/x64;
-authorindex.exe;miktex/bin/x64
+authorindex.exe;miktex/bin/x64;
-ctan-o-mat.exe;miktex/bin/x64
+ctan-o-mat.exe;miktex/bin/x64;
-arlatex.exe;miktex/bin/x64
+arlatex.exe;miktex/bin/x64;
-abs2rel.exe;miktex/bin/x64
+abs2rel.exe;miktex/bin/x64;
-a2ping.exe;miktex/bin/x64
+a2ping.exe;miktex/bin/x64;
-bib2xhtml.exe;miktex/bin/x64
+bib2xhtml.exe;miktex/bin/x64;
-komkindex.exe;miktex/bin/x64
+komkindex.exe;miktex/bin/x64;
-findhyph.exe;miktex/bin/x64
+findhyph.exe;miktex/bin/x64;
-ctanify.exe;miktex/bin/x64
+ctanify.exe;miktex/bin/x64;
-afm2afm.exe;miktex/bin/x64
+afm2afm.exe;miktex/bin/x64;
-ltximg.exe;miktex/bin/x64
+ltximg.exe;miktex/bin/x64;
-csvtools.exe;miktex/bin/x64
+csvtools.exe;miktex/bin/x64;
-autoinst.exe;miktex/bin/x64
+autoinst.exe;miktex/bin/x64;
-fullref.exe;miktex/bin/x64
+fullref.exe;miktex/bin/x64;
-bibdoiadd.exe;miktex/bin/x64
+bibdoiadd.exe;miktex/bin/x64;
-mf2pt1.exe;miktex/bin/x64
+mf2pt1.exe;miktex/bin/x64;
-bibhtml.exe;miktex/bin/x64
+bibhtml.exe;miktex/bin/x64;
-bundledoc.exe;miktex/bin/x64
+bundledoc.exe;miktex/bin/x64;
-bibzbladd.exe;miktex/bin/x64
+bibzbladd.exe;miktex/bin/x64;
-birm.exe;miktex/bin/x64
+birm.exe;miktex/bin/x64;
-ibyhyph.exe;miktex/bin/x64
+ibyhyph.exe;miktex/bin/x64;
-chklref.exe;miktex/bin/x64
+chklref.exe;miktex/bin/x64;
-cjk-gs-integrate.exe;miktex/bin/x64
+cjk-gs-integrate.exe;miktex/bin/x64;
-creatdtx.exe;miktex/bin/x64
+creatdtx.exe;miktex/bin/x64;
-ctanupload.exe;miktex/bin/x64
+ctanupload.exe;miktex/bin/x64;
-htmove.exe;miktex/bin/x64
+htmove.exe;miktex/bin/x64;
-dad-to-utf8.exe;miktex/bin/x64
+dad-to-utf8.exe;miktex/bin/x64;
-dosepsbin.exe;miktex/bin/x64
+dosepsbin.exe;miktex/bin/x64;
-dviinfox.exe;miktex/bin/x64
+dviinfox.exe;miktex/bin/x64;
-htcopy.exe;miktex/bin/x64
+htcopy.exe;miktex/bin/x64;
-etexdef.exe;miktex/bin/x64
+etexdef.exe;miktex/bin/x64;
-latexindent.exe;miktex/bin/x64
+latexindent.exe;miktex/bin/x64;
-latexdiff-fast.exe;miktex/bin/x64
+latexdiff-fast.exe;miktex/bin/x64;
-pdfatfi.exe;miktex/bin/x64
+pdfatfi.exe;miktex/bin/x64;
+kanji-config-updmap-user.exe;miktex/bin/x64;
-exceltex.exe;miktex/bin/x64
+exceltex.exe;miktex/bin/x64;
-extractres.exe;miktex/bin/x64
+extractres.exe;miktex/bin/x64;
-feynmf.exe;miktex/bin/x64
+feynmf.exe;miktex/bin/x64;
-fig4latex.exe;miktex/bin/x64
+fig4latex.exe;miktex/bin/x64;
-ketcindy.exe;miktex/bin/x64
+ketcindy.exe;miktex/bin/x64;
-isi2bibtex.exe;miktex/bin/x64
+isi2bibtex.exe;miktex/bin/x64;
-jamo-normalize.exe;miktex/bin/x64
+jamo-normalize.exe;miktex/bin/x64;
-latexdiff.exe;miktex/bin/x64
+latexdiff.exe;miktex/bin/x64;
-jfmutil.exe;miktex/bin/x64
+jfmutil.exe;miktex/bin/x64;
+kanji-config-updmap.exe;miktex/bin/x64;
+kanji-config-updmap-sys.exe;miktex/bin/x64;
+kanji-fontmap-creator.exe;miktex/bin/x64;
-texdirflatten.exe;miktex/bin/x64
+texdirflatten.exe;miktex/bin/x64;
-makejmlrbook.exe;miktex/bin/x64
+makejmlrbook.exe;miktex/bin/x64;
-luatexdef.exe;miktex/bin/x64
+luatexdef.exe;miktex/bin/x64;
-latex-git-log.exe;miktex/bin/x64
+latex-git-log.exe;miktex/bin/x64;
-makedtx.exe;miktex/bin/x64
+makedtx.exe;miktex/bin/x64;
-pdftexdef.exe;miktex/bin/x64
+pdftexdef.exe;miktex/bin/x64;
-latex2man.exe;miktex/bin/x64
+latex2man.exe;miktex/bin/x64;
-latexdef.exe;miktex/bin/x64
+latexdef.exe;miktex/bin/x64;
-latexdiff-so.exe;miktex/bin/x64
+latexdiff-so.exe;miktex/bin/x64;
-latexdiff-vc.exe;miktex/bin/x64
+latexdiff-vc.exe;miktex/bin/x64;
-latexmk.exe;miktex/bin/x64
+latexmk.exe;miktex/bin/x64;
-mathspic113.exe;miktex/bin/x64
+mathspic113.exe;miktex/bin/x64;
-makeglossaries.exe;miktex/bin/x64
+makeglossaries.exe;miktex/bin/x64;
-latexrevise.exe;miktex/bin/x64
+latexrevise.exe;miktex/bin/x64;
-ltx2crossrefxml.exe;miktex/bin/x64
+ltx2crossrefxml.exe;miktex/bin/x64;
-lualatexdef.exe;miktex/bin/x64
+lualatexdef.exe;miktex/bin/x64;
-mathspic.exe;miktex/bin/x64
+mathspic.exe;miktex/bin/x64;
-mfirstuc.exe;miktex/bin/x64
+mfirstuc.exe;miktex/bin/x64;
-mk4ht.exe;miktex/bin/x64
+mk4ht.exe;miktex/bin/x64;
-mkjobtexmf.exe;miktex/bin/x64
+mkjobtexmf.exe;miktex/bin/x64;
-mkt1font.exe;miktex/bin/x64
+mkt1font.exe;miktex/bin/x64;
-mptopdf.exe;miktex/bin/x64
+mptopdf.exe;miktex/bin/x64;
-OOopict.exe;miktex/bin/x64
+OOopict.exe;miktex/bin/x64;
-orderrefs.exe;miktex/bin/x64
+orderrefs.exe;miktex/bin/x64;
-ot2kpx.exe;miktex/bin/x64
+ot2kpx.exe;miktex/bin/x64;
-pdfcrop.exe;miktex/bin/x64
+pdfcrop.exe;miktex/bin/x64;
-pdflatexdef.exe;miktex/bin/x64
+pdflatexdef.exe;miktex/bin/x64;
-pdflatexpicscale.exe;miktex/bin/x64
+pdflatexpicscale.exe;miktex/bin/x64;
-pedigree.exe;miktex/bin/x64
+pedigree.exe;miktex/bin/x64;
-perltex.exe;miktex/bin/x64
+perltex.exe;miktex/bin/x64;
-pkfix.exe;miktex/bin/x64
+pkfix.exe;miktex/bin/x64;
-pkfix-helper.exe;miktex/bin/x64
+pkfix-helper.exe;miktex/bin/x64;
-pn2pdf.exe;miktex/bin/x64
+pn2pdf.exe;miktex/bin/x64;
-psjoin.exe;miktex/bin/x64
+psjoin.exe;miktex/bin/x64;
-pst2pdf.exe;miktex/bin/x64
+pst2pdf.exe;miktex/bin/x64;
-rcsinfo.exe;miktex/bin/x64
+rcsinfo.exe;miktex/bin/x64;
-rubikrotation.exe;miktex/bin/x64
+rubikrotation.exe;miktex/bin/x64;
-splitindex.exe;miktex/bin/x64
+splitindex.exe;miktex/bin/x64;
-srcredact.exe;miktex/bin/x64
+srcredact.exe;miktex/bin/x64;
-sty2dtx.exe;miktex/bin/x64
+sty2dtx.exe;miktex/bin/x64;
-svn-multi.exe;miktex/bin/x64
+svn-multi.exe;miktex/bin/x64;
-texcount.exe;miktex/bin/x64
+texcount.exe;miktex/bin/x64;
-texdef.exe;miktex/bin/x64
+texdef.exe;miktex/bin/x64;
-texdiff.exe;miktex/bin/x64
+texdiff.exe;miktex/bin/x64;
-texfot.exe;miktex/bin/x64
+texfot.exe;miktex/bin/x64;
-texindy.exe;miktex/bin/x64
+texindy.exe;miktex/bin/x64;
-texloganalyser.exe;miktex/bin/x64
+texloganalyser.exe;miktex/bin/x64;
-thumbpdf.exe;miktex/bin/x64
+thumbpdf.exe;miktex/bin/x64;
-ttf2kotexfont.exe;miktex/bin/x64
+ttf2kotexfont.exe;miktex/bin/x64;
-txt2qq.exe;miktex/bin/x64
+txt2qq.exe;miktex/bin/x64;
-urlbst.exe;miktex/bin/x64
+urlbst.exe;miktex/bin/x64;
-utf8-to-dad.exe;miktex/bin/x64
+utf8-to-dad.exe;miktex/bin/x64;
-vpe.exe;miktex/bin/x64
+vpe.exe;miktex/bin/x64;
-vpl2ovp.exe;miktex/bin/x64
+vpl2ovp.exe;miktex/bin/x64;
-vpl2vpl.exe;miktex/bin/x64
+vpl2vpl.exe;miktex/bin/x64;
-xdv2pdf_mergemarks.exe;miktex/bin/x64
+xdv2pdf_mergemarks.exe;miktex/bin/x64;
-xelatexdef.exe;miktex/bin/x64
+xelatexdef.exe;miktex/bin/x64;
-xetexdef.exe;miktex/bin/x64
+xetexdef.exe;miktex/bin/x64;
-xindy.exe;miktex/bin/x64
+xindy.exe;miktex/bin/x64;
-biokey2html.exe;miktex/bin/x64
+biokey2html.exe;miktex/bin/x64;
-dumphint.exe;miktex/bin/x64
+dumphint.exe;miktex/bin/x64;
-ps2pdf14.exe;miktex/bin/x64
+ps2pdf14.exe;miktex/bin/x64;
-gsnd.exe;miktex/bin/x64
+gsnd.exe;miktex/bin/x64;
-eps2eps.exe;miktex/bin/x64
+eps2eps.exe;miktex/bin/x64;
-ps2ps2.exe;miktex/bin/x64
+ps2ps2.exe;miktex/bin/x64;
-gsbj.exe;miktex/bin/x64
+gsbj.exe;miktex/bin/x64;
-gssetgs.exe;miktex/bin/x64
+gssetgs.exe;miktex/bin/x64;
-font2c.exe;miktex/bin/x64
+font2c.exe;miktex/bin/x64;
-ps2ascii.exe;miktex/bin/x64
+ps2ascii.exe;miktex/bin/x64;
-gslj.exe;miktex/bin/x64
+gslj.exe;miktex/bin/x64;
-lpr2.exe;miktex/bin/x64
+lpr2.exe;miktex/bin/x64;
-gst.exe;miktex/bin/x64
+gst.exe;miktex/bin/x64;
-gsdj.exe;miktex/bin/x64
+gsdj.exe;miktex/bin/x64;
-gsdj500.exe;miktex/bin/x64
+gsdj500.exe;miktex/bin/x64;
-gslp.exe;miktex/bin/x64
+gslp.exe;miktex/bin/x64;
-lpgs.exe;miktex/bin/x64
+lpgs.exe;miktex/bin/x64;
-gsndt.exe;miktex/bin/x64
+gsndt.exe;miktex/bin/x64;
-wmakebat.exe;miktex/bin/x64
+wmakebat.exe;miktex/bin/x64;
-pf2afm.exe;miktex/bin/x64
+pf2afm.exe;miktex/bin/x64;
-gstt.exe;miktex/bin/x64
+gstt.exe;miktex/bin/x64;
-httexi.exe;miktex/bin/x64
+httexi.exe;miktex/bin/x64;
-ht.exe;miktex/bin/x64
+ht.exe;miktex/bin/x64;
-ps2pdf.exe;miktex/bin/x64
+ps2pdf.exe;miktex/bin/x64;
-htcontext.exe;miktex/bin/x64
+htcontext.exe;miktex/bin/x64;
-ps2ps.exe;miktex/bin/x64
+ps2ps.exe;miktex/bin/x64;
-htlatex.exe;miktex/bin/x64
+htlatex.exe;miktex/bin/x64;
-pdf2dsc.exe;miktex/bin/x64
+pdf2dsc.exe;miktex/bin/x64;
-htmex.exe;miktex/bin/x64
+htmex.exe;miktex/bin/x64;
-httex.exe;miktex/bin/x64
+httex.exe;miktex/bin/x64;
-htxelatex.exe;miktex/bin/x64
+htxelatex.exe;miktex/bin/x64;
-htxetex.exe;miktex/bin/x64
+htxetex.exe;miktex/bin/x64;
-pdf2ps.exe;miktex/bin/x64
+pdf2ps.exe;miktex/bin/x64;
-lp386.exe;miktex/bin/x64
+lp386.exe;miktex/bin/x64;
-lp386r2.exe;miktex/bin/x64
+lp386r2.exe;miktex/bin/x64;
-pdfopt.exe;miktex/bin/x64
+pdfopt.exe;miktex/bin/x64;
-pfbtopfa.exe;miktex/bin/x64
+pfbtopfa.exe;miktex/bin/x64;
-pftogsf.exe;miktex/bin/x64
+pftogsf.exe;miktex/bin/x64;
-ps2epsi.exe;miktex/bin/x64
+ps2epsi.exe;miktex/bin/x64;
-ps2pdf12.exe;miktex/bin/x64
+ps2pdf12.exe;miktex/bin/x64;
-ps2pdf13.exe;miktex/bin/x64
+ps2pdf13.exe;miktex/bin/x64;
-ps2pdfxx.exe;miktex/bin/x64
+ps2pdfxx.exe;miktex/bin/x64;
-ps4pdf.exe;miktex/bin/x64
+ps4pdf.exe;miktex/bin/x64;
-de-macro.exe;miktex/bin/x64
+de-macro.exe;miktex/bin/x64;
-merge-tex.exe;miktex/bin/x64
+merge-tex.exe;miktex/bin/x64;
-gfi-run.exe;miktex/bin/x64
+gfi-run.exe;miktex/bin/x64;
-latex-papersize.exe;miktex/bin/x64
+latex-papersize.exe;miktex/bin/x64;
-depythontex.exe;miktex/bin/x64
+depythontex.exe;miktex/bin/x64;
-dviasm.exe;miktex/bin/x64
+dviasm.exe;miktex/bin/x64;
-pypostproc.exe;miktex/bin/x64
+pypostproc.exe;miktex/bin/x64;
-mgetmref.exe;miktex/bin/x64
+mgetmref.exe;miktex/bin/x64;
-optexcount.exe;miktex/bin/x64
+optexcount.exe;miktex/bin/x64;
-pdfbook2.exe;miktex/bin/x64
+pdfbook2.exe;miktex/bin/x64;
-pgfplots.exe;miktex/bin/x64
+pgfplots.exe;miktex/bin/x64;
-pygmentex.exe;miktex/bin/x64
+pygmentex.exe;miktex/bin/x64;
-pypreproc.exe;miktex/bin/x64
+pypreproc.exe;miktex/bin/x64;
-pythontex.exe;miktex/bin/x64
+pythontex.exe;miktex/bin/x64;
-spix.exe;miktex/bin/x64
+spix.exe;miktex/bin/x64;
-webquiz.exe;miktex/bin/x64
+webquiz.exe;miktex/bin/x64;
-biber.exe;miktex/bin/x64
+biber.exe;miktex/bin/x64;
-latex2nemeth.exe;miktex/bin/x64
+latex2nemeth.exe;miktex/bin/x64;
-bib2gls.exe;miktex/bin/x64
+bib2gls.exe;miktex/bin/x64;
-arara.exe;miktex/bin/x64
+arara.exe;miktex/bin/x64;
-bmeditor.exe;miktex/bin/x64
+bmeditor.exe;miktex/bin/x64;
-convertgls2bib.exe;miktex/bin/x64
+convertgls2bib.exe;miktex/bin/x64;
-texosquery.exe;miktex/bin/x64
+texosquery.exe;miktex/bin/x64;
-texosquery-jre5.exe;miktex/bin/x64
+texosquery-jre5.exe;miktex/bin/x64;
-texosquery-jre8.exe;miktex/bin/x64
+texosquery-jre8.exe;miktex/bin/x64;
-texplate.exe;miktex/bin/x64
+texplate.exe;miktex/bin/x64;
