2022-01-07 23:38:33,696+0700 INFO  initexmf - this is MiKTeX Configuration Utility 4.7 (MiKTeX 21.12 Portable)
2022-01-07 23:38:33,696+0700 INFO  initexmf - this process (25372) started by 'miktex-portable' with command line: initexmf --rmfndb --log-file=E:\Projects\paper-latex\paper-latex-3\miktex\texmfs/install\miktex/config\uninst.log --disable-installer --verbose
2022-01-07 23:38:33,696+0700 INFO  initexmf - Operating on the private (per-user) MiKTeX setup
2022-01-07 23:38:33,697+0700 INFO  initexmf - this process (25372) finishes with exit code 0
2022-01-07 23:38:34,210+0700 INFO  initexmf - this is MiKTeX Configuration Utility 4.7 (MiKTeX 21.12 Portable)
2022-01-07 23:38:34,210+0700 INFO  initexmf - this process (20656) started by 'miktex-portable' with command line: initexmf --update-fndb --log-file=E:\Projects\paper-latex\paper-latex-3\miktex\texmfs/install\miktex/config\uninst.log --disable-installer --verbose
2022-01-07 23:38:34,211+0700 INFO  initexmf - Operating on the private (per-user) MiKTeX setup
2022-01-07 23:38:34,211+0700 INFO  initexmf - Creating fndb for common root directory (E:\Projects\paper-latex\paper-latex-3\miktex\texmfs/config)...
2022-01-07 23:38:34,221+0700 INFO  initexmf - Creating fndb for common root directory (E:\Projects\paper-latex\paper-latex-3\miktex\texmfs/data)...
2022-01-07 23:38:34,229+0700 INFO  initexmf - Creating fndb for common root directory (E:\Projects\paper-latex\paper-latex-3\miktex\texmfs\install)...
2022-01-07 23:38:35,853+0700 INFO  initexmf - Creating fndb for MPM...
2022-01-07 23:38:37,385+0700 INFO  initexmf - this process (20656) finishes with exit code 0
2022-01-07 23:38:37,561+0700 INFO  initexmf - this is MiKTeX Configuration Utility 4.7 (MiKTeX 21.12 Portable)
2022-01-07 23:38:37,561+0700 INFO  initexmf - this process (13860) started by 'miktex-portable' with command line: initexmf --force --mklinks --log-file=E:\Projects\paper-latex\paper-latex-3\miktex\texmfs/install\miktex/config\uninst.log --disable-installer --verbose
2022-01-07 23:38:37,561+0700 INFO  initexmf - Operating on the private (per-user) MiKTeX setup
2022-01-07 23:38:37,563+0700 INFO  initexmf - Collecting linked executables in target directory E:\Projects\paper-latex\paper-latex-3\miktex\texmfs\install\miktex/bin/x64...
2022-01-07 23:38:37,595+0700 WARN  initexmf - The lualatex executable could not be found.
2022-01-07 23:38:54,740+0700 INFO  initexmf - this process (13860) finishes with exit code 0
2022-01-07 23:38:54,927+0700 INFO  initexmf - this is MiKTeX Configuration Utility 4.7 (MiKTeX 21.12 Portable)
2022-01-07 23:38:54,927+0700 INFO  initexmf - this process (27000) started by 'miktex-portable' with command line: initexmf --mkmaps --mklangs --log-file=E:\Projects\paper-latex\paper-latex-3\miktex\texmfs/install\miktex/config\uninst.log --disable-installer --verbose
2022-01-07 23:38:54,927+0700 INFO  initexmf - Operating on the private (per-user) MiKTeX setup
2022-01-07 23:38:54,927+0700 INFO  initexmf - Creating language.dat, language.dat.lua and language.def...
2022-01-07 23:38:55,126+0700 INFO  initexmf - running: mkfntmap --verbose --disable-installer --miktex-disable-maintenance --miktex-disable-diagnose
2022-01-07 23:38:55,126+0700 INFO  initexmf.core - start process: mkfntmap --verbose --disable-installer --miktex-disable-maintenance --miktex-disable-diagnose
2022-01-07 23:38:58,933+0700 INFO  initexmf - this process (27000) finishes with exit code 0
2022-01-07 23:38:59,112+0700 INFO  initexmf - this is MiKTeX Configuration Utility 4.7 (MiKTeX 21.12 Portable)
2022-01-07 23:38:59,113+0700 INFO  initexmf - this process (20352) started by 'miktex-portable' with command line: initexmf --default-paper-size=A4 --log-file=E:\Projects\paper-latex\paper-latex-3\miktex\texmfs/install\miktex/config\uninst.log --disable-installer --verbose
2022-01-07 23:38:59,113+0700 INFO  initexmf - Operating on the private (per-user) MiKTeX setup
2022-01-07 23:38:59,175+0700 INFO  initexmf - this process (20352) finishes with exit code 0
2022-01-07 23:38:59,368+0700 INFO  initexmf - this is MiKTeX Configuration Utility 4.7 (MiKTeX 21.12 Portable)
2022-01-07 23:38:59,368+0700 INFO  initexmf - this process (15756) started by 'miktex-portable' with command line: initexmf --set-config-value=[MPM]AutoInstall=1 --log-file=E:\Projects\paper-latex\paper-latex-3\miktex\texmfs/install\miktex/config\uninst.log --disable-installer --verbose
2022-01-07 23:38:59,368+0700 INFO  initexmf - Operating on the private (per-user) MiKTeX setup
2022-01-07 23:38:59,369+0700 INFO  initexmf - Setting config value: [MPM]AutoInstall=1
2022-01-07 23:38:59,415+0700 INFO  initexmf - this process (15756) finishes with exit code 0
2022-01-07 23:38:59,591+0700 INFO  initexmf - this is MiKTeX Configuration Utility 4.7 (MiKTeX 21.12 Portable)
2022-01-07 23:38:59,591+0700 INFO  initexmf - this process (13124) started by 'miktex-portable' with command line: initexmf --update-fndb --log-file=E:\Projects\paper-latex\paper-latex-3\miktex\texmfs/install\miktex/config\uninst.log --disable-installer --verbose
2022-01-07 23:38:59,591+0700 INFO  initexmf - Operating on the private (per-user) MiKTeX setup
2022-01-07 23:38:59,631+0700 INFO  initexmf - Creating fndb for common root directory (E:\Projects\paper-latex\paper-latex-3\miktex\texmfs/config)...
2022-01-07 23:38:59,643+0700 INFO  initexmf - Creating fndb for common root directory (E:\Projects\paper-latex\paper-latex-3\miktex\texmfs/data)...
2022-01-07 23:38:59,651+0700 INFO  initexmf - Creating fndb for common root directory (E:\Projects\paper-latex\paper-latex-3\miktex\texmfs\install)...
2022-01-07 23:39:00,857+0700 INFO  initexmf - Creating fndb for MPM...
2022-01-07 23:39:02,572+0700 INFO  initexmf - this process (13124) finishes with exit code 0
2022-01-07 23:39:02,755+0700 INFO  initexmf - this is MiKTeX Configuration Utility 4.7 (MiKTeX 21.12 Portable)
2022-01-07 23:39:02,755+0700 INFO  initexmf - this process (20164) started by 'miktex-portable' with command line: initexmf --report --log-file=E:\Projects\paper-latex\paper-latex-3\miktex\texmfs/install\miktex/config\uninst.log --disable-installer --verbose
2022-01-07 23:39:02,755+0700 INFO  initexmf - Operating on the private (per-user) MiKTeX setup
2022-01-07 23:39:02,898+0700 ERROR initexmf.core - Something is wrong with the PATH:
2022-01-07 23:39:02,899+0700 ERROR initexmf.core - C:\Program Files\ImageMagick-7.1.0-Q16-HDRI;C:\Program Files (x86)\Common Files\Intel\Shared Libraries\redist\intel64_win\compiler;C:\Program Files (x86)\Common Files\Intel\Shared Libraries\redist\ia32_win\compiler;C:\Program Files (x86)\Common Files\Intel\Shared Libraries\redist\intel64\compiler;C:\WINDOWS\system32;C:\WINDOWS;C:\WINDOWS\System32\Wbem;C:\WINDOWS\System32\WindowsPowerShell\v1.0\;C:\WINDOWS\System32\OpenSSH\;C:\Program Files\nodejs\;C:\Program Files\dotnet\;C:\Program Files\Git\cmd;C:\Program Files (x86)\GnuWin32\bin;C:\Users\CHUNG\AppData\Local\Programs\Python\Python38\;C:\Program Files\gs\gs9.55.0\bin;C:\xampp\php;C:\ProgramData\ComposerSetup\bin;C:\Program Files\MySQL\MySQL Shell 8.0\bin\;C:\Users\CHUNG\AppData\Local\Programs\Python\Python37\Scripts\;C:\Users\CHUNG\AppData\Local\Programs\Python\Python37\;C:\Users\CHUNG\AppData\Local\Microsoft\WindowsApps;C:\Users\CHUNG\AppData\Roaming\npm;C:\Users\CHUNG\AppData\Local\Programs\Microsoft VS Code\bin;C:\Users\CHUNG\AppData\Local\Yarn\bin;C:\Program Files (x86)\GnuWin32\bin;C:\Users\CHUNG\.dotnet\tools;C:\Program Files\MiKTeX\miktex\bin\x64;C:\texlive\2021\bin\win32;C:\Program Files\gs\gs9.55.0\bin;C:\Users\CHUNG\AppData\Roaming\Composer\vendor\bin
2022-01-07 23:39:02,911+0700 ERROR initexmf.core - Something is wrong with the PATH:
2022-01-07 23:39:02,911+0700 ERROR initexmf.core - C:\Program Files\ImageMagick-7.1.0-Q16-HDRI;C:\Program Files (x86)\Common Files\Intel\Shared Libraries\redist\intel64_win\compiler;C:\Program Files (x86)\Common Files\Intel\Shared Libraries\redist\ia32_win\compiler;C:\Program Files (x86)\Common Files\Intel\Shared Libraries\redist\intel64\compiler;C:\WINDOWS\system32;C:\WINDOWS;C:\WINDOWS\System32\Wbem;C:\WINDOWS\System32\WindowsPowerShell\v1.0\;C:\WINDOWS\System32\OpenSSH\;C:\Program Files\nodejs\;C:\Program Files\dotnet\;C:\Program Files\Git\cmd;C:\Program Files (x86)\GnuWin32\bin;C:\Users\CHUNG\AppData\Local\Programs\Python\Python38\;C:\Program Files\gs\gs9.55.0\bin;C:\xampp\php;C:\ProgramData\ComposerSetup\bin;C:\Program Files\MySQL\MySQL Shell 8.0\bin\;C:\Users\CHUNG\AppData\Local\Programs\Python\Python37\Scripts\;C:\Users\CHUNG\AppData\Local\Programs\Python\Python37\;C:\Users\CHUNG\AppData\Local\Microsoft\WindowsApps;C:\Users\CHUNG\AppData\Roaming\npm;C:\Users\CHUNG\AppData\Local\Programs\Microsoft VS Code\bin;C:\Users\CHUNG\AppData\Local\Yarn\bin;C:\Program Files (x86)\GnuWin32\bin;C:\Users\CHUNG\.dotnet\tools;C:\Program Files\MiKTeX\miktex\bin\x64;C:\texlive\2021\bin\win32;C:\Program Files\gs\gs9.55.0\bin;C:\Users\CHUNG\AppData\Roaming\Composer\vendor\bin
2022-01-07 23:39:03,242+0700 INFO  initexmf - this process (20164) finishes with exit code 0
2022-01-07 23:39:38,549+0700 INFO  initexmf - this is MiKTeX Configuration Utility 4.7 (MiKTeX 21.12 Portable)
2022-01-07 23:39:38,549+0700 INFO  initexmf - this process (11364) started by 'miktex-console' with command line: initexmf --mkmaps
2022-01-07 23:39:38,549+0700 INFO  initexmf - Operating on the private (per-user) MiKTeX setup
2022-01-07 23:39:38,550+0700 INFO  initexmf - running: mkfntmap --enable-installer --miktex-disable-maintenance --miktex-disable-diagnose
2022-01-07 23:39:38,550+0700 INFO  initexmf.core - start process: mkfntmap --enable-installer --miktex-disable-maintenance --miktex-disable-diagnose
2022-01-07 23:39:39,485+0700 INFO  initexmf - this process (11364) finishes with exit code 0
2022-01-07 23:40:52,196+0700 INFO  initexmf - this is MiKTeX Configuration Utility 4.7 (MiKTeX 21.12.10 Portable)
2022-01-07 23:40:52,196+0700 INFO  initexmf - this process (16076) started by 'miktex-console' with command line: initexmf --mkmaps
2022-01-07 23:40:52,196+0700 INFO  initexmf - Operating on the private (per-user) MiKTeX setup
2022-01-07 23:40:52,197+0700 INFO  initexmf - running: mkfntmap --enable-installer --miktex-disable-maintenance --miktex-disable-diagnose
2022-01-07 23:40:52,197+0700 INFO  initexmf.core - start process: mkfntmap --enable-installer --miktex-disable-maintenance --miktex-disable-diagnose
2022-01-07 23:40:53,695+0700 INFO  initexmf - this process (16076) finishes with exit code 0
2022-01-07 23:40:54,280+0700 INFO  initexmf - this is MiKTeX Configuration Utility 4.7 (MiKTeX 21.12.10 Portable)
2022-01-07 23:40:54,281+0700 INFO  initexmf - this process (13528) started by 'miktex-console' with command line: initexmf --update-fndb --disable-installer --verbose
2022-01-07 23:40:54,281+0700 INFO  initexmf - Operating on the private (per-user) MiKTeX setup
2022-01-07 23:40:54,321+0700 INFO  initexmf - Creating fndb for common root directory (E:\Projects\paper-latex\paper-latex-3\miktex\texmfs/config)...
2022-01-07 23:40:54,333+0700 INFO  initexmf - Creating fndb for common root directory (E:\Projects\paper-latex\paper-latex-3\miktex\texmfs/data)...
2022-01-07 23:40:54,342+0700 INFO  initexmf - Creating fndb for common root directory (E:\Projects\paper-latex\paper-latex-3\miktex\texmfs\install)...
2022-01-07 23:40:54,534+0700 ERROR initexmf.core - Access is denied.

2022-01-07 23:40:54,534+0700 ERROR initexmf.core - Function: DeleteFileW
2022-01-07 23:40:54,534+0700 ERROR initexmf.core - Result: 5
2022-01-07 23:40:54,534+0700 ERROR initexmf.core - Data: path="E:\Projects\paper-latex\paper-latex-3\miktex\texmfs\install\miktex\bin\x64\MiKTeX211200-apr.dll.(old)"
2022-01-07 23:40:54,534+0700 ERROR initexmf.core - Source: Libraries\MiKTeX\Core\File\win\winFile.cpp:320
2022-01-07 23:40:54,534+0700 ERROR initexmf.core - Access is denied.

2022-01-07 23:40:54,534+0700 ERROR initexmf.core - Function: DeleteFileW
2022-01-07 23:40:54,534+0700 ERROR initexmf.core - Result: 5
2022-01-07 23:40:54,534+0700 ERROR initexmf.core - Data: path="E:\Projects\paper-latex\paper-latex-3\miktex\texmfs\install\miktex\bin\x64\MiKTeX211200-aprutil.dll.(old)"
2022-01-07 23:40:54,534+0700 ERROR initexmf.core - Source: Libraries\MiKTeX\Core\File\win\winFile.cpp:320
2022-01-07 23:40:54,534+0700 ERROR initexmf.core - Access is denied.

2022-01-07 23:40:54,534+0700 ERROR initexmf.core - Function: DeleteFileW
2022-01-07 23:40:54,534+0700 ERROR initexmf.core - Result: 5
2022-01-07 23:40:54,535+0700 ERROR initexmf.core - Data: path="E:\Projects\paper-latex\paper-latex-3\miktex\texmfs\install\miktex\bin\x64\MiKTeX211200-bzip2.dll.(old)"
2022-01-07 23:40:54,535+0700 ERROR initexmf.core - Source: Libraries\MiKTeX\Core\File\win\winFile.cpp:320
2022-01-07 23:40:54,535+0700 ERROR initexmf.core - Access is denied.

2022-01-07 23:40:54,535+0700 ERROR initexmf.core - Function: DeleteFileW
2022-01-07 23:40:54,535+0700 ERROR initexmf.core - Result: 5
2022-01-07 23:40:54,535+0700 ERROR initexmf.core - Data: path="E:\Projects\paper-latex\paper-latex-3\miktex\texmfs\install\miktex\bin\x64\MiKTeX211200-core.dll.(old)"
2022-01-07 23:40:54,535+0700 ERROR initexmf.core - Source: Libraries\MiKTeX\Core\File\win\winFile.cpp:320
2022-01-07 23:40:54,535+0700 ERROR initexmf.core - Access is denied.

2022-01-07 23:40:54,535+0700 ERROR initexmf.core - Function: DeleteFileW
2022-01-07 23:40:54,535+0700 ERROR initexmf.core - Result: 5
2022-01-07 23:40:54,535+0700 ERROR initexmf.core - Data: path="E:\Projects\paper-latex\paper-latex-3\miktex\texmfs\install\miktex\bin\x64\MiKTeX211200-curl.dll.(old)"
2022-01-07 23:40:54,535+0700 ERROR initexmf.core - Source: Libraries\MiKTeX\Core\File\win\winFile.cpp:320
2022-01-07 23:40:54,535+0700 ERROR initexmf.core - Access is denied.

2022-01-07 23:40:54,535+0700 ERROR initexmf.core - Function: DeleteFileW
2022-01-07 23:40:54,535+0700 ERROR initexmf.core - Result: 5
2022-01-07 23:40:54,535+0700 ERROR initexmf.core - Data: path="E:\Projects\paper-latex\paper-latex-3\miktex\texmfs\install\miktex\bin\x64\MiKTeX211200-expat.dll.(old)"
2022-01-07 23:40:54,535+0700 ERROR initexmf.core - Source: Libraries\MiKTeX\Core\File\win\winFile.cpp:320
2022-01-07 23:40:54,536+0700 ERROR initexmf.core - Access is denied.

2022-01-07 23:40:54,536+0700 ERROR initexmf.core - Function: DeleteFileW
2022-01-07 23:40:54,536+0700 ERROR initexmf.core - Result: 5
2022-01-07 23:40:54,536+0700 ERROR initexmf.core - Data: path="E:\Projects\paper-latex\paper-latex-3\miktex\texmfs\install\miktex\bin\x64\MiKTeX211200-extractor.dll.(old)"
2022-01-07 23:40:54,536+0700 ERROR initexmf.core - Source: Libraries\MiKTeX\Core\File\win\winFile.cpp:320
2022-01-07 23:40:54,536+0700 ERROR initexmf.core - Access is denied.

2022-01-07 23:40:54,536+0700 ERROR initexmf.core - Function: DeleteFileW
2022-01-07 23:40:54,536+0700 ERROR initexmf.core - Result: 5
2022-01-07 23:40:54,536+0700 ERROR initexmf.core - Data: path="E:\Projects\paper-latex\paper-latex-3\miktex\texmfs\install\miktex\bin\x64\MiKTeX211200-fmt.dll.(old)"
2022-01-07 23:40:54,536+0700 ERROR initexmf.core - Source: Libraries\MiKTeX\Core\File\win\winFile.cpp:320
2022-01-07 23:40:54,536+0700 ERROR initexmf.core - Access is denied.

2022-01-07 23:40:54,536+0700 ERROR initexmf.core - Function: DeleteFileW
2022-01-07 23:40:54,536+0700 ERROR initexmf.core - Result: 5
2022-01-07 23:40:54,536+0700 ERROR initexmf.core - Data: path="E:\Projects\paper-latex\paper-latex-3\miktex\texmfs\install\miktex\bin\x64\MiKTeX211200-libressl-crypto.dll.(old)"
2022-01-07 23:40:54,536+0700 ERROR initexmf.core - Source: Libraries\MiKTeX\Core\File\win\winFile.cpp:320
2022-01-07 23:40:54,537+0700 ERROR initexmf.core - Access is denied.

2022-01-07 23:40:54,537+0700 ERROR initexmf.core - Function: DeleteFileW
2022-01-07 23:40:54,537+0700 ERROR initexmf.core - Result: 5
2022-01-07 23:40:54,537+0700 ERROR initexmf.core - Data: path="E:\Projects\paper-latex\paper-latex-3\miktex\texmfs\install\miktex\bin\x64\MiKTeX211200-loc.dll.(old)"
2022-01-07 23:40:54,537+0700 ERROR initexmf.core - Source: Libraries\MiKTeX\Core\File\win\winFile.cpp:320
2022-01-07 23:40:54,537+0700 ERROR initexmf.core - Access is denied.

2022-01-07 23:40:54,537+0700 ERROR initexmf.core - Function: DeleteFileW
2022-01-07 23:40:54,537+0700 ERROR initexmf.core - Result: 5
2022-01-07 23:40:54,537+0700 ERROR initexmf.core - Data: path="E:\Projects\paper-latex\paper-latex-3\miktex\texmfs\install\miktex\bin\x64\MiKTeX211200-log4cxx.dll.(old)"
2022-01-07 23:40:54,537+0700 ERROR initexmf.core - Source: Libraries\MiKTeX\Core\File\win\winFile.cpp:320
2022-01-07 23:40:54,537+0700 ERROR initexmf.core - Access is denied.

2022-01-07 23:40:54,537+0700 ERROR initexmf.core - Function: DeleteFileW
2022-01-07 23:40:54,537+0700 ERROR initexmf.core - Result: 5
2022-01-07 23:40:54,537+0700 ERROR initexmf.core - Data: path="E:\Projects\paper-latex\paper-latex-3\miktex\texmfs\install\miktex\bin\x64\MiKTeX211200-lzma2.dll.(old)"
2022-01-07 23:40:54,537+0700 ERROR initexmf.core - Source: Libraries\MiKTeX\Core\File\win\winFile.cpp:320
2022-01-07 23:40:54,537+0700 ERROR initexmf.core - Access is denied.

2022-01-07 23:40:54,537+0700 ERROR initexmf.core - Function: DeleteFileW
2022-01-07 23:40:54,537+0700 ERROR initexmf.core - Result: 5
2022-01-07 23:40:54,537+0700 ERROR initexmf.core - Data: path="E:\Projects\paper-latex\paper-latex-3\miktex\texmfs\install\miktex\bin\x64\MiKTeX211200-md5.dll.(old)"
2022-01-07 23:40:54,538+0700 ERROR initexmf.core - Source: Libraries\MiKTeX\Core\File\win\winFile.cpp:320
2022-01-07 23:40:54,538+0700 ERROR initexmf.core - Access is denied.

2022-01-07 23:40:54,538+0700 ERROR initexmf.core - Function: DeleteFileW
2022-01-07 23:40:54,538+0700 ERROR initexmf.core - Result: 5
2022-01-07 23:40:54,538+0700 ERROR initexmf.core - Data: path="E:\Projects\paper-latex\paper-latex-3\miktex\texmfs\install\miktex\bin\x64\MiKTeX211200-mspack.dll.(old)"
2022-01-07 23:40:54,538+0700 ERROR initexmf.core - Source: Libraries\MiKTeX\Core\File\win\winFile.cpp:320
2022-01-07 23:40:54,538+0700 ERROR initexmf.core - Access is denied.

2022-01-07 23:40:54,538+0700 ERROR initexmf.core - Function: DeleteFileW
2022-01-07 23:40:54,538+0700 ERROR initexmf.core - Result: 5
2022-01-07 23:40:54,538+0700 ERROR initexmf.core - Data: path="E:\Projects\paper-latex\paper-latex-3\miktex\texmfs\install\miktex\bin\x64\MiKTeX211200-packagemanager.dll.(old)"
2022-01-07 23:40:54,538+0700 ERROR initexmf.core - Source: Libraries\MiKTeX\Core\File\win\winFile.cpp:320
2022-01-07 23:40:54,538+0700 ERROR initexmf.core - Access is denied.

2022-01-07 23:40:54,538+0700 ERROR initexmf.core - Function: DeleteFileW
2022-01-07 23:40:54,538+0700 ERROR initexmf.core - Result: 5
2022-01-07 23:40:54,538+0700 ERROR initexmf.core - Data: path="E:\Projects\paper-latex\paper-latex-3\miktex\texmfs\install\miktex\bin\x64\MiKTeX211200-popt.dll.(old)"
2022-01-07 23:40:54,538+0700 ERROR initexmf.core - Source: Libraries\MiKTeX\Core\File\win\winFile.cpp:320
2022-01-07 23:40:54,539+0700 ERROR initexmf.core - Access is denied.

2022-01-07 23:40:54,539+0700 ERROR initexmf.core - Function: DeleteFileW
2022-01-07 23:40:54,539+0700 ERROR initexmf.core - Result: 5
2022-01-07 23:40:54,539+0700 ERROR initexmf.core - Data: path="E:\Projects\paper-latex\paper-latex-3\miktex\texmfs\install\miktex\bin\x64\MiKTeX211200-res.dll.(old)"
2022-01-07 23:40:54,539+0700 ERROR initexmf.core - Source: Libraries\MiKTeX\Core\File\win\winFile.cpp:320
2022-01-07 23:40:54,539+0700 ERROR initexmf.core - Access is denied.

2022-01-07 23:40:54,539+0700 ERROR initexmf.core - Function: DeleteFileW
2022-01-07 23:40:54,539+0700 ERROR initexmf.core - Result: 5
2022-01-07 23:40:54,539+0700 ERROR initexmf.core - Data: path="E:\Projects\paper-latex\paper-latex-3\miktex\texmfs\install\miktex\bin\x64\MiKTeX211200-setup.dll.(old)"
2022-01-07 23:40:54,539+0700 ERROR initexmf.core - Source: Libraries\MiKTeX\Core\File\win\winFile.cpp:320
2022-01-07 23:40:54,539+0700 ERROR initexmf.core - Access is denied.

2022-01-07 23:40:54,539+0700 ERROR initexmf.core - Function: DeleteFileW
2022-01-07 23:40:54,539+0700 ERROR initexmf.core - Result: 5
2022-01-07 23:40:54,539+0700 ERROR initexmf.core - Data: path="E:\Projects\paper-latex\paper-latex-3\miktex\texmfs\install\miktex\bin\x64\MiKTeX211200-trace.dll.(old)"
2022-01-07 23:40:54,539+0700 ERROR initexmf.core - Source: Libraries\MiKTeX\Core\File\win\winFile.cpp:320
2022-01-07 23:40:54,540+0700 ERROR initexmf.core - Access is denied.

2022-01-07 23:40:54,540+0700 ERROR initexmf.core - Function: DeleteFileW
2022-01-07 23:40:54,540+0700 ERROR initexmf.core - Result: 5
2022-01-07 23:40:54,540+0700 ERROR initexmf.core - Data: path="E:\Projects\paper-latex\paper-latex-3\miktex\texmfs\install\miktex\bin\x64\MiKTeX211200-ui-Qt.dll.(old)"
2022-01-07 23:40:54,540+0700 ERROR initexmf.core - Source: Libraries\MiKTeX\Core\File\win\winFile.cpp:320
2022-01-07 23:40:54,540+0700 ERROR initexmf.core - Access is denied.

2022-01-07 23:40:54,540+0700 ERROR initexmf.core - Function: DeleteFileW
2022-01-07 23:40:54,540+0700 ERROR initexmf.core - Result: 5
2022-01-07 23:40:54,540+0700 ERROR initexmf.core - Data: path="E:\Projects\paper-latex\paper-latex-3\miktex\texmfs\install\miktex\bin\x64\MiKTeX211200-uriparser.dll.(old)"
2022-01-07 23:40:54,540+0700 ERROR initexmf.core - Source: Libraries\MiKTeX\Core\File\win\winFile.cpp:320
2022-01-07 23:40:54,540+0700 ERROR initexmf.core - Access is denied.

2022-01-07 23:40:54,540+0700 ERROR initexmf.core - Function: DeleteFileW
2022-01-07 23:40:54,540+0700 ERROR initexmf.core - Result: 5
2022-01-07 23:40:54,540+0700 ERROR initexmf.core - Data: path="E:\Projects\paper-latex\paper-latex-3\miktex\texmfs\install\miktex\bin\x64\MiKTeX211200-utf8wrap.dll.(old)"
2022-01-07 23:40:54,540+0700 ERROR initexmf.core - Source: Libraries\MiKTeX\Core\File\win\winFile.cpp:320
2022-01-07 23:40:54,540+0700 ERROR initexmf.core - Access is denied.

2022-01-07 23:40:54,540+0700 ERROR initexmf.core - Function: DeleteFileW
2022-01-07 23:40:54,540+0700 ERROR initexmf.core - Result: 5
2022-01-07 23:40:54,541+0700 ERROR initexmf.core - Data: path="E:\Projects\paper-latex\paper-latex-3\miktex\texmfs\install\miktex\bin\x64\MiKTeX211200-util.dll.(old)"
2022-01-07 23:40:54,541+0700 ERROR initexmf.core - Source: Libraries\MiKTeX\Core\File\win\winFile.cpp:320
2022-01-07 23:40:54,541+0700 ERROR initexmf.core - Access is denied.

2022-01-07 23:40:54,541+0700 ERROR initexmf.core - Function: DeleteFileW
2022-01-07 23:40:54,541+0700 ERROR initexmf.core - Result: 5
2022-01-07 23:40:54,541+0700 ERROR initexmf.core - Data: path="E:\Projects\paper-latex\paper-latex-3\miktex\texmfs\install\miktex\bin\x64\MiKTeX211200-zlib.dll.(old)"
2022-01-07 23:40:54,541+0700 ERROR initexmf.core - Source: Libraries\MiKTeX\Core\File\win\winFile.cpp:320
2022-01-07 23:40:55,664+0700 INFO  initexmf - Creating fndb for MPM...
2022-01-07 23:40:57,294+0700 INFO  initexmf - this process (13528) finishes with exit code 0
2022-01-07 23:40:57,510+0700 INFO  initexmf - this is MiKTeX Configuration Utility 4.7 (MiKTeX 21.12.10 Portable)
2022-01-07 23:40:57,510+0700 INFO  initexmf - this process (6528) started by 'miktex-console' with command line: initexmf --force --mklinks --disable-installer --verbose
2022-01-07 23:40:57,510+0700 INFO  initexmf - Operating on the private (per-user) MiKTeX setup
2022-01-07 23:40:57,533+0700 INFO  initexmf - Collecting linked executables in target directory E:\Projects\paper-latex\paper-latex-3\miktex\texmfs\install\miktex/bin/x64...
2022-01-07 23:41:13,421+0700 ERROR initexmf.core - Access is denied.

2022-01-07 23:41:13,422+0700 ERROR initexmf.core - Function: DeleteFileW
2022-01-07 23:41:13,422+0700 ERROR initexmf.core - Result: 5
2022-01-07 23:41:13,422+0700 ERROR initexmf.core - Data: path="E:\Projects\paper-latex\paper-latex-3\miktex\texmfs\install\miktex\bin\x64\miktex-update.exe"
2022-01-07 23:41:13,422+0700 ERROR initexmf.core - Source: Libraries\MiKTeX\Core\File\win\winFile.cpp:320
2022-01-07 23:41:31,839+0700 INFO  initexmf.core - starting finish script
2022-01-07 23:41:31,839+0700 INFO  initexmf.core - start process: C:\WINDOWS\system32\cmd.exe /c C:\Users\CHUNG\AppData\Local\Temp\mik55213\initexmf-finish.cmd
2022-01-07 23:41:31,891+0700 INFO  initexmf - this process (6528) finishes with exit code 0
2022-01-07 23:41:41,237+0700 INFO  initexmf - this is MiKTeX Configuration Utility 4.7 (MiKTeX 21.12.10 Portable)
2022-01-07 23:41:41,237+0700 INFO  initexmf - this process (17376) started by 'miktex-console' with command line: initexmf --mkmaps --mklangs --disable-installer --verbose
2022-01-07 23:41:41,237+0700 INFO  initexmf - Operating on the private (per-user) MiKTeX setup
2022-01-07 23:41:41,237+0700 INFO  initexmf - Creating language.dat, language.dat.lua and language.def...
2022-01-07 23:41:41,601+0700 INFO  initexmf - running: mkfntmap --verbose --disable-installer --miktex-disable-maintenance --miktex-disable-diagnose
2022-01-07 23:41:41,601+0700 INFO  initexmf.core - start process: mkfntmap --verbose --disable-installer --miktex-disable-maintenance --miktex-disable-diagnose
2022-01-07 23:41:42,740+0700 INFO  initexmf - this process (17376) finishes with exit code 0
2022-01-07 23:41:59,690+0700 INFO  initexmf - this is MiKTeX Configuration Utility 4.7 (MiKTeX 21.12.10 Portable)
2022-01-07 23:41:59,691+0700 INFO  initexmf - this process (20320) started by 'miktex-console' with command line: initexmf --mkmaps
2022-01-07 23:41:59,691+0700 INFO  initexmf - Operating on the private (per-user) MiKTeX setup
2022-01-07 23:41:59,691+0700 INFO  initexmf - running: mkfntmap --enable-installer --miktex-disable-maintenance --miktex-disable-diagnose
2022-01-07 23:41:59,691+0700 INFO  initexmf.core - start process: mkfntmap --enable-installer --miktex-disable-maintenance --miktex-disable-diagnose
2022-01-07 23:42:00,319+0700 INFO  initexmf - this process (20320) finishes with exit code 0
2022-01-07 23:42:49,058+0700 INFO  initexmf - this is MiKTeX Configuration Utility 4.7 (MiKTeX 21.12.10 Portable)
2022-01-07 23:42:49,059+0700 INFO  initexmf - this process (15520) started by 'miktex-console' with command line: initexmf --mkmaps
2022-01-07 23:42:49,059+0700 INFO  initexmf - Operating on the private (per-user) MiKTeX setup
2022-01-07 23:42:49,059+0700 INFO  initexmf - running: mkfntmap --enable-installer --miktex-disable-maintenance --miktex-disable-diagnose
2022-01-07 23:42:49,060+0700 INFO  initexmf.core - start process: mkfntmap --enable-installer --miktex-disable-maintenance --miktex-disable-diagnose
2022-01-07 23:42:49,883+0700 INFO  initexmf - this process (15520) finishes with exit code 0
2022-01-07 23:42:55,812+0700 INFO  initexmf - this is MiKTeX Configuration Utility 4.7 (MiKTeX 21.12.10 Portable)
2022-01-07 23:42:55,812+0700 INFO  initexmf - this process (27196) started by 'pdflatex' with command line: initexmf --enable-installer --dump-by-name=pdflatex --engine=pdftex
2022-01-07 23:42:55,812+0700 INFO  initexmf - Operating on the private (per-user) MiKTeX setup
2022-01-07 23:42:55,815+0700 INFO  initexmf - running: miktex-makefmt.exe --engine=pdftex --dest-name=pdflatex --no-dump pdflatex.ini --engine-option=-tcx=cp227.tcx --enable-installer --miktex-disable-maintenance --miktex-disable-diagnose
2022-01-07 23:42:55,815+0700 INFO  initexmf.core - start process: miktex-makefmt.exe --engine=pdftex --dest-name=pdflatex --no-dump pdflatex.ini --engine-option=-tcx=cp227.tcx --enable-installer --miktex-disable-maintenance --miktex-disable-diagnose
2022-01-07 23:42:59,213+0700 INFO  initexmf - this process (27196) finishes with exit code 0
