2022-01-07 23:39:37,291+0700 INFO  main - starting: MiKTeX Console 4.5 (MiKTeX 21.12 Portable)
2022-01-07 23:39:37,297+0700 ERROR miktex-console.core - Something is wrong with the PATH:
2022-01-07 23:39:37,297+0700 ERROR miktex-console.core - C:\Program Files\ImageMagick-7.1.0-Q16-HDRI;C:\Program Files (x86)\Common Files\Intel\Shared Libraries\redist\intel64_win\compiler;C:\Program Files (x86)\Common Files\Intel\Shared Libraries\redist\ia32_win\compiler;C:\Program Files (x86)\Common Files\Intel\Shared Libraries\redist\intel64\compiler;C:\WINDOWS\system32;C:\WINDOWS;C:\WINDOWS\System32\Wbem;C:\WINDOWS\System32\WindowsPowerShell\v1.0\;C:\WINDOWS\System32\OpenSSH\;C:\Program Files\nodejs\;C:\Program Files\dotnet\;C:\Program Files\Git\cmd;C:\Program Files (x86)\GnuWin32\bin;C:\Users\CHUNG\AppData\Local\Programs\Python\Python38\;C:\Program Files\gs\gs9.55.0\bin;C:\xampp\php;C:\ProgramData\ComposerSetup\bin;C:\Program Files\MySQL\MySQL Shell 8.0\bin\;C:\Users\CHUNG\AppData\Local\Programs\Python\Python37\Scripts\;C:\Users\CHUNG\AppData\Local\Programs\Python\Python37\;C:\Users\CHUNG\AppData\Local\Microsoft\WindowsApps;C:\Users\CHUNG\AppData\Roaming\npm;C:\Users\CHUNG\AppData\Local\Programs\Microsoft VS Code\bin;C:\Users\CHUNG\AppData\Local\Yarn\bin;C:\Program Files (x86)\GnuWin32\bin;C:\Users\CHUNG\.dotnet\tools;C:\Program Files\MiKTeX\miktex\bin\x64;C:\texlive\2021\bin\win32;C:\Program Files\gs\gs9.55.0\bin;C:\Users\CHUNG\AppData\Roaming\Composer\vendor\bin
2022-01-07 23:39:38,203+0700 INFO  miktex-console.core - start process: initexmf --mkmaps
2022-01-07 23:39:40,934+0700 INFO  mainwindow - checking for updates...
2022-01-07 23:39:40,944+0700 INFO  miktex-console.packagemanager - searching for updateable packages
2022-01-07 23:39:40,963+0700 INFO  miktex-console.packagemanager - going to download https://api2.miktex.org/hello
2022-01-07 23:39:41,953+0700 INFO  miktex-console.packagemanager - going to download https://api2.miktex.org/repositories?&releaseState=Stable&orderBy=ranking&take=1&onlySecure=true
2022-01-07 23:39:42,152+0700 INFO  mainwindow - downloading https://mirrors.upm.edu.my/CTAN/systems/win32/miktex/tm/packages/miktex-zzdb3-2.9.tar.lzma...
2022-01-07 23:39:42,154+0700 INFO  miktex-console.packagemanager - going to download https://mirrors.upm.edu.my/CTAN/systems/win32/miktex/tm/packages/miktex-zzdb3-2.9.tar.lzma
2022-01-07 23:39:43,318+0700 INFO  mainwindow - 1.30 MB, 8.94 Mbit/s
2022-01-07 23:39:44,464+0700 INFO  mainwindow - updating package manifests (E:\Projects\paper-latex\paper-latex-3\miktex\texmfs\install\miktex/config\package-manifests.ini)...
2022-01-07 23:39:45,240+0700 INFO  mainwindow - installed 5040 package manifests
2022-01-07 23:39:45,242+0700 INFO  mainwindow - visiting repository https://mirrors.upm.edu.my/CTAN/systems/win32/miktex/tm/packages/...
2022-01-07 23:39:45,242+0700 INFO  mainwindow - repository type: remote package repository
2022-01-07 23:39:45,242+0700 INFO  mainwindow - loading package repository manifest...
2022-01-07 23:39:45,243+0700 INFO  mainwindow - downloading https://mirrors.upm.edu.my/CTAN/systems/win32/miktex/tm/packages/miktex-zzdb1-2.9.tar.lzma...
2022-01-07 23:39:45,243+0700 INFO  miktex-console.packagemanager - going to download https://mirrors.upm.edu.my/CTAN/systems/win32/miktex/tm/packages/miktex-zzdb1-2.9.tar.lzma
2022-01-07 23:39:45,477+0700 INFO  mainwindow - 0.26 MB, 8.85 Mbit/s
2022-01-07 23:39:47,998+0700 INFO  mainwindow - package repository digest: 1c039c0cac08483c18d528ba43321cc1
2022-01-07 23:39:56,109+0700 INFO  mainwindow - found 97 updates
2022-01-07 23:39:56,128+0700 ERROR miktex-console.core - Something is wrong with the PATH:
2022-01-07 23:39:56,128+0700 ERROR miktex-console.core - C:\Program Files\ImageMagick-7.1.0-Q16-HDRI;C:\Program Files (x86)\Common Files\Intel\Shared Libraries\redist\intel64_win\compiler;C:\Program Files (x86)\Common Files\Intel\Shared Libraries\redist\ia32_win\compiler;C:\Program Files (x86)\Common Files\Intel\Shared Libraries\redist\intel64\compiler;C:\WINDOWS\system32;C:\WINDOWS;C:\WINDOWS\System32\Wbem;C:\WINDOWS\System32\WindowsPowerShell\v1.0\;C:\WINDOWS\System32\OpenSSH\;C:\Program Files\nodejs\;C:\Program Files\dotnet\;C:\Program Files\Git\cmd;C:\Program Files (x86)\GnuWin32\bin;C:\Users\CHUNG\AppData\Local\Programs\Python\Python38\;C:\Program Files\gs\gs9.55.0\bin;C:\xampp\php;C:\ProgramData\ComposerSetup\bin;C:\Program Files\MySQL\MySQL Shell 8.0\bin\;C:\Users\CHUNG\AppData\Local\Programs\Python\Python37\Scripts\;C:\Users\CHUNG\AppData\Local\Programs\Python\Python37\;C:\Users\CHUNG\AppData\Local\Microsoft\WindowsApps;C:\Users\CHUNG\AppData\Roaming\npm;C:\Users\CHUNG\AppData\Local\Programs\Microsoft VS Code\bin;C:\Users\CHUNG\AppData\Local\Yarn\bin;C:\Program Files (x86)\GnuWin32\bin;C:\Users\CHUNG\.dotnet\tools;C:\Program Files\MiKTeX\miktex\bin\x64;C:\texlive\2021\bin\win32;C:\Program Files\gs\gs9.55.0\bin;C:\Users\CHUNG\AppData\Roaming\Composer\vendor\bin
2022-01-07 23:40:12,592+0700 INFO  mainwindow - installing updates...
2022-01-07 23:40:12,593+0700 INFO  miktex-console.packagemanager - going to download https://api2.miktex.org/repositories?&releaseState=Stable&orderBy=ranking&take=1&onlySecure=true
2022-01-07 23:40:13,383+0700 INFO  mainwindow - starting package maintenance...
2022-01-07 23:40:13,383+0700 INFO  mainwindow - installation directory: E:\Projects\paper-latex\paper-latex-3\miktex\texmfs\install
2022-01-07 23:40:13,383+0700 INFO  mainwindow - package repository: https://mirror.yongbok.net/ctan/systems/win32/miktex/tm/packages/
2022-01-07 23:40:13,527+0700 INFO  mainwindow - package repository digest: 1c039c0cac08483c18d528ba43321cc1
2022-01-07 23:40:13,528+0700 INFO  mainwindow - going to download 22811271 bytes
2022-01-07 23:40:13,528+0700 INFO  mainwindow - going to install 1247 file(s) (97 package(s))
2022-01-07 23:40:13,889+0700 INFO  miktex-console.packagemanager - installing package arabi
2022-01-07 23:40:13,889+0700 INFO  mainwindow - downloading https://mirror.yongbok.net/ctan/systems/win32/miktex/tm/packages/arabi.tar.lzma...
2022-01-07 23:40:13,889+0700 INFO  miktex-console.packagemanager - going to download https://mirror.yongbok.net/ctan/systems/win32/miktex/tm/packages/arabi.tar.lzma
2022-01-07 23:40:14,516+0700 INFO  mainwindow - 0.08 MB, 1.06 Mbit/s
2022-01-07 23:40:14,695+0700 INFO  mainwindow - extracting files from arabi.tar.lzma...
2022-01-07 23:40:15,139+0700 INFO  miktex-console.packagemanager - installing package babel
2022-01-07 23:40:15,140+0700 INFO  mainwindow - downloading https://mirror.yongbok.net/ctan/systems/win32/miktex/tm/packages/babel.tar.lzma...
2022-01-07 23:40:15,140+0700 INFO  miktex-console.packagemanager - going to download https://mirror.yongbok.net/ctan/systems/win32/miktex/tm/packages/babel.tar.lzma
2022-01-07 23:40:15,532+0700 INFO  mainwindow - 0.18 MB, 3.75 Mbit/s
2022-01-07 23:40:20,568+0700 INFO  mainwindow - extracting files from babel.tar.lzma...
2022-01-07 23:40:21,337+0700 INFO  miktex-console.packagemanager - installing package dvipdfmx
2022-01-07 23:40:21,338+0700 INFO  mainwindow - downloading https://mirror.yongbok.net/ctan/systems/win32/miktex/tm/packages/dvipdfmx.tar.lzma...
2022-01-07 23:40:21,338+0700 INFO  miktex-console.packagemanager - going to download https://mirror.yongbok.net/ctan/systems/win32/miktex/tm/packages/dvipdfmx.tar.lzma
2022-01-07 23:40:21,525+0700 INFO  mainwindow - 0.02 MB, 0.94 Mbit/s
2022-01-07 23:40:21,545+0700 INFO  mainwindow - extracting files from dvipdfmx.tar.lzma...
2022-01-07 23:40:21,828+0700 INFO  miktex-console.packagemanager - installing package graphics
2022-01-07 23:40:21,828+0700 INFO  mainwindow - downloading https://mirror.yongbok.net/ctan/systems/win32/miktex/tm/packages/graphics.tar.lzma...
2022-01-07 23:40:21,828+0700 INFO  miktex-console.packagemanager - going to download https://mirror.yongbok.net/ctan/systems/win32/miktex/tm/packages/graphics.tar.lzma
2022-01-07 23:40:21,925+0700 INFO  mainwindow - 0.02 MB, 1.29 Mbit/s
2022-01-07 23:40:21,950+0700 INFO  mainwindow - extracting files from graphics.tar.lzma...
2022-01-07 23:40:22,025+0700 INFO  miktex-console.packagemanager - installing package l3backend
2022-01-07 23:40:22,025+0700 INFO  mainwindow - downloading https://mirror.yongbok.net/ctan/systems/win32/miktex/tm/packages/l3backend.tar.lzma...
2022-01-07 23:40:22,025+0700 INFO  miktex-console.packagemanager - going to download https://mirror.yongbok.net/ctan/systems/win32/miktex/tm/packages/l3backend.tar.lzma
2022-01-07 23:40:22,120+0700 INFO  mainwindow - 0.02 MB, 1.27 Mbit/s
2022-01-07 23:40:22,139+0700 INFO  mainwindow - extracting files from l3backend.tar.lzma...
2022-01-07 23:40:22,212+0700 INFO  miktex-console.packagemanager - installing package miktex-arctrl-bin-x64-2.9
2022-01-07 23:40:22,212+0700 INFO  mainwindow - downloading https://mirror.yongbok.net/ctan/systems/win32/miktex/tm/packages/miktex-arctrl-bin-x64-2.9.tar.lzma...
2022-01-07 23:40:22,213+0700 INFO  miktex-console.packagemanager - going to download https://mirror.yongbok.net/ctan/systems/win32/miktex/tm/packages/miktex-arctrl-bin-x64-2.9.tar.lzma
2022-01-07 23:40:22,420+0700 INFO  mainwindow - 0.06 MB, 2.23 Mbit/s
2022-01-07 23:40:22,434+0700 INFO  mainwindow - extracting files from miktex-arctrl-bin-x64-2.9.tar.lzma...
2022-01-07 23:40:22,451+0700 INFO  miktex-console.packagemanager - installing package miktex-asymptote-bin-x64-2.9
2022-01-07 23:40:22,451+0700 INFO  mainwindow - downloading https://mirror.yongbok.net/ctan/systems/win32/miktex/tm/packages/miktex-asymptote-bin-x64-2.9.tar.lzma...
2022-01-07 23:40:22,451+0700 INFO  miktex-console.packagemanager - going to download https://mirror.yongbok.net/ctan/systems/win32/miktex/tm/packages/miktex-asymptote-bin-x64-2.9.tar.lzma
2022-01-07 23:40:22,952+0700 INFO  mainwindow - 1.09 MB, 17.36 Mbit/s
2022-01-07 23:40:22,968+0700 INFO  mainwindow - extracting files from miktex-asymptote-bin-x64-2.9.tar.lzma...
2022-01-07 23:40:23,032+0700 INFO  miktex-console.packagemanager - installing package miktex-autosp-bin-x64-2.9
2022-01-07 23:40:23,033+0700 INFO  mainwindow - downloading https://mirror.yongbok.net/ctan/systems/win32/miktex/tm/packages/miktex-autosp-bin-x64-2.9.tar.lzma...
2022-01-07 23:40:23,033+0700 INFO  miktex-console.packagemanager - going to download https://mirror.yongbok.net/ctan/systems/win32/miktex/tm/packages/miktex-autosp-bin-x64-2.9.tar.lzma
2022-01-07 23:40:23,187+0700 INFO  mainwindow - 0.03 MB, 1.64 Mbit/s
2022-01-07 23:40:23,202+0700 INFO  mainwindow - extracting files from miktex-autosp-bin-x64-2.9.tar.lzma...
2022-01-07 23:40:23,223+0700 INFO  miktex-console.packagemanager - installing package miktex-axohelp-bin-x64-2.9
2022-01-07 23:40:23,224+0700 INFO  mainwindow - downloading https://mirror.yongbok.net/ctan/systems/win32/miktex/tm/packages/miktex-axohelp-bin-x64-2.9.tar.lzma...
2022-01-07 23:40:23,224+0700 INFO  miktex-console.packagemanager - going to download https://mirror.yongbok.net/ctan/systems/win32/miktex/tm/packages/miktex-axohelp-bin-x64-2.9.tar.lzma
2022-01-07 23:40:23,325+0700 INFO  mainwindow - 0.04 MB, 2.79 Mbit/s
2022-01-07 23:40:23,341+0700 INFO  mainwindow - extracting files from miktex-axohelp-bin-x64-2.9.tar.lzma...
2022-01-07 23:40:23,358+0700 INFO  miktex-console.packagemanager - installing package miktex-bibarts-bin-x64-2.9
2022-01-07 23:40:23,359+0700 INFO  mainwindow - downloading https://mirror.yongbok.net/ctan/systems/win32/miktex/tm/packages/miktex-bibarts-bin-x64-2.9.tar.lzma...
2022-01-07 23:40:23,359+0700 INFO  miktex-console.packagemanager - going to download https://mirror.yongbok.net/ctan/systems/win32/miktex/tm/packages/miktex-bibarts-bin-x64-2.9.tar.lzma
2022-01-07 23:40:23,461+0700 INFO  mainwindow - 0.06 MB, 5.10 Mbit/s
2022-01-07 23:40:23,475+0700 INFO  mainwindow - extracting files from miktex-bibarts-bin-x64-2.9.tar.lzma...
2022-01-07 23:40:23,708+0700 INFO  miktex-console.packagemanager - installing package miktex-bibtex-bin-x64-2.9
2022-01-07 23:40:23,708+0700 INFO  mainwindow - downloading https://mirror.yongbok.net/ctan/systems/win32/miktex/tm/packages/miktex-bibtex-bin-x64-2.9.tar.lzma...
2022-01-07 23:40:23,708+0700 INFO  miktex-console.packagemanager - going to download https://mirror.yongbok.net/ctan/systems/win32/miktex/tm/packages/miktex-bibtex-bin-x64-2.9.tar.lzma
2022-01-07 23:40:23,823+0700 INFO  mainwindow - 0.08 MB, 5.36 Mbit/s
2022-01-07 23:40:23,838+0700 INFO  mainwindow - extracting files from miktex-bibtex-bin-x64-2.9.tar.lzma...
2022-01-07 23:40:23,855+0700 INFO  miktex-console.packagemanager - installing package miktex-bibtex8bit-bin-x64-2.9
2022-01-07 23:40:23,856+0700 INFO  mainwindow - downloading https://mirror.yongbok.net/ctan/systems/win32/miktex/tm/packages/miktex-bibtex8bit-bin-x64-2.9.tar.lzma...
2022-01-07 23:40:23,856+0700 INFO  miktex-console.packagemanager - going to download https://mirror.yongbok.net/ctan/systems/win32/miktex/tm/packages/miktex-bibtex8bit-bin-x64-2.9.tar.lzma
2022-01-07 23:40:23,967+0700 INFO  mainwindow - 0.10 MB, 6.88 Mbit/s
2022-01-07 23:40:23,981+0700 INFO  mainwindow - extracting files from miktex-bibtex8bit-bin-x64-2.9.tar.lzma...
2022-01-07 23:40:24,000+0700 INFO  miktex-console.packagemanager - installing package miktex-bzip2-bin-x64-2.9
2022-01-07 23:40:24,000+0700 INFO  mainwindow - downloading https://mirror.yongbok.net/ctan/systems/win32/miktex/tm/packages/miktex-bzip2-bin-x64-2.9.tar.lzma...
2022-01-07 23:40:24,000+0700 INFO  miktex-console.packagemanager - going to download https://mirror.yongbok.net/ctan/systems/win32/miktex/tm/packages/miktex-bzip2-bin-x64-2.9.tar.lzma
2022-01-07 23:40:24,106+0700 INFO  mainwindow - 0.03 MB, 2.36 Mbit/s
2022-01-07 23:40:24,113+0700 ERROR miktex-console.core - Access is denied.

2022-01-07 23:40:24,113+0700 ERROR miktex-console.core - Function: DeleteFileW
2022-01-07 23:40:24,113+0700 ERROR miktex-console.core - Result: 5
2022-01-07 23:40:24,113+0700 ERROR miktex-console.core - Data: path="E:\Projects\paper-latex\paper-latex-3\miktex\texmfs\install\miktex\bin\x64\MiKTeX211200-bzip2.dll"
2022-01-07 23:40:24,113+0700 ERROR miktex-console.core - Source: Libraries\MiKTeX\Core\File\win\winFile.cpp:320
2022-01-07 23:40:24,123+0700 INFO  mainwindow - extracting files from miktex-bzip2-bin-x64-2.9.tar.lzma...
2022-01-07 23:40:24,359+0700 INFO  miktex-console.packagemanager - installing package miktex-cairo-bin-x64-2.9
2022-01-07 23:40:24,360+0700 INFO  mainwindow - downloading https://mirror.yongbok.net/ctan/systems/win32/miktex/tm/packages/miktex-cairo-bin-x64-2.9.tar.lzma...
2022-01-07 23:40:24,360+0700 INFO  miktex-console.packagemanager - going to download https://mirror.yongbok.net/ctan/systems/win32/miktex/tm/packages/miktex-cairo-bin-x64-2.9.tar.lzma
2022-01-07 23:40:24,573+0700 INFO  mainwindow - 0.39 MB, 14.80 Mbit/s
2022-01-07 23:40:24,587+0700 INFO  mainwindow - extracting files from miktex-cairo-bin-x64-2.9.tar.lzma...
2022-01-07 23:40:24,826+0700 INFO  miktex-console.packagemanager - installing package miktex-chktex-bin-x64-2.9
2022-01-07 23:40:24,826+0700 INFO  mainwindow - downloading https://mirror.yongbok.net/ctan/systems/win32/miktex/tm/packages/miktex-chktex-bin-x64-2.9.tar.lzma...
2022-01-07 23:40:24,826+0700 INFO  miktex-console.packagemanager - going to download https://mirror.yongbok.net/ctan/systems/win32/miktex/tm/packages/miktex-chktex-bin-x64-2.9.tar.lzma
2022-01-07 23:40:24,927+0700 INFO  mainwindow - 0.04 MB, 2.97 Mbit/s
2022-01-07 23:40:24,940+0700 INFO  mainwindow - extracting files from miktex-chktex-bin-x64-2.9.tar.lzma...
2022-01-07 23:40:24,956+0700 INFO  miktex-console.packagemanager - installing package miktex-cjkutils-bin-x64-2.9
2022-01-07 23:40:24,956+0700 INFO  mainwindow - downloading https://mirror.yongbok.net/ctan/systems/win32/miktex/tm/packages/miktex-cjkutils-bin-x64-2.9.tar.lzma...
2022-01-07 23:40:24,956+0700 INFO  miktex-console.packagemanager - going to download https://mirror.yongbok.net/ctan/systems/win32/miktex/tm/packages/miktex-cjkutils-bin-x64-2.9.tar.lzma
2022-01-07 23:40:25,056+0700 INFO  mainwindow - 0.06 MB, 4.60 Mbit/s
2022-01-07 23:40:25,074+0700 INFO  mainwindow - extracting files from miktex-cjkutils-bin-x64-2.9.tar.lzma...
2022-01-07 23:40:25,098+0700 INFO  miktex-console.packagemanager - installing package miktex-console-bin-x64-2.9
2022-01-07 23:40:25,098+0700 INFO  mainwindow - downloading https://mirror.yongbok.net/ctan/systems/win32/miktex/tm/packages/miktex-console-bin-x64-2.9.tar.lzma...
2022-01-07 23:40:25,098+0700 INFO  miktex-console.packagemanager - going to download https://mirror.yongbok.net/ctan/systems/win32/miktex/tm/packages/miktex-console-bin-x64-2.9.tar.lzma
2022-01-07 23:40:25,233+0700 INFO  mainwindow - 0.28 MB, 16.82 Mbit/s
2022-01-07 23:40:25,249+0700 INFO  mainwindow - extracting files from miktex-console-bin-x64-2.9.tar.lzma...
2022-01-07 23:40:25,278+0700 INFO  miktex-console.packagemanager - installing package miktex-curl-bin-x64-2.9
2022-01-07 23:40:25,278+0700 INFO  mainwindow - downloading https://mirror.yongbok.net/ctan/systems/win32/miktex/tm/packages/miktex-curl-bin-x64-2.9.tar.lzma...
2022-01-07 23:40:25,278+0700 INFO  miktex-console.packagemanager - going to download https://mirror.yongbok.net/ctan/systems/win32/miktex/tm/packages/miktex-curl-bin-x64-2.9.tar.lzma
2022-01-07 23:40:25,396+0700 INFO  mainwindow - 0.20 MB, 13.30 Mbit/s
2022-01-07 23:40:25,402+0700 ERROR miktex-console.core - Access is denied.

2022-01-07 23:40:25,402+0700 ERROR miktex-console.core - Function: DeleteFileW
2022-01-07 23:40:25,402+0700 ERROR miktex-console.core - Result: 5
2022-01-07 23:40:25,402+0700 ERROR miktex-console.core - Data: path="E:\Projects\paper-latex\paper-latex-3\miktex\texmfs\install\miktex\bin\x64\MiKTeX211200-curl.dll"
2022-01-07 23:40:25,402+0700 ERROR miktex-console.core - Source: Libraries\MiKTeX\Core\File\win\winFile.cpp:320
2022-01-07 23:40:25,413+0700 INFO  mainwindow - extracting files from miktex-curl-bin-x64-2.9.tar.lzma...
2022-01-07 23:40:25,643+0700 INFO  miktex-console.packagemanager - installing package miktex-cweb-bin-x64-2.9
2022-01-07 23:40:25,644+0700 INFO  mainwindow - downloading https://mirror.yongbok.net/ctan/systems/win32/miktex/tm/packages/miktex-cweb-bin-x64-2.9.tar.lzma...
2022-01-07 23:40:25,644+0700 INFO  miktex-console.packagemanager - going to download https://mirror.yongbok.net/ctan/systems/win32/miktex/tm/packages/miktex-cweb-bin-x64-2.9.tar.lzma
2022-01-07 23:40:25,760+0700 INFO  mainwindow - 0.06 MB, 4.30 Mbit/s
2022-01-07 23:40:25,776+0700 INFO  mainwindow - extracting files from miktex-cweb-bin-x64-2.9.tar.lzma...
2022-01-07 23:40:25,793+0700 INFO  miktex-console.packagemanager - installing package miktex-devnag-bin-x64-2.9
2022-01-07 23:40:25,794+0700 INFO  mainwindow - downloading https://mirror.yongbok.net/ctan/systems/win32/miktex/tm/packages/miktex-devnag-bin-x64-2.9.tar.lzma...
2022-01-07 23:40:25,794+0700 INFO  miktex-console.packagemanager - going to download https://mirror.yongbok.net/ctan/systems/win32/miktex/tm/packages/miktex-devnag-bin-x64-2.9.tar.lzma
2022-01-07 23:40:25,905+0700 INFO  mainwindow - 0.02 MB, 1.74 Mbit/s
2022-01-07 23:40:25,920+0700 INFO  mainwindow - extracting files from miktex-devnag-bin-x64-2.9.tar.lzma...
2022-01-07 23:40:25,935+0700 INFO  miktex-console.packagemanager - installing package miktex-dvicopy-bin-x64-2.9
2022-01-07 23:40:25,935+0700 INFO  mainwindow - downloading https://mirror.yongbok.net/ctan/systems/win32/miktex/tm/packages/miktex-dvicopy-bin-x64-2.9.tar.lzma...
2022-01-07 23:40:25,935+0700 INFO  miktex-console.packagemanager - going to download https://mirror.yongbok.net/ctan/systems/win32/miktex/tm/packages/miktex-dvicopy-bin-x64-2.9.tar.lzma
2022-01-07 23:40:26,045+0700 INFO  mainwindow - 0.05 MB, 3.79 Mbit/s
2022-01-07 23:40:26,058+0700 INFO  mainwindow - extracting files from miktex-dvicopy-bin-x64-2.9.tar.lzma...
2022-01-07 23:40:26,075+0700 INFO  miktex-console.packagemanager - installing package miktex-dvipdfmx-bin-x64-2.9
2022-01-07 23:40:26,075+0700 INFO  mainwindow - downloading https://mirror.yongbok.net/ctan/systems/win32/miktex/tm/packages/miktex-dvipdfmx-bin-x64-2.9.tar.lzma...
2022-01-07 23:40:26,075+0700 INFO  miktex-console.packagemanager - going to download https://mirror.yongbok.net/ctan/systems/win32/miktex/tm/packages/miktex-dvipdfmx-bin-x64-2.9.tar.lzma
2022-01-07 23:40:26,285+0700 INFO  mainwindow - 0.33 MB, 12.44 Mbit/s
2022-01-07 23:40:26,302+0700 INFO  mainwindow - extracting files from miktex-dvipdfmx-bin-x64-2.9.tar.lzma...
2022-01-07 23:40:26,331+0700 INFO  miktex-console.packagemanager - installing package miktex-dvipng-bin-x64-2.9
2022-01-07 23:40:26,332+0700 INFO  mainwindow - downloading https://mirror.yongbok.net/ctan/systems/win32/miktex/tm/packages/miktex-dvipng-bin-x64-2.9.tar.lzma...
2022-01-07 23:40:26,332+0700 INFO  miktex-console.packagemanager - going to download https://mirror.yongbok.net/ctan/systems/win32/miktex/tm/packages/miktex-dvipng-bin-x64-2.9.tar.lzma
2022-01-07 23:40:26,443+0700 INFO  mainwindow - 0.05 MB, 3.33 Mbit/s
2022-01-07 23:40:26,456+0700 INFO  mainwindow - extracting files from miktex-dvipng-bin-x64-2.9.tar.lzma...
2022-01-07 23:40:26,472+0700 INFO  miktex-console.packagemanager - installing package miktex-dvips-bin-x64-2.9
2022-01-07 23:40:26,473+0700 INFO  mainwindow - downloading https://mirror.yongbok.net/ctan/systems/win32/miktex/tm/packages/miktex-dvips-bin-x64-2.9.tar.lzma...
2022-01-07 23:40:26,473+0700 INFO  miktex-console.packagemanager - going to download https://mirror.yongbok.net/ctan/systems/win32/miktex/tm/packages/miktex-dvips-bin-x64-2.9.tar.lzma
2022-01-07 23:40:26,605+0700 INFO  mainwindow - 0.14 MB, 8.19 Mbit/s
2022-01-07 23:40:26,622+0700 INFO  mainwindow - extracting files from miktex-dvips-bin-x64-2.9.tar.lzma...
2022-01-07 23:40:26,642+0700 INFO  miktex-console.packagemanager - installing package miktex-dvisvgm-bin-x64-2.9
2022-01-07 23:40:26,643+0700 INFO  mainwindow - downloading https://mirror.yongbok.net/ctan/systems/win32/miktex/tm/packages/miktex-dvisvgm-bin-x64-2.9.tar.lzma...
2022-01-07 23:40:26,643+0700 INFO  miktex-console.packagemanager - going to download https://mirror.yongbok.net/ctan/systems/win32/miktex/tm/packages/miktex-dvisvgm-bin-x64-2.9.tar.lzma
2022-01-07 23:40:26,926+0700 INFO  mainwindow - 1.45 MB, 41.08 Mbit/s
2022-01-07 23:40:26,942+0700 INFO  mainwindow - extracting files from miktex-dvisvgm-bin-x64-2.9.tar.lzma...
2022-01-07 23:40:27,025+0700 INFO  miktex-console.packagemanager - installing package miktex-epstopdf-bin-x64-2.9
2022-01-07 23:40:27,025+0700 INFO  mainwindow - downloading https://mirror.yongbok.net/ctan/systems/win32/miktex/tm/packages/miktex-epstopdf-bin-x64-2.9.tar.lzma...
2022-01-07 23:40:27,025+0700 INFO  miktex-console.packagemanager - going to download https://mirror.yongbok.net/ctan/systems/win32/miktex/tm/packages/miktex-epstopdf-bin-x64-2.9.tar.lzma
2022-01-07 23:40:27,141+0700 INFO  mainwindow - 0.11 MB, 7.79 Mbit/s
2022-01-07 23:40:27,155+0700 INFO  mainwindow - extracting files from miktex-epstopdf-bin-x64-2.9.tar.lzma...
2022-01-07 23:40:27,174+0700 INFO  miktex-console.packagemanager - installing package miktex-expat-bin-x64-2.9
2022-01-07 23:40:27,175+0700 INFO  mainwindow - downloading https://mirror.yongbok.net/ctan/systems/win32/miktex/tm/packages/miktex-expat-bin-x64-2.9.tar.lzma...
2022-01-07 23:40:27,175+0700 INFO  miktex-console.packagemanager - going to download https://mirror.yongbok.net/ctan/systems/win32/miktex/tm/packages/miktex-expat-bin-x64-2.9.tar.lzma
2022-01-07 23:40:27,278+0700 INFO  mainwindow - 0.05 MB, 3.83 Mbit/s
2022-01-07 23:40:27,283+0700 ERROR miktex-console.core - Access is denied.

2022-01-07 23:40:27,283+0700 ERROR miktex-console.core - Function: DeleteFileW
2022-01-07 23:40:27,283+0700 ERROR miktex-console.core - Result: 5
2022-01-07 23:40:27,283+0700 ERROR miktex-console.core - Data: path="E:\Projects\paper-latex\paper-latex-3\miktex\texmfs\install\miktex\bin\x64\MiKTeX211200-expat.dll"
2022-01-07 23:40:27,283+0700 ERROR miktex-console.core - Source: Libraries\MiKTeX\Core\File\win\winFile.cpp:320
2022-01-07 23:40:27,293+0700 INFO  mainwindow - extracting files from miktex-expat-bin-x64-2.9.tar.lzma...
2022-01-07 23:40:27,710+0700 INFO  miktex-console.packagemanager - installing package miktex-findtexmf-bin-x64-2.9
2022-01-07 23:40:27,711+0700 INFO  mainwindow - downloading https://mirror.yongbok.net/ctan/systems/win32/miktex/tm/packages/miktex-findtexmf-bin-x64-2.9.tar.lzma...
2022-01-07 23:40:27,711+0700 INFO  miktex-console.packagemanager - going to download https://mirror.yongbok.net/ctan/systems/win32/miktex/tm/packages/miktex-findtexmf-bin-x64-2.9.tar.lzma
2022-01-07 23:40:27,807+0700 INFO  mainwindow - 0.03 MB, 2.35 Mbit/s
2022-01-07 23:40:27,822+0700 INFO  mainwindow - extracting files from miktex-findtexmf-bin-x64-2.9.tar.lzma...
2022-01-07 23:40:27,837+0700 INFO  miktex-console.packagemanager - installing package miktex-fmt-bin-x64-2.9
2022-01-07 23:40:27,838+0700 INFO  mainwindow - downloading https://mirror.yongbok.net/ctan/systems/win32/miktex/tm/packages/miktex-fmt-bin-x64-2.9.tar.lzma...
2022-01-07 23:40:27,838+0700 INFO  miktex-console.packagemanager - going to download https://mirror.yongbok.net/ctan/systems/win32/miktex/tm/packages/miktex-fmt-bin-x64-2.9.tar.lzma
2022-01-07 23:40:27,940+0700 INFO  mainwindow - 0.06 MB, 4.97 Mbit/s
2022-01-07 23:40:27,946+0700 ERROR miktex-console.core - Access is denied.

2022-01-07 23:40:27,946+0700 ERROR miktex-console.core - Function: DeleteFileW
2022-01-07 23:40:27,946+0700 ERROR miktex-console.core - Result: 5
2022-01-07 23:40:27,946+0700 ERROR miktex-console.core - Data: path="E:\Projects\paper-latex\paper-latex-3\miktex\texmfs\install\miktex\bin\x64\MiKTeX211200-fmt.dll"
2022-01-07 23:40:27,946+0700 ERROR miktex-console.core - Source: Libraries\MiKTeX\Core\File\win\winFile.cpp:320
2022-01-07 23:40:27,956+0700 INFO  mainwindow - extracting files from miktex-fmt-bin-x64-2.9.tar.lzma...
2022-01-07 23:40:28,143+0700 INFO  miktex-console.packagemanager - installing package miktex-fontconfig-bin-x64-2.9
2022-01-07 23:40:28,144+0700 INFO  mainwindow - downloading https://mirror.yongbok.net/ctan/systems/win32/miktex/tm/packages/miktex-fontconfig-bin-x64-2.9.tar.lzma...
2022-01-07 23:40:28,144+0700 INFO  miktex-console.packagemanager - going to download https://mirror.yongbok.net/ctan/systems/win32/miktex/tm/packages/miktex-fontconfig-bin-x64-2.9.tar.lzma
2022-01-07 23:40:28,254+0700 INFO  mainwindow - 0.16 MB, 11.42 Mbit/s
2022-01-07 23:40:28,273+0700 INFO  mainwindow - extracting files from miktex-fontconfig-bin-x64-2.9.tar.lzma...
2022-01-07 23:40:28,418+0700 INFO  miktex-console.packagemanager - installing package miktex-fonts-bin-x64-2.9
2022-01-07 23:40:28,419+0700 INFO  mainwindow - downloading https://mirror.yongbok.net/ctan/systems/win32/miktex/tm/packages/miktex-fonts-bin-x64-2.9.tar.lzma...
2022-01-07 23:40:28,419+0700 INFO  miktex-console.packagemanager - going to download https://mirror.yongbok.net/ctan/systems/win32/miktex/tm/packages/miktex-fonts-bin-x64-2.9.tar.lzma
2022-01-07 23:40:28,521+0700 INFO  mainwindow - 0.08 MB, 6.28 Mbit/s
2022-01-07 23:40:28,535+0700 INFO  mainwindow - extracting files from miktex-fonts-bin-x64-2.9.tar.lzma...
2022-01-07 23:40:28,554+0700 INFO  miktex-console.packagemanager - installing package miktex-freeglut-bin-x64-2.9
2022-01-07 23:40:28,554+0700 INFO  mainwindow - downloading https://mirror.yongbok.net/ctan/systems/win32/miktex/tm/packages/miktex-freeglut-bin-x64-2.9.tar.lzma...
2022-01-07 23:40:28,554+0700 INFO  miktex-console.packagemanager - going to download https://mirror.yongbok.net/ctan/systems/win32/miktex/tm/packages/miktex-freeglut-bin-x64-2.9.tar.lzma
2022-01-07 23:40:28,658+0700 INFO  mainwindow - 0.08 MB, 6.27 Mbit/s
2022-01-07 23:40:28,672+0700 INFO  mainwindow - extracting files from miktex-freeglut-bin-x64-2.9.tar.lzma...
2022-01-07 23:40:28,810+0700 INFO  miktex-console.packagemanager - installing package miktex-freetype2-bin-x64-2.9
2022-01-07 23:40:28,811+0700 INFO  mainwindow - downloading https://mirror.yongbok.net/ctan/systems/win32/miktex/tm/packages/miktex-freetype2-bin-x64-2.9.tar.lzma...
2022-01-07 23:40:28,811+0700 INFO  miktex-console.packagemanager - going to download https://mirror.yongbok.net/ctan/systems/win32/miktex/tm/packages/miktex-freetype2-bin-x64-2.9.tar.lzma
2022-01-07 23:40:28,943+0700 INFO  mainwindow - 0.30 MB, 17.95 Mbit/s
2022-01-07 23:40:28,958+0700 INFO  mainwindow - extracting files from miktex-freetype2-bin-x64-2.9.tar.lzma...
2022-01-07 23:40:29,401+0700 INFO  miktex-console.packagemanager - installing package miktex-fribidixetex-bin-x64-2.9
2022-01-07 23:40:29,401+0700 INFO  mainwindow - downloading https://mirror.yongbok.net/ctan/systems/win32/miktex/tm/packages/miktex-fribidixetex-bin-x64-2.9.tar.lzma...
2022-01-07 23:40:29,401+0700 INFO  miktex-console.packagemanager - going to download https://mirror.yongbok.net/ctan/systems/win32/miktex/tm/packages/miktex-fribidixetex-bin-x64-2.9.tar.lzma
2022-01-07 23:40:29,506+0700 INFO  mainwindow - 0.03 MB, 1.93 Mbit/s
2022-01-07 23:40:29,519+0700 INFO  mainwindow - extracting files from miktex-fribidixetex-bin-x64-2.9.tar.lzma...
2022-01-07 23:40:29,534+0700 INFO  miktex-console.packagemanager - installing package miktex-gd-bin-x64-2.9
2022-01-07 23:40:29,535+0700 INFO  mainwindow - downloading https://mirror.yongbok.net/ctan/systems/win32/miktex/tm/packages/miktex-gd-bin-x64-2.9.tar.lzma...
2022-01-07 23:40:29,535+0700 INFO  miktex-console.packagemanager - going to download https://mirror.yongbok.net/ctan/systems/win32/miktex/tm/packages/miktex-gd-bin-x64-2.9.tar.lzma
2022-01-07 23:40:29,640+0700 INFO  mainwindow - 0.11 MB, 8.59 Mbit/s
2022-01-07 23:40:29,655+0700 INFO  mainwindow - extracting files from miktex-gd-bin-x64-2.9.tar.lzma...
2022-01-07 23:40:29,826+0700 INFO  miktex-console.packagemanager - installing package miktex-graphite2-bin-x64-2.9
2022-01-07 23:40:29,826+0700 INFO  mainwindow - downloading https://mirror.yongbok.net/ctan/systems/win32/miktex/tm/packages/miktex-graphite2-bin-x64-2.9.tar.lzma...
2022-01-07 23:40:29,826+0700 INFO  miktex-console.packagemanager - going to download https://mirror.yongbok.net/ctan/systems/win32/miktex/tm/packages/miktex-graphite2-bin-x64-2.9.tar.lzma
2022-01-07 23:40:29,928+0700 INFO  mainwindow - 0.07 MB, 5.80 Mbit/s
2022-01-07 23:40:29,941+0700 INFO  mainwindow - extracting files from miktex-graphite2-bin-x64-2.9.tar.lzma...
2022-01-07 23:40:30,092+0700 INFO  miktex-console.packagemanager - installing package miktex-gregorio-bin-x64-2.9
2022-01-07 23:40:30,093+0700 INFO  mainwindow - downloading https://mirror.yongbok.net/ctan/systems/win32/miktex/tm/packages/miktex-gregorio-bin-x64-2.9.tar.lzma...
2022-01-07 23:40:30,093+0700 INFO  miktex-console.packagemanager - going to download https://mirror.yongbok.net/ctan/systems/win32/miktex/tm/packages/miktex-gregorio-bin-x64-2.9.tar.lzma
2022-01-07 23:40:30,198+0700 INFO  mainwindow - 0.12 MB, 8.81 Mbit/s
2022-01-07 23:40:30,212+0700 INFO  mainwindow - extracting files from miktex-gregorio-bin-x64-2.9.tar.lzma...
2022-01-07 23:40:30,233+0700 INFO  miktex-console.packagemanager - installing package miktex-gsf2pk-bin-x64-2.9
2022-01-07 23:40:30,234+0700 INFO  mainwindow - downloading https://mirror.yongbok.net/ctan/systems/win32/miktex/tm/packages/miktex-gsf2pk-bin-x64-2.9.tar.lzma...
2022-01-07 23:40:30,234+0700 INFO  miktex-console.packagemanager - going to download https://mirror.yongbok.net/ctan/systems/win32/miktex/tm/packages/miktex-gsf2pk-bin-x64-2.9.tar.lzma
2022-01-07 23:40:30,332+0700 INFO  mainwindow - 0.04 MB, 3.58 Mbit/s
2022-01-07 23:40:30,347+0700 INFO  mainwindow - extracting files from miktex-gsf2pk-bin-x64-2.9.tar.lzma...
2022-01-07 23:40:30,363+0700 INFO  miktex-console.packagemanager - installing package miktex-harfbuzz-bin-x64-2.9
2022-01-07 23:40:30,363+0700 INFO  mainwindow - downloading https://mirror.yongbok.net/ctan/systems/win32/miktex/tm/packages/miktex-harfbuzz-bin-x64-2.9.tar.lzma...
2022-01-07 23:40:30,363+0700 INFO  miktex-console.packagemanager - going to download https://mirror.yongbok.net/ctan/systems/win32/miktex/tm/packages/miktex-harfbuzz-bin-x64-2.9.tar.lzma
2022-01-07 23:40:30,605+0700 INFO  mainwindow - 0.57 MB, 18.80 Mbit/s
2022-01-07 23:40:30,619+0700 INFO  mainwindow - extracting files from miktex-harfbuzz-bin-x64-2.9.tar.lzma...
2022-01-07 23:40:30,826+0700 INFO  miktex-console.packagemanager - installing package miktex-hunspell-bin-x64-2.9
2022-01-07 23:40:30,826+0700 INFO  mainwindow - downloading https://mirror.yongbok.net/ctan/systems/win32/miktex/tm/packages/miktex-hunspell-bin-x64-2.9.tar.lzma...
2022-01-07 23:40:30,826+0700 INFO  miktex-console.packagemanager - going to download https://mirror.yongbok.net/ctan/systems/win32/miktex/tm/packages/miktex-hunspell-bin-x64-2.9.tar.lzma
2022-01-07 23:40:30,950+0700 INFO  mainwindow - 0.17 MB, 10.89 Mbit/s
2022-01-07 23:40:30,964+0700 INFO  mainwindow - extracting files from miktex-hunspell-bin-x64-2.9.tar.lzma...
2022-01-07 23:40:31,134+0700 INFO  miktex-console.packagemanager - installing package miktex-jpeg-bin-x64-2.9
2022-01-07 23:40:31,134+0700 INFO  mainwindow - downloading https://mirror.yongbok.net/ctan/systems/win32/miktex/tm/packages/miktex-jpeg-bin-x64-2.9.tar.lzma...
2022-01-07 23:40:31,134+0700 INFO  miktex-console.packagemanager - going to download https://mirror.yongbok.net/ctan/systems/win32/miktex/tm/packages/miktex-jpeg-bin-x64-2.9.tar.lzma
2022-01-07 23:40:31,249+0700 INFO  mainwindow - 0.11 MB, 7.68 Mbit/s
2022-01-07 23:40:31,262+0700 INFO  mainwindow - extracting files from miktex-jpeg-bin-x64-2.9.tar.lzma...
2022-01-07 23:40:31,483+0700 INFO  miktex-console.packagemanager - installing package miktex-kpathsea-bin-x64-2.9
2022-01-07 23:40:31,483+0700 INFO  mainwindow - downloading https://mirror.yongbok.net/ctan/systems/win32/miktex/tm/packages/miktex-kpathsea-bin-x64-2.9.tar.lzma...
2022-01-07 23:40:31,483+0700 INFO  miktex-console.packagemanager - going to download https://mirror.yongbok.net/ctan/systems/win32/miktex/tm/packages/miktex-kpathsea-bin-x64-2.9.tar.lzma
2022-01-07 23:40:31,581+0700 INFO  mainwindow - 0.02 MB, 1.53 Mbit/s
2022-01-07 23:40:31,594+0700 INFO  mainwindow - extracting files from miktex-kpathsea-bin-x64-2.9.tar.lzma...
2022-01-07 23:40:31,609+0700 INFO  miktex-console.packagemanager - installing package miktex-lacheck-bin-x64-2.9
2022-01-07 23:40:31,609+0700 INFO  mainwindow - downloading https://mirror.yongbok.net/ctan/systems/win32/miktex/tm/packages/miktex-lacheck-bin-x64-2.9.tar.lzma...
2022-01-07 23:40:31,609+0700 INFO  miktex-console.packagemanager - going to download https://mirror.yongbok.net/ctan/systems/win32/miktex/tm/packages/miktex-lacheck-bin-x64-2.9.tar.lzma
2022-01-07 23:40:31,706+0700 INFO  mainwindow - 0.03 MB, 2.52 Mbit/s
2022-01-07 23:40:31,720+0700 INFO  mainwindow - extracting files from miktex-lacheck-bin-x64-2.9.tar.lzma...
2022-01-07 23:40:31,736+0700 INFO  miktex-console.packagemanager - installing package miktex-lcdf-typetools-bin-x64-2.9
2022-01-07 23:40:31,736+0700 INFO  mainwindow - downloading https://mirror.yongbok.net/ctan/systems/win32/miktex/tm/packages/miktex-lcdf-typetools-bin-x64-2.9.tar.lzma...
2022-01-07 23:40:31,737+0700 INFO  miktex-console.packagemanager - going to download https://mirror.yongbok.net/ctan/systems/win32/miktex/tm/packages/miktex-lcdf-typetools-bin-x64-2.9.tar.lzma
2022-01-07 23:40:32,036+0700 INFO  mainwindow - 0.68 MB, 18.24 Mbit/s
2022-01-07 23:40:32,057+0700 INFO  mainwindow - extracting files from miktex-lcdf-typetools-bin-x64-2.9.tar.lzma...
2022-01-07 23:40:32,115+0700 INFO  miktex-console.packagemanager - installing package miktex-libressl-bin-x64-2.9
2022-01-07 23:40:32,115+0700 INFO  mainwindow - downloading https://mirror.yongbok.net/ctan/systems/win32/miktex/tm/packages/miktex-libressl-bin-x64-2.9.tar.lzma...
2022-01-07 23:40:32,115+0700 INFO  miktex-console.packagemanager - going to download https://mirror.yongbok.net/ctan/systems/win32/miktex/tm/packages/miktex-libressl-bin-x64-2.9.tar.lzma
2022-01-07 23:40:32,274+0700 INFO  mainwindow - 0.60 MB, 30.28 Mbit/s
2022-01-07 23:40:32,281+0700 ERROR miktex-console.core - Access is denied.

2022-01-07 23:40:32,281+0700 ERROR miktex-console.core - Function: DeleteFileW
2022-01-07 23:40:32,281+0700 ERROR miktex-console.core - Result: 5
2022-01-07 23:40:32,281+0700 ERROR miktex-console.core - Data: path="E:\Projects\paper-latex\paper-latex-3\miktex\texmfs\install\miktex\bin\x64\MiKTeX211200-libressl-crypto.dll"
2022-01-07 23:40:32,281+0700 ERROR miktex-console.core - Source: Libraries\MiKTeX\Core\File\win\winFile.cpp:320
2022-01-07 23:40:32,292+0700 INFO  mainwindow - extracting files from miktex-libressl-bin-x64-2.9.tar.lzma...
2022-01-07 23:40:32,517+0700 INFO  miktex-console.packagemanager - installing package miktex-log4cxx-bin-x64-2.9
2022-01-07 23:40:32,517+0700 INFO  mainwindow - downloading https://mirror.yongbok.net/ctan/systems/win32/miktex/tm/packages/miktex-log4cxx-bin-x64-2.9.tar.lzma...
2022-01-07 23:40:32,517+0700 INFO  miktex-console.packagemanager - going to download https://mirror.yongbok.net/ctan/systems/win32/miktex/tm/packages/miktex-log4cxx-bin-x64-2.9.tar.lzma
2022-01-07 23:40:32,677+0700 INFO  mainwindow - 0.53 MB, 26.39 Mbit/s
2022-01-07 23:40:32,684+0700 ERROR miktex-console.core - Access is denied.

2022-01-07 23:40:32,684+0700 ERROR miktex-console.core - Function: DeleteFileW
2022-01-07 23:40:32,684+0700 ERROR miktex-console.core - Result: 5
2022-01-07 23:40:32,684+0700 ERROR miktex-console.core - Data: path="E:\Projects\paper-latex\paper-latex-3\miktex\texmfs\install\miktex\bin\x64\MiKTeX211200-apr.dll"
2022-01-07 23:40:32,684+0700 ERROR miktex-console.core - Source: Libraries\MiKTeX\Core\File\win\winFile.cpp:320
2022-01-07 23:40:32,687+0700 ERROR miktex-console.core - Access is denied.

2022-01-07 23:40:32,687+0700 ERROR miktex-console.core - Function: DeleteFileW
2022-01-07 23:40:32,687+0700 ERROR miktex-console.core - Result: 5
2022-01-07 23:40:32,687+0700 ERROR miktex-console.core - Data: path="E:\Projects\paper-latex\paper-latex-3\miktex\texmfs\install\miktex\bin\x64\MiKTeX211200-aprutil.dll"
2022-01-07 23:40:32,687+0700 ERROR miktex-console.core - Source: Libraries\MiKTeX\Core\File\win\winFile.cpp:320
2022-01-07 23:40:32,689+0700 ERROR miktex-console.core - Access is denied.

2022-01-07 23:40:32,689+0700 ERROR miktex-console.core - Function: DeleteFileW
2022-01-07 23:40:32,689+0700 ERROR miktex-console.core - Result: 5
2022-01-07 23:40:32,689+0700 ERROR miktex-console.core - Data: path="E:\Projects\paper-latex\paper-latex-3\miktex\texmfs\install\miktex\bin\x64\MiKTeX211200-log4cxx.dll"
2022-01-07 23:40:32,689+0700 ERROR miktex-console.core - Source: Libraries\MiKTeX\Core\File\win\winFile.cpp:320
2022-01-07 23:40:32,699+0700 INFO  mainwindow - extracting files from miktex-log4cxx-bin-x64-2.9.tar.lzma...
2022-01-07 23:40:33,116+0700 INFO  miktex-console.packagemanager - installing package miktex-lua53-bin-x64-2.9
2022-01-07 23:40:33,117+0700 INFO  mainwindow - downloading https://mirror.yongbok.net/ctan/systems/win32/miktex/tm/packages/miktex-lua53-bin-x64-2.9.tar.lzma...
2022-01-07 23:40:33,117+0700 INFO  miktex-console.packagemanager - going to download https://mirror.yongbok.net/ctan/systems/win32/miktex/tm/packages/miktex-lua53-bin-x64-2.9.tar.lzma
2022-01-07 23:40:33,226+0700 INFO  mainwindow - 0.10 MB, 7.58 Mbit/s
2022-01-07 23:40:33,241+0700 INFO  mainwindow - extracting files from miktex-lua53-bin-x64-2.9.tar.lzma...
2022-01-07 23:40:33,391+0700 INFO  miktex-console.packagemanager - installing package miktex-luatex-bin-x64-2.9
2022-01-07 23:40:33,391+0700 INFO  mainwindow - downloading https://mirror.yongbok.net/ctan/systems/win32/miktex/tm/packages/miktex-luatex-bin-x64-2.9.tar.lzma...
2022-01-07 23:40:33,392+0700 INFO  miktex-console.packagemanager - going to download https://mirror.yongbok.net/ctan/systems/win32/miktex/tm/packages/miktex-luatex-bin-x64-2.9.tar.lzma
2022-01-07 23:40:33,747+0700 INFO  mainwindow - 2.01 MB, 45.31 Mbit/s
2022-01-07 23:40:33,766+0700 INFO  mainwindow - extracting files from miktex-luatex-bin-x64-2.9.tar.lzma...
2022-01-07 23:40:33,884+0700 INFO  miktex-console.packagemanager - installing package miktex-lzma-bin-x64-2.9
2022-01-07 23:40:33,884+0700 INFO  mainwindow - downloading https://mirror.yongbok.net/ctan/systems/win32/miktex/tm/packages/miktex-lzma-bin-x64-2.9.tar.lzma...
2022-01-07 23:40:33,884+0700 INFO  miktex-console.packagemanager - going to download https://mirror.yongbok.net/ctan/systems/win32/miktex/tm/packages/miktex-lzma-bin-x64-2.9.tar.lzma
2022-01-07 23:40:33,985+0700 INFO  mainwindow - 0.07 MB, 5.86 Mbit/s
2022-01-07 23:40:33,991+0700 ERROR miktex-console.core - Access is denied.

2022-01-07 23:40:33,991+0700 ERROR miktex-console.core - Function: DeleteFileW
2022-01-07 23:40:33,991+0700 ERROR miktex-console.core - Result: 5
2022-01-07 23:40:33,991+0700 ERROR miktex-console.core - Data: path="E:\Projects\paper-latex\paper-latex-3\miktex\texmfs\install\miktex\bin\x64\MiKTeX211200-lzma2.dll"
2022-01-07 23:40:33,991+0700 ERROR miktex-console.core - Source: Libraries\MiKTeX\Core\File\win\winFile.cpp:320
2022-01-07 23:40:34,001+0700 INFO  mainwindow - extracting files from miktex-lzma-bin-x64-2.9.tar.lzma...
2022-01-07 23:40:34,158+0700 INFO  miktex-console.packagemanager - installing package miktex-m-tx-bin-x64-2.9
2022-01-07 23:40:34,158+0700 INFO  mainwindow - downloading https://mirror.yongbok.net/ctan/systems/win32/miktex/tm/packages/miktex-m-tx-bin-x64-2.9.tar.lzma...
2022-01-07 23:40:34,158+0700 INFO  miktex-console.packagemanager - going to download https://mirror.yongbok.net/ctan/systems/win32/miktex/tm/packages/miktex-m-tx-bin-x64-2.9.tar.lzma
2022-01-07 23:40:34,258+0700 INFO  mainwindow - 0.05 MB, 4.18 Mbit/s
2022-01-07 23:40:34,274+0700 INFO  mainwindow - extracting files from miktex-m-tx-bin-x64-2.9.tar.lzma...
2022-01-07 23:40:34,290+0700 INFO  miktex-console.packagemanager - installing package miktex-makeindex-bin-x64-2.9
2022-01-07 23:40:34,291+0700 INFO  mainwindow - downloading https://mirror.yongbok.net/ctan/systems/win32/miktex/tm/packages/miktex-makeindex-bin-x64-2.9.tar.lzma...
2022-01-07 23:40:34,291+0700 INFO  miktex-console.packagemanager - going to download https://mirror.yongbok.net/ctan/systems/win32/miktex/tm/packages/miktex-makeindex-bin-x64-2.9.tar.lzma
2022-01-07 23:40:34,400+0700 INFO  mainwindow - 0.03 MB, 2.36 Mbit/s
2022-01-07 23:40:34,415+0700 INFO  mainwindow - extracting files from miktex-makeindex-bin-x64-2.9.tar.lzma...
2022-01-07 23:40:34,430+0700 INFO  miktex-console.packagemanager - installing package miktex-md5-bin-x64-2.9
2022-01-07 23:40:34,431+0700 INFO  mainwindow - downloading https://mirror.yongbok.net/ctan/systems/win32/miktex/tm/packages/miktex-md5-bin-x64-2.9.tar.lzma...
2022-01-07 23:40:34,431+0700 INFO  miktex-console.packagemanager - going to download https://mirror.yongbok.net/ctan/systems/win32/miktex/tm/packages/miktex-md5-bin-x64-2.9.tar.lzma
2022-01-07 23:40:34,545+0700 INFO  mainwindow - 0.01 MB, 0.62 Mbit/s
2022-01-07 23:40:34,550+0700 ERROR miktex-console.core - Access is denied.

2022-01-07 23:40:34,550+0700 ERROR miktex-console.core - Function: DeleteFileW
2022-01-07 23:40:34,550+0700 ERROR miktex-console.core - Result: 5
2022-01-07 23:40:34,550+0700 ERROR miktex-console.core - Data: path="E:\Projects\paper-latex\paper-latex-3\miktex\texmfs\install\miktex\bin\x64\MiKTeX211200-md5.dll"
2022-01-07 23:40:34,550+0700 ERROR miktex-console.core - Source: Libraries\MiKTeX\Core\File\win\winFile.cpp:320
2022-01-07 23:40:34,560+0700 INFO  mainwindow - extracting files from miktex-md5-bin-x64-2.9.tar.lzma...
2022-01-07 23:40:34,982+0700 INFO  miktex-console.packagemanager - installing package miktex-metafont-bin-x64-2.9
2022-01-07 23:40:34,982+0700 INFO  mainwindow - downloading https://mirror.yongbok.net/ctan/systems/win32/miktex/tm/packages/miktex-metafont-bin-x64-2.9.tar.lzma...
2022-01-07 23:40:34,982+0700 INFO  miktex-console.packagemanager - going to download https://mirror.yongbok.net/ctan/systems/win32/miktex/tm/packages/miktex-metafont-bin-x64-2.9.tar.lzma
2022-01-07 23:40:35,112+0700 INFO  mainwindow - 0.22 MB, 13.28 Mbit/s
2022-01-07 23:40:35,126+0700 INFO  mainwindow - extracting files from miktex-metafont-bin-x64-2.9.tar.lzma...
2022-01-07 23:40:35,154+0700 INFO  miktex-console.packagemanager - installing package miktex-metapost-bin-x64-2.9
2022-01-07 23:40:35,154+0700 INFO  mainwindow - downloading https://mirror.yongbok.net/ctan/systems/win32/miktex/tm/packages/miktex-metapost-bin-x64-2.9.tar.lzma...
2022-01-07 23:40:35,154+0700 INFO  miktex-console.packagemanager - going to download https://mirror.yongbok.net/ctan/systems/win32/miktex/tm/packages/miktex-metapost-bin-x64-2.9.tar.lzma
2022-01-07 23:40:35,332+0700 INFO  mainwindow - 0.29 MB, 13.03 Mbit/s
2022-01-07 23:40:35,347+0700 INFO  mainwindow - extracting files from miktex-metapost-bin-x64-2.9.tar.lzma...
2022-01-07 23:40:35,507+0700 INFO  miktex-console.packagemanager - installing package miktex-mfware-bin-x64-2.9
2022-01-07 23:40:35,508+0700 INFO  mainwindow - downloading https://mirror.yongbok.net/ctan/systems/win32/miktex/tm/packages/miktex-mfware-bin-x64-2.9.tar.lzma...
2022-01-07 23:40:35,508+0700 INFO  miktex-console.packagemanager - going to download https://mirror.yongbok.net/ctan/systems/win32/miktex/tm/packages/miktex-mfware-bin-x64-2.9.tar.lzma
2022-01-07 23:40:35,630+0700 INFO  mainwindow - 0.11 MB, 6.89 Mbit/s
2022-01-07 23:40:35,647+0700 INFO  mainwindow - extracting files from miktex-mfware-bin-x64-2.9.tar.lzma...
2022-01-07 23:40:35,670+0700 INFO  miktex-console.packagemanager - installing package miktex-misc
2022-01-07 23:40:35,671+0700 INFO  mainwindow - downloading https://mirror.yongbok.net/ctan/systems/win32/miktex/tm/packages/miktex-misc.tar.lzma...
2022-01-07 23:40:35,671+0700 INFO  miktex-console.packagemanager - going to download https://mirror.yongbok.net/ctan/systems/win32/miktex/tm/packages/miktex-misc.tar.lzma
2022-01-07 23:40:35,830+0700 INFO  mainwindow - 0.02 MB, 1.17 Mbit/s
2022-01-07 23:40:35,856+0700 INFO  mainwindow - extracting files from miktex-misc.tar.lzma...
2022-01-07 23:40:35,891+0700 INFO  miktex-console.packagemanager - installing package miktex-mkfntmap-bin-x64-2.9
2022-01-07 23:40:35,891+0700 INFO  mainwindow - downloading https://mirror.yongbok.net/ctan/systems/win32/miktex/tm/packages/miktex-mkfntmap-bin-x64-2.9.tar.lzma...
2022-01-07 23:40:35,891+0700 INFO  miktex-console.packagemanager - going to download https://mirror.yongbok.net/ctan/systems/win32/miktex/tm/packages/miktex-mkfntmap-bin-x64-2.9.tar.lzma
2022-01-07 23:40:36,033+0700 INFO  mainwindow - 0.07 MB, 4.20 Mbit/s
2022-01-07 23:40:36,049+0700 INFO  mainwindow - extracting files from miktex-mkfntmap-bin-x64-2.9.tar.lzma...
2022-01-07 23:40:36,067+0700 INFO  miktex-console.packagemanager - installing package miktex-mktex-bin-x64-2.9
2022-01-07 23:40:36,067+0700 INFO  mainwindow - downloading https://mirror.yongbok.net/ctan/systems/win32/miktex/tm/packages/miktex-mktex-bin-x64-2.9.tar.lzma...
2022-01-07 23:40:36,067+0700 INFO  miktex-console.packagemanager - going to download https://mirror.yongbok.net/ctan/systems/win32/miktex/tm/packages/miktex-mktex-bin-x64-2.9.tar.lzma
2022-01-07 23:40:36,189+0700 INFO  mainwindow - 0.14 MB, 9.12 Mbit/s
2022-01-07 23:40:36,205+0700 INFO  mainwindow - extracting files from miktex-mktex-bin-x64-2.9.tar.lzma...
2022-01-07 23:40:36,231+0700 INFO  miktex-console.packagemanager - installing package miktex-mo-bin-x64-2.9
2022-01-07 23:40:36,231+0700 INFO  mainwindow - downloading https://mirror.yongbok.net/ctan/systems/win32/miktex/tm/packages/miktex-mo-bin-x64-2.9.tar.lzma...
2022-01-07 23:40:36,231+0700 INFO  miktex-console.packagemanager - going to download https://mirror.yongbok.net/ctan/systems/win32/miktex/tm/packages/miktex-mo-bin-x64-2.9.tar.lzma
2022-01-07 23:40:36,361+0700 INFO  mainwindow - 0.20 MB, 12.45 Mbit/s
2022-01-07 23:40:36,380+0700 INFO  mainwindow - extracting files from miktex-mo-bin-x64-2.9.tar.lzma...
2022-01-07 23:40:36,413+0700 INFO  miktex-console.packagemanager - installing package miktex-mpfr-bin-x64-2.9
2022-01-07 23:40:36,414+0700 INFO  mainwindow - downloading https://mirror.yongbok.net/ctan/systems/win32/miktex/tm/packages/miktex-mpfr-bin-x64-2.9.tar.lzma...
2022-01-07 23:40:36,414+0700 INFO  miktex-console.packagemanager - going to download https://mirror.yongbok.net/ctan/systems/win32/miktex/tm/packages/miktex-mpfr-bin-x64-2.9.tar.lzma
2022-01-07 23:40:36,557+0700 INFO  mainwindow - 0.18 MB, 10.15 Mbit/s
2022-01-07 23:40:36,571+0700 INFO  mainwindow - extracting files from miktex-mpfr-bin-x64-2.9.tar.lzma...
2022-01-07 23:40:36,748+0700 INFO  miktex-console.packagemanager - installing package miktex-mpmcli-bin-x64-2.9
2022-01-07 23:40:36,748+0700 INFO  mainwindow - downloading https://mirror.yongbok.net/ctan/systems/win32/miktex/tm/packages/miktex-mpmcli-bin-x64-2.9.tar.lzma...
2022-01-07 23:40:36,748+0700 INFO  miktex-console.packagemanager - going to download https://mirror.yongbok.net/ctan/systems/win32/miktex/tm/packages/miktex-mpmcli-bin-x64-2.9.tar.lzma
2022-01-07 23:40:36,872+0700 INFO  mainwindow - 0.08 MB, 4.96 Mbit/s
2022-01-07 23:40:36,886+0700 INFO  mainwindow - extracting files from miktex-mpmcli-bin-x64-2.9.tar.lzma...
2022-01-07 23:40:36,904+0700 INFO  miktex-console.packagemanager - installing package miktex-mspack-bin-x64-2.9
2022-01-07 23:40:36,905+0700 INFO  mainwindow - downloading https://mirror.yongbok.net/ctan/systems/win32/miktex/tm/packages/miktex-mspack-bin-x64-2.9.tar.lzma...
2022-01-07 23:40:36,905+0700 INFO  miktex-console.packagemanager - going to download https://mirror.yongbok.net/ctan/systems/win32/miktex/tm/packages/miktex-mspack-bin-x64-2.9.tar.lzma
2022-01-07 23:40:37,040+0700 INFO  mainwindow - 0.04 MB, 2.10 Mbit/s
2022-01-07 23:40:37,047+0700 ERROR miktex-console.core - Access is denied.

2022-01-07 23:40:37,047+0700 ERROR miktex-console.core - Function: DeleteFileW
2022-01-07 23:40:37,047+0700 ERROR miktex-console.core - Result: 5
2022-01-07 23:40:37,047+0700 ERROR miktex-console.core - Data: path="E:\Projects\paper-latex\paper-latex-3\miktex\texmfs\install\miktex\bin\x64\MiKTeX211200-mspack.dll"
2022-01-07 23:40:37,047+0700 ERROR miktex-console.core - Source: Libraries\MiKTeX\Core\File\win\winFile.cpp:320
2022-01-07 23:40:37,056+0700 INFO  mainwindow - extracting files from miktex-mspack-bin-x64-2.9.tar.lzma...
2022-01-07 23:40:37,265+0700 INFO  miktex-console.packagemanager - installing package miktex-mthelp-bin-x64-2.9
2022-01-07 23:40:37,265+0700 INFO  mainwindow - downloading https://mirror.yongbok.net/ctan/systems/win32/miktex/tm/packages/miktex-mthelp-bin-x64-2.9.tar.lzma...
2022-01-07 23:40:37,265+0700 INFO  miktex-console.packagemanager - going to download https://mirror.yongbok.net/ctan/systems/win32/miktex/tm/packages/miktex-mthelp-bin-x64-2.9.tar.lzma
2022-01-07 23:40:37,378+0700 INFO  mainwindow - 0.04 MB, 3.11 Mbit/s
2022-01-07 23:40:37,392+0700 INFO  mainwindow - extracting files from miktex-mthelp-bin-x64-2.9.tar.lzma...
2022-01-07 23:40:37,408+0700 INFO  miktex-console.packagemanager - installing package miktex-mtprint-bin-x64-2.9
2022-01-07 23:40:37,409+0700 INFO  mainwindow - downloading https://mirror.yongbok.net/ctan/systems/win32/miktex/tm/packages/miktex-mtprint-bin-x64-2.9.tar.lzma...
2022-01-07 23:40:37,409+0700 INFO  miktex-console.packagemanager - going to download https://mirror.yongbok.net/ctan/systems/win32/miktex/tm/packages/miktex-mtprint-bin-x64-2.9.tar.lzma
2022-01-07 23:40:37,528+0700 INFO  mainwindow - 0.05 MB, 3.22 Mbit/s
2022-01-07 23:40:37,541+0700 INFO  mainwindow - extracting files from miktex-mtprint-bin-x64-2.9.tar.lzma...
2022-01-07 23:40:37,558+0700 INFO  miktex-console.packagemanager - installing package miktex-omegaware-bin-x64-2.9
2022-01-07 23:40:37,558+0700 INFO  mainwindow - downloading https://mirror.yongbok.net/ctan/systems/win32/miktex/tm/packages/miktex-omegaware-bin-x64-2.9.tar.lzma...
2022-01-07 23:40:37,558+0700 INFO  miktex-console.packagemanager - going to download https://mirror.yongbok.net/ctan/systems/win32/miktex/tm/packages/miktex-omegaware-bin-x64-2.9.tar.lzma
2022-01-07 23:40:37,822+0700 INFO  mainwindow - 0.21 MB, 6.50 Mbit/s
2022-01-07 23:40:37,841+0700 INFO  mainwindow - extracting files from miktex-omegaware-bin-x64-2.9.tar.lzma...
2022-01-07 23:40:37,874+0700 INFO  miktex-console.packagemanager - installing package miktex-patgen-bin-x64
2022-01-07 23:40:37,874+0700 INFO  mainwindow - downloading https://mirror.yongbok.net/ctan/systems/win32/miktex/tm/packages/miktex-patgen-bin-x64.tar.lzma...
2022-01-07 23:40:37,874+0700 INFO  miktex-console.packagemanager - going to download https://mirror.yongbok.net/ctan/systems/win32/miktex/tm/packages/miktex-patgen-bin-x64.tar.lzma
2022-01-07 23:40:38,022+0700 INFO  mainwindow - 0.04 MB, 2.24 Mbit/s
2022-01-07 23:40:38,037+0700 INFO  mainwindow - extracting files from miktex-patgen-bin-x64.tar.lzma...
2022-01-07 23:40:38,053+0700 INFO  miktex-console.packagemanager - installing package miktex-pdftex-bin-x64-2.9
2022-01-07 23:40:38,053+0700 INFO  mainwindow - downloading https://mirror.yongbok.net/ctan/systems/win32/miktex/tm/packages/miktex-pdftex-bin-x64-2.9.tar.lzma...
2022-01-07 23:40:38,053+0700 INFO  miktex-console.packagemanager - going to download https://mirror.yongbok.net/ctan/systems/win32/miktex/tm/packages/miktex-pdftex-bin-x64-2.9.tar.lzma
2022-01-07 23:40:38,304+0700 INFO  mainwindow - 0.82 MB, 26.39 Mbit/s
2022-01-07 23:40:38,321+0700 INFO  mainwindow - extracting files from miktex-pdftex-bin-x64-2.9.tar.lzma...
2022-01-07 23:40:38,375+0700 INFO  miktex-console.packagemanager - installing package miktex-pixman-bin-x64-2.9
2022-01-07 23:40:38,376+0700 INFO  mainwindow - downloading https://mirror.yongbok.net/ctan/systems/win32/miktex/tm/packages/miktex-pixman-bin-x64-2.9.tar.lzma...
2022-01-07 23:40:38,376+0700 INFO  miktex-console.packagemanager - going to download https://mirror.yongbok.net/ctan/systems/win32/miktex/tm/packages/miktex-pixman-bin-x64-2.9.tar.lzma
2022-01-07 23:40:38,683+0700 INFO  mainwindow - 0.20 MB, 5.28 Mbit/s
2022-01-07 23:40:38,698+0700 INFO  mainwindow - extracting files from miktex-pixman-bin-x64-2.9.tar.lzma...
2022-01-07 23:40:38,907+0700 INFO  miktex-console.packagemanager - installing package miktex-pmx-bin-x64-2.9
2022-01-07 23:40:38,907+0700 INFO  mainwindow - downloading https://mirror.yongbok.net/ctan/systems/win32/miktex/tm/packages/miktex-pmx-bin-x64-2.9.tar.lzma...
2022-01-07 23:40:38,907+0700 INFO  miktex-console.packagemanager - going to download https://mirror.yongbok.net/ctan/systems/win32/miktex/tm/packages/miktex-pmx-bin-x64-2.9.tar.lzma
2022-01-07 23:40:39,184+0700 INFO  mainwindow - 0.24 MB, 7.10 Mbit/s
2022-01-07 23:40:39,204+0700 INFO  mainwindow - extracting files from miktex-pmx-bin-x64-2.9.tar.lzma...
2022-01-07 23:40:39,230+0700 INFO  miktex-console.packagemanager - installing package miktex-png-bin-x64-2.9
2022-01-07 23:40:39,230+0700 INFO  mainwindow - downloading https://mirror.yongbok.net/ctan/systems/win32/miktex/tm/packages/miktex-png-bin-x64-2.9.tar.lzma...
2022-01-07 23:40:39,230+0700 INFO  miktex-console.packagemanager - going to download https://mirror.yongbok.net/ctan/systems/win32/miktex/tm/packages/miktex-png-bin-x64-2.9.tar.lzma
2022-01-07 23:40:39,384+0700 INFO  mainwindow - 0.09 MB, 4.58 Mbit/s
2022-01-07 23:40:39,398+0700 INFO  mainwindow - extracting files from miktex-png-bin-x64-2.9.tar.lzma...
2022-01-07 23:40:39,565+0700 INFO  miktex-console.packagemanager - installing package miktex-poppler-bin-x64-2.9
2022-01-07 23:40:39,565+0700 INFO  mainwindow - downloading https://mirror.yongbok.net/ctan/systems/win32/miktex/tm/packages/miktex-poppler-bin-x64-2.9.tar.lzma...
2022-01-07 23:40:39,565+0700 INFO  miktex-console.packagemanager - going to download https://mirror.yongbok.net/ctan/systems/win32/miktex/tm/packages/miktex-poppler-bin-x64-2.9.tar.lzma
2022-01-07 23:40:39,979+0700 INFO  mainwindow - 1.32 MB, 25.62 Mbit/s
2022-01-07 23:40:40,002+0700 INFO  mainwindow - extracting files from miktex-poppler-bin-x64-2.9.tar.lzma...
2022-01-07 23:40:40,247+0700 INFO  miktex-console.packagemanager - installing package miktex-popt-bin-x64-2.9
2022-01-07 23:40:40,247+0700 INFO  mainwindow - downloading https://mirror.yongbok.net/ctan/systems/win32/miktex/tm/packages/miktex-popt-bin-x64-2.9.tar.lzma...
2022-01-07 23:40:40,248+0700 INFO  miktex-console.packagemanager - going to download https://mirror.yongbok.net/ctan/systems/win32/miktex/tm/packages/miktex-popt-bin-x64-2.9.tar.lzma
2022-01-07 23:40:40,367+0700 INFO  mainwindow - 0.02 MB, 1.62 Mbit/s
2022-01-07 23:40:40,372+0700 ERROR miktex-console.core - Access is denied.

2022-01-07 23:40:40,372+0700 ERROR miktex-console.core - Function: DeleteFileW
2022-01-07 23:40:40,372+0700 ERROR miktex-console.core - Result: 5
2022-01-07 23:40:40,372+0700 ERROR miktex-console.core - Data: path="E:\Projects\paper-latex\paper-latex-3\miktex\texmfs\install\miktex\bin\x64\MiKTeX211200-popt.dll"
2022-01-07 23:40:40,372+0700 ERROR miktex-console.core - Source: Libraries\MiKTeX\Core\File\win\winFile.cpp:320
2022-01-07 23:40:40,382+0700 INFO  mainwindow - extracting files from miktex-popt-bin-x64-2.9.tar.lzma...
2022-01-07 23:40:40,523+0700 INFO  miktex-console.packagemanager - installing package miktex-posix-bin-x64-2.9
2022-01-07 23:40:40,524+0700 INFO  mainwindow - downloading https://mirror.yongbok.net/ctan/systems/win32/miktex/tm/packages/miktex-posix-bin-x64-2.9.tar.lzma...
2022-01-07 23:40:40,524+0700 INFO  miktex-console.packagemanager - going to download https://mirror.yongbok.net/ctan/systems/win32/miktex/tm/packages/miktex-posix-bin-x64-2.9.tar.lzma
2022-01-07 23:40:40,658+0700 INFO  mainwindow - 0.04 MB, 2.23 Mbit/s
2022-01-07 23:40:40,673+0700 INFO  mainwindow - extracting files from miktex-posix-bin-x64-2.9.tar.lzma...
2022-01-07 23:40:40,797+0700 INFO  miktex-console.packagemanager - installing package miktex-ps2pk-bin-x64-2.9
2022-01-07 23:40:40,798+0700 INFO  mainwindow - downloading https://mirror.yongbok.net/ctan/systems/win32/miktex/tm/packages/miktex-ps2pk-bin-x64-2.9.tar.lzma...
2022-01-07 23:40:40,798+0700 INFO  miktex-console.packagemanager - going to download https://mirror.yongbok.net/ctan/systems/win32/miktex/tm/packages/miktex-ps2pk-bin-x64-2.9.tar.lzma
2022-01-07 23:40:41,061+0700 INFO  mainwindow - 0.07 MB, 2.21 Mbit/s
2022-01-07 23:40:41,077+0700 INFO  mainwindow - extracting files from miktex-ps2pk-bin-x64-2.9.tar.lzma...
2022-01-07 23:40:41,096+0700 INFO  miktex-console.packagemanager - installing package miktex-psutils-bin-x64-2.9
2022-01-07 23:40:41,097+0700 INFO  mainwindow - downloading https://mirror.yongbok.net/ctan/systems/win32/miktex/tm/packages/miktex-psutils-bin-x64-2.9.tar.lzma...
2022-01-07 23:40:41,097+0700 INFO  miktex-console.packagemanager - going to download https://mirror.yongbok.net/ctan/systems/win32/miktex/tm/packages/miktex-psutils-bin-x64-2.9.tar.lzma
2022-01-07 23:40:41,208+0700 INFO  mainwindow - 0.06 MB, 4.25 Mbit/s
2022-01-07 23:40:41,226+0700 INFO  mainwindow - extracting files from miktex-psutils-bin-x64-2.9.tar.lzma...
2022-01-07 23:40:41,251+0700 INFO  miktex-console.packagemanager - installing package miktex-ptex-bin-x64
2022-01-07 23:40:41,251+0700 INFO  mainwindow - downloading https://mirror.yongbok.net/ctan/systems/win32/miktex/tm/packages/miktex-ptex-bin-x64.tar.lzma...
2022-01-07 23:40:41,251+0700 INFO  miktex-console.packagemanager - going to download https://mirror.yongbok.net/ctan/systems/win32/miktex/tm/packages/miktex-ptex-bin-x64.tar.lzma
2022-01-07 23:40:41,639+0700 INFO  mainwindow - 0.75 MB, 15.56 Mbit/s
2022-01-07 23:40:41,676+0700 INFO  mainwindow - extracting files from miktex-ptex-bin-x64.tar.lzma...
2022-01-07 23:40:42,181+0700 INFO  miktex-console.packagemanager - installing package miktex-runtime-bin-x64-2.9
2022-01-07 23:40:42,181+0700 INFO  mainwindow - downloading https://mirror.yongbok.net/ctan/systems/win32/miktex/tm/packages/miktex-runtime-bin-x64-2.9.tar.lzma...
2022-01-07 23:40:42,181+0700 INFO  miktex-console.packagemanager - going to download https://mirror.yongbok.net/ctan/systems/win32/miktex/tm/packages/miktex-runtime-bin-x64-2.9.tar.lzma
2022-01-07 23:40:42,903+0700 INFO  mainwindow - 1.50 MB, 16.59 Mbit/s
2022-01-07 23:40:42,918+0700 ERROR miktex-console.core - Access is denied.

2022-01-07 23:40:42,918+0700 ERROR miktex-console.core - Function: DeleteFileW
2022-01-07 23:40:42,918+0700 ERROR miktex-console.core - Result: 5
2022-01-07 23:40:42,918+0700 ERROR miktex-console.core - Data: path="E:\Projects\paper-latex\paper-latex-3\miktex\texmfs\install\miktex\bin\x64\MiKTeX211200-core.dll"
2022-01-07 23:40:42,918+0700 ERROR miktex-console.core - Source: Libraries\MiKTeX\Core\File\win\winFile.cpp:320
2022-01-07 23:40:42,921+0700 ERROR miktex-console.core - Access is denied.

2022-01-07 23:40:42,921+0700 ERROR miktex-console.core - Function: DeleteFileW
2022-01-07 23:40:42,921+0700 ERROR miktex-console.core - Result: 5
2022-01-07 23:40:42,921+0700 ERROR miktex-console.core - Data: path="E:\Projects\paper-latex\paper-latex-3\miktex\texmfs\install\miktex\bin\x64\MiKTeX211200-extractor.dll"
2022-01-07 23:40:42,922+0700 ERROR miktex-console.core - Source: Libraries\MiKTeX\Core\File\win\winFile.cpp:320
2022-01-07 23:40:42,925+0700 ERROR miktex-console.core - Access is denied.

2022-01-07 23:40:42,925+0700 ERROR miktex-console.core - Function: DeleteFileW
2022-01-07 23:40:42,925+0700 ERROR miktex-console.core - Result: 5
2022-01-07 23:40:42,925+0700 ERROR miktex-console.core - Data: path="E:\Projects\paper-latex\paper-latex-3\miktex\texmfs\install\miktex\bin\x64\MiKTeX211200-loc.dll"
2022-01-07 23:40:42,925+0700 ERROR miktex-console.core - Source: Libraries\MiKTeX\Core\File\win\winFile.cpp:320
2022-01-07 23:40:42,927+0700 ERROR miktex-console.core - Access is denied.

2022-01-07 23:40:42,927+0700 ERROR miktex-console.core - Function: DeleteFileW
2022-01-07 23:40:42,927+0700 ERROR miktex-console.core - Result: 5
2022-01-07 23:40:42,927+0700 ERROR miktex-console.core - Data: path="E:\Projects\paper-latex\paper-latex-3\miktex\texmfs\install\miktex\bin\x64\MiKTeX211200-packagemanager.dll"
2022-01-07 23:40:42,927+0700 ERROR miktex-console.core - Source: Libraries\MiKTeX\Core\File\win\winFile.cpp:320
2022-01-07 23:40:42,929+0700 ERROR miktex-console.core - Access is denied.

2022-01-07 23:40:42,929+0700 ERROR miktex-console.core - Function: DeleteFileW
2022-01-07 23:40:42,929+0700 ERROR miktex-console.core - Result: 5
2022-01-07 23:40:42,929+0700 ERROR miktex-console.core - Data: path="E:\Projects\paper-latex\paper-latex-3\miktex\texmfs\install\miktex\bin\x64\MiKTeX211200-res.dll"
2022-01-07 23:40:42,929+0700 ERROR miktex-console.core - Source: Libraries\MiKTeX\Core\File\win\winFile.cpp:320
2022-01-07 23:40:42,931+0700 ERROR miktex-console.core - Access is denied.

2022-01-07 23:40:42,931+0700 ERROR miktex-console.core - Function: DeleteFileW
2022-01-07 23:40:42,931+0700 ERROR miktex-console.core - Result: 5
2022-01-07 23:40:42,931+0700 ERROR miktex-console.core - Data: path="E:\Projects\paper-latex\paper-latex-3\miktex\texmfs\install\miktex\bin\x64\MiKTeX211200-setup.dll"
2022-01-07 23:40:42,931+0700 ERROR miktex-console.core - Source: Libraries\MiKTeX\Core\File\win\winFile.cpp:320
2022-01-07 23:40:42,934+0700 ERROR miktex-console.core - Access is denied.

2022-01-07 23:40:42,934+0700 ERROR miktex-console.core - Function: DeleteFileW
2022-01-07 23:40:42,934+0700 ERROR miktex-console.core - Result: 5
2022-01-07 23:40:42,934+0700 ERROR miktex-console.core - Data: path="E:\Projects\paper-latex\paper-latex-3\miktex\texmfs\install\miktex\bin\x64\MiKTeX211200-trace.dll"
2022-01-07 23:40:42,934+0700 ERROR miktex-console.core - Source: Libraries\MiKTeX\Core\File\win\winFile.cpp:320
2022-01-07 23:40:42,936+0700 ERROR miktex-console.core - Access is denied.

2022-01-07 23:40:42,937+0700 ERROR miktex-console.core - Function: DeleteFileW
2022-01-07 23:40:42,937+0700 ERROR miktex-console.core - Result: 5
2022-01-07 23:40:42,937+0700 ERROR miktex-console.core - Data: path="E:\Projects\paper-latex\paper-latex-3\miktex\texmfs\install\miktex\bin\x64\MiKTeX211200-ui-Qt.dll"
2022-01-07 23:40:42,937+0700 ERROR miktex-console.core - Source: Libraries\MiKTeX\Core\File\win\winFile.cpp:320
2022-01-07 23:40:42,940+0700 ERROR miktex-console.core - Access is denied.

2022-01-07 23:40:42,940+0700 ERROR miktex-console.core - Function: DeleteFileW
2022-01-07 23:40:42,940+0700 ERROR miktex-console.core - Result: 5
2022-01-07 23:40:42,940+0700 ERROR miktex-console.core - Data: path="E:\Projects\paper-latex\paper-latex-3\miktex\texmfs\install\miktex\bin\x64\MiKTeX211200-utf8wrap.dll"
2022-01-07 23:40:42,940+0700 ERROR miktex-console.core - Source: Libraries\MiKTeX\Core\File\win\winFile.cpp:320
2022-01-07 23:40:42,942+0700 ERROR miktex-console.core - Access is denied.

2022-01-07 23:40:42,942+0700 ERROR miktex-console.core - Function: DeleteFileW
2022-01-07 23:40:42,942+0700 ERROR miktex-console.core - Result: 5
2022-01-07 23:40:42,942+0700 ERROR miktex-console.core - Data: path="E:\Projects\paper-latex\paper-latex-3\miktex\texmfs\install\miktex\bin\x64\MiKTeX211200-util.dll"
2022-01-07 23:40:42,942+0700 ERROR miktex-console.core - Source: Libraries\MiKTeX\Core\File\win\winFile.cpp:320
2022-01-07 23:40:42,952+0700 INFO  mainwindow - extracting files from miktex-runtime-bin-x64-2.9.tar.lzma...
2022-01-07 23:40:43,847+0700 INFO  miktex-console.packagemanager - installing package miktex-synctex-bin-x64-2.9
2022-01-07 23:40:43,847+0700 INFO  mainwindow - downloading https://mirror.yongbok.net/ctan/systems/win32/miktex/tm/packages/miktex-synctex-bin-x64-2.9.tar.lzma...
2022-01-07 23:40:43,847+0700 INFO  miktex-console.packagemanager - going to download https://mirror.yongbok.net/ctan/systems/win32/miktex/tm/packages/miktex-synctex-bin-x64-2.9.tar.lzma
2022-01-07 23:40:43,995+0700 INFO  mainwindow - 0.05 MB, 2.88 Mbit/s
2022-01-07 23:40:44,011+0700 INFO  mainwindow - extracting files from miktex-synctex-bin-x64-2.9.tar.lzma...
2022-01-07 23:40:44,027+0700 INFO  miktex-console.packagemanager - installing package miktex-tdsutil-bin-x64
2022-01-07 23:40:44,028+0700 INFO  mainwindow - downloading https://mirror.yongbok.net/ctan/systems/win32/miktex/tm/packages/miktex-tdsutil-bin-x64.tar.lzma...
2022-01-07 23:40:44,028+0700 INFO  miktex-console.packagemanager - going to download https://mirror.yongbok.net/ctan/systems/win32/miktex/tm/packages/miktex-tdsutil-bin-x64.tar.lzma
2022-01-07 23:40:44,155+0700 INFO  mainwindow - 0.06 MB, 4.04 Mbit/s
2022-01-07 23:40:44,168+0700 INFO  mainwindow - extracting files from miktex-tdsutil-bin-x64.tar.lzma...
2022-01-07 23:40:44,186+0700 INFO  miktex-console.packagemanager - installing package miktex-teckit-bin-x64-2.9
2022-01-07 23:40:44,186+0700 INFO  mainwindow - downloading https://mirror.yongbok.net/ctan/systems/win32/miktex/tm/packages/miktex-teckit-bin-x64-2.9.tar.lzma...
2022-01-07 23:40:44,186+0700 INFO  miktex-console.packagemanager - going to download https://mirror.yongbok.net/ctan/systems/win32/miktex/tm/packages/miktex-teckit-bin-x64-2.9.tar.lzma
2022-01-07 23:40:44,311+0700 INFO  mainwindow - 0.03 MB, 1.76 Mbit/s
2022-01-07 23:40:44,325+0700 INFO  mainwindow - extracting files from miktex-teckit-bin-x64-2.9.tar.lzma...
2022-01-07 23:40:44,522+0700 INFO  miktex-console.packagemanager - installing package miktex-tex-bin-x64-2.9
2022-01-07 23:40:44,522+0700 INFO  mainwindow - downloading https://mirror.yongbok.net/ctan/systems/win32/miktex/tm/packages/miktex-tex-bin-x64-2.9.tar.lzma...
2022-01-07 23:40:44,522+0700 INFO  miktex-console.packagemanager - going to download https://mirror.yongbok.net/ctan/systems/win32/miktex/tm/packages/miktex-tex-bin-x64-2.9.tar.lzma
2022-01-07 23:40:44,743+0700 INFO  mainwindow - 0.17 MB, 6.24 Mbit/s
2022-01-07 23:40:44,758+0700 INFO  mainwindow - extracting files from miktex-tex-bin-x64-2.9.tar.lzma...
2022-01-07 23:40:44,781+0700 INFO  miktex-console.packagemanager - installing package miktex-tex2xindy-bin-x64-2.9
2022-01-07 23:40:44,781+0700 INFO  mainwindow - downloading https://mirror.yongbok.net/ctan/systems/win32/miktex/tm/packages/miktex-tex2xindy-bin-x64-2.9.tar.lzma...
2022-01-07 23:40:44,781+0700 INFO  miktex-console.packagemanager - going to download https://mirror.yongbok.net/ctan/systems/win32/miktex/tm/packages/miktex-tex2xindy-bin-x64-2.9.tar.lzma
2022-01-07 23:40:44,995+0700 INFO  mainwindow - 0.02 MB, 0.69 Mbit/s
2022-01-07 23:40:45,009+0700 INFO  mainwindow - extracting files from miktex-tex2xindy-bin-x64-2.9.tar.lzma...
2022-01-07 23:40:45,024+0700 INFO  miktex-console.packagemanager - installing package miktex-tex4ht-bin-x64-2.9
2022-01-07 23:40:45,025+0700 INFO  mainwindow - downloading https://mirror.yongbok.net/ctan/systems/win32/miktex/tm/packages/miktex-tex4ht-bin-x64-2.9.tar.lzma...
2022-01-07 23:40:45,025+0700 INFO  miktex-console.packagemanager - going to download https://mirror.yongbok.net/ctan/systems/win32/miktex/tm/packages/miktex-tex4ht-bin-x64-2.9.tar.lzma
2022-01-07 23:40:45,141+0700 INFO  mainwindow - 0.07 MB, 4.89 Mbit/s
2022-01-07 23:40:45,156+0700 INFO  mainwindow - extracting files from miktex-tex4ht-bin-x64-2.9.tar.lzma...
2022-01-07 23:40:45,173+0700 INFO  miktex-console.packagemanager - installing package miktex-texify-bin-x64-2.9
2022-01-07 23:40:45,173+0700 INFO  mainwindow - downloading https://mirror.yongbok.net/ctan/systems/win32/miktex/tm/packages/miktex-texify-bin-x64-2.9.tar.lzma...
2022-01-07 23:40:45,174+0700 INFO  miktex-console.packagemanager - going to download https://mirror.yongbok.net/ctan/systems/win32/miktex/tm/packages/miktex-texify-bin-x64-2.9.tar.lzma
2022-01-07 23:40:45,932+0700 INFO  mainwindow - 0.07 MB, 0.71 Mbit/s
2022-01-07 23:40:45,947+0700 INFO  mainwindow - extracting files from miktex-texify-bin-x64-2.9.tar.lzma...
2022-01-07 23:40:45,964+0700 INFO  miktex-console.packagemanager - installing package miktex-texware-bin-x64-2.9
2022-01-07 23:40:45,965+0700 INFO  mainwindow - downloading https://mirror.yongbok.net/ctan/systems/win32/miktex/tm/packages/miktex-texware-bin-x64-2.9.tar.lzma...
2022-01-07 23:40:45,965+0700 INFO  miktex-console.packagemanager - going to download https://mirror.yongbok.net/ctan/systems/win32/miktex/tm/packages/miktex-texware-bin-x64-2.9.tar.lzma
2022-01-07 23:40:46,337+0700 INFO  mainwindow - 0.11 MB, 2.32 Mbit/s
2022-01-07 23:40:46,354+0700 INFO  mainwindow - extracting files from miktex-texware-bin-x64-2.9.tar.lzma...
2022-01-07 23:40:46,377+0700 INFO  miktex-console.packagemanager - installing package miktex-texworks-bin-x64-2.9
2022-01-07 23:40:46,378+0700 INFO  mainwindow - downloading https://mirror.yongbok.net/ctan/systems/win32/miktex/tm/packages/miktex-texworks-bin-x64-2.9.tar.lzma...
2022-01-07 23:40:46,378+0700 INFO  miktex-console.packagemanager - going to download https://mirror.yongbok.net/ctan/systems/win32/miktex/tm/packages/miktex-texworks-bin-x64-2.9.tar.lzma
2022-01-07 23:40:47,235+0700 INFO  mainwindow - 2.80 MB, 26.13 Mbit/s
2022-01-07 23:40:47,255+0700 INFO  mainwindow - extracting files from miktex-texworks-bin-x64-2.9.tar.lzma...
2022-01-07 23:40:47,393+0700 INFO  miktex-console.packagemanager - installing package miktex-ttf2pk2-bin-x64-2.9
2022-01-07 23:40:47,394+0700 INFO  mainwindow - downloading https://mirror.yongbok.net/ctan/systems/win32/miktex/tm/packages/miktex-ttf2pk2-bin-x64-2.9.tar.lzma...
2022-01-07 23:40:47,394+0700 INFO  miktex-console.packagemanager - going to download https://mirror.yongbok.net/ctan/systems/win32/miktex/tm/packages/miktex-ttf2pk2-bin-x64-2.9.tar.lzma
2022-01-07 23:40:47,513+0700 INFO  mainwindow - 0.06 MB, 4.18 Mbit/s
2022-01-07 23:40:47,527+0700 INFO  mainwindow - extracting files from miktex-ttf2pk2-bin-x64-2.9.tar.lzma...
2022-01-07 23:40:47,546+0700 INFO  miktex-console.packagemanager - installing package miktex-upmendex-bin-x64
2022-01-07 23:40:47,547+0700 INFO  mainwindow - downloading https://mirror.yongbok.net/ctan/systems/win32/miktex/tm/packages/miktex-upmendex-bin-x64.tar.lzma...
2022-01-07 23:40:47,547+0700 INFO  miktex-console.packagemanager - going to download https://mirror.yongbok.net/ctan/systems/win32/miktex/tm/packages/miktex-upmendex-bin-x64.tar.lzma
2022-01-07 23:40:47,652+0700 INFO  mainwindow - 0.04 MB, 3.14 Mbit/s
2022-01-07 23:40:47,667+0700 INFO  mainwindow - extracting files from miktex-upmendex-bin-x64.tar.lzma...
2022-01-07 23:40:47,683+0700 INFO  miktex-console.packagemanager - installing package miktex-uriparser-bin-x64-2.9
2022-01-07 23:40:47,684+0700 INFO  mainwindow - downloading https://mirror.yongbok.net/ctan/systems/win32/miktex/tm/packages/miktex-uriparser-bin-x64-2.9.tar.lzma...
2022-01-07 23:40:47,684+0700 INFO  miktex-console.packagemanager - going to download https://mirror.yongbok.net/ctan/systems/win32/miktex/tm/packages/miktex-uriparser-bin-x64-2.9.tar.lzma
2022-01-07 23:40:47,802+0700 INFO  mainwindow - 0.03 MB, 2.31 Mbit/s
2022-01-07 23:40:47,808+0700 ERROR miktex-console.core - Access is denied.

2022-01-07 23:40:47,808+0700 ERROR miktex-console.core - Function: DeleteFileW
2022-01-07 23:40:47,808+0700 ERROR miktex-console.core - Result: 5
2022-01-07 23:40:47,808+0700 ERROR miktex-console.core - Data: path="E:\Projects\paper-latex\paper-latex-3\miktex\texmfs\install\miktex\bin\x64\MiKTeX211200-uriparser.dll"
2022-01-07 23:40:47,808+0700 ERROR miktex-console.core - Source: Libraries\MiKTeX\Core\File\win\winFile.cpp:320
2022-01-07 23:40:47,819+0700 INFO  mainwindow - extracting files from miktex-uriparser-bin-x64-2.9.tar.lzma...
2022-01-07 23:40:47,968+0700 INFO  miktex-console.packagemanager - installing package miktex-web-bin-x64-2.9
2022-01-07 23:40:47,969+0700 INFO  mainwindow - downloading https://mirror.yongbok.net/ctan/systems/win32/miktex/tm/packages/miktex-web-bin-x64-2.9.tar.lzma...
2022-01-07 23:40:47,969+0700 INFO  miktex-console.packagemanager - going to download https://mirror.yongbok.net/ctan/systems/win32/miktex/tm/packages/miktex-web-bin-x64-2.9.tar.lzma
2022-01-07 23:40:48,092+0700 INFO  mainwindow - 0.07 MB, 4.68 Mbit/s
2022-01-07 23:40:48,108+0700 INFO  mainwindow - extracting files from miktex-web-bin-x64-2.9.tar.lzma...
2022-01-07 23:40:48,126+0700 INFO  miktex-console.packagemanager - installing package miktex-xetex-bin-x64-2.9
2022-01-07 23:40:48,127+0700 INFO  mainwindow - downloading https://mirror.yongbok.net/ctan/systems/win32/miktex/tm/packages/miktex-xetex-bin-x64-2.9.tar.lzma...
2022-01-07 23:40:48,127+0700 INFO  miktex-console.packagemanager - going to download https://mirror.yongbok.net/ctan/systems/win32/miktex/tm/packages/miktex-xetex-bin-x64-2.9.tar.lzma
2022-01-07 23:40:48,282+0700 INFO  mainwindow - 0.35 MB, 18.27 Mbit/s
2022-01-07 23:40:48,305+0700 INFO  mainwindow - extracting files from miktex-xetex-bin-x64-2.9.tar.lzma...
2022-01-07 23:40:48,335+0700 INFO  miktex-console.packagemanager - installing package miktex-xml2pmx-bin-x64
2022-01-07 23:40:48,336+0700 INFO  mainwindow - downloading https://mirror.yongbok.net/ctan/systems/win32/miktex/tm/packages/miktex-xml2pmx-bin-x64.tar.lzma...
2022-01-07 23:40:48,336+0700 INFO  miktex-console.packagemanager - going to download https://mirror.yongbok.net/ctan/systems/win32/miktex/tm/packages/miktex-xml2pmx-bin-x64.tar.lzma
2022-01-07 23:40:48,484+0700 INFO  mainwindow - 0.06 MB, 3.10 Mbit/s
2022-01-07 23:40:48,499+0700 INFO  mainwindow - extracting files from miktex-xml2pmx-bin-x64.tar.lzma...
2022-01-07 23:40:48,518+0700 INFO  miktex-console.packagemanager - installing package miktex-yap-bin-x64-2.9
2022-01-07 23:40:48,518+0700 INFO  mainwindow - downloading https://mirror.yongbok.net/ctan/systems/win32/miktex/tm/packages/miktex-yap-bin-x64-2.9.tar.lzma...
2022-01-07 23:40:48,518+0700 INFO  miktex-console.packagemanager - going to download https://mirror.yongbok.net/ctan/systems/win32/miktex/tm/packages/miktex-yap-bin-x64-2.9.tar.lzma
2022-01-07 23:40:48,717+0700 INFO  mainwindow - 0.63 MB, 25.29 Mbit/s
2022-01-07 23:40:48,733+0700 INFO  mainwindow - extracting files from miktex-yap-bin-x64-2.9.tar.lzma...
2022-01-07 23:40:49,294+0700 INFO  miktex-console.packagemanager - installing package miktex-zlib-bin-x64-2.9
2022-01-07 23:40:49,294+0700 INFO  mainwindow - downloading https://mirror.yongbok.net/ctan/systems/win32/miktex/tm/packages/miktex-zlib-bin-x64-2.9.tar.lzma...
2022-01-07 23:40:49,294+0700 INFO  miktex-console.packagemanager - going to download https://mirror.yongbok.net/ctan/systems/win32/miktex/tm/packages/miktex-zlib-bin-x64-2.9.tar.lzma
2022-01-07 23:40:49,407+0700 INFO  mainwindow - 0.04 MB, 3.12 Mbit/s
2022-01-07 23:40:49,416+0700 ERROR miktex-console.core - Access is denied.

2022-01-07 23:40:49,416+0700 ERROR miktex-console.core - Function: DeleteFileW
2022-01-07 23:40:49,416+0700 ERROR miktex-console.core - Result: 5
2022-01-07 23:40:49,416+0700 ERROR miktex-console.core - Data: path="E:\Projects\paper-latex\paper-latex-3\miktex\texmfs\install\miktex\bin\x64\MiKTeX211200-zlib.dll"
2022-01-07 23:40:49,416+0700 ERROR miktex-console.core - Source: Libraries\MiKTeX\Core\File\win\winFile.cpp:320
2022-01-07 23:40:49,431+0700 INFO  mainwindow - extracting files from miktex-zlib-bin-x64-2.9.tar.lzma...
2022-01-07 23:40:49,820+0700 INFO  miktex-console.packagemanager - installing package miktex-zzip-bin-x64-2.9
2022-01-07 23:40:49,820+0700 INFO  mainwindow - downloading https://mirror.yongbok.net/ctan/systems/win32/miktex/tm/packages/miktex-zzip-bin-x64-2.9.tar.lzma...
2022-01-07 23:40:49,820+0700 INFO  miktex-console.packagemanager - going to download https://mirror.yongbok.net/ctan/systems/win32/miktex/tm/packages/miktex-zzip-bin-x64-2.9.tar.lzma
2022-01-07 23:40:50,342+0700 INFO  mainwindow - 0.01 MB, 0.22 Mbit/s
2022-01-07 23:40:50,356+0700 INFO  mainwindow - extracting files from miktex-zzip-bin-x64-2.9.tar.lzma...
2022-01-07 23:40:50,486+0700 INFO  miktex-console.packagemanager - installing package ragged2e
2022-01-07 23:40:50,487+0700 INFO  mainwindow - downloading https://mirror.yongbok.net/ctan/systems/win32/miktex/tm/packages/ragged2e.tar.lzma...
2022-01-07 23:40:50,487+0700 INFO  miktex-console.packagemanager - going to download https://mirror.yongbok.net/ctan/systems/win32/miktex/tm/packages/ragged2e.tar.lzma
2022-01-07 23:40:50,730+0700 INFO  mainwindow - 0.00 MB, 0.10 Mbit/s
2022-01-07 23:40:50,743+0700 INFO  mainwindow - extracting files from ragged2e.tar.lzma...
2022-01-07 23:40:50,758+0700 INFO  miktex-console.packagemanager - installing package tcolorbox
2022-01-07 23:40:50,759+0700 INFO  mainwindow - downloading https://mirror.yongbok.net/ctan/systems/win32/miktex/tm/packages/tcolorbox.tar.lzma...
2022-01-07 23:40:50,759+0700 INFO  miktex-console.packagemanager - going to download https://mirror.yongbok.net/ctan/systems/win32/miktex/tm/packages/tcolorbox.tar.lzma
2022-01-07 23:40:51,295+0700 INFO  mainwindow - 0.23 MB, 3.48 Mbit/s
2022-01-07 23:40:51,321+0700 INFO  mainwindow - extracting files from tcolorbox.tar.lzma...
2022-01-07 23:40:51,668+0700 INFO  miktex-console.core - start process: initexmf --mkmaps
2022-01-07 23:40:53,718+0700 INFO  miktex-console.core - start process: mpm --register-components --verbose
2022-01-07 23:40:54,112+0700 INFO  miktex-console.core - start process: initexmf --update-fndb --disable-installer --verbose
2022-01-07 23:40:57,304+0700 INFO  miktex-console.core - start process: initexmf --force --mklinks --disable-installer --verbose
2022-01-07 23:41:41,050+0700 INFO  miktex-console.core - start process: initexmf --mkmaps --mklangs --disable-installer --verbose
2022-01-07 23:41:42,755+0700 ERROR miktex-console.core - Something is wrong with the PATH:
2022-01-07 23:41:42,755+0700 ERROR miktex-console.core - C:\Program Files\ImageMagick-7.1.0-Q16-HDRI;C:\Program Files (x86)\Common Files\Intel\Shared Libraries\redist\intel64_win\compiler;C:\Program Files (x86)\Common Files\Intel\Shared Libraries\redist\ia32_win\compiler;C:\Program Files (x86)\Common Files\Intel\Shared Libraries\redist\intel64\compiler;C:\WINDOWS\system32;C:\WINDOWS;C:\WINDOWS\System32\Wbem;C:\WINDOWS\System32\WindowsPowerShell\v1.0\;C:\WINDOWS\System32\OpenSSH\;C:\Program Files\nodejs\;C:\Program Files\dotnet\;C:\Program Files\Git\cmd;C:\Program Files (x86)\GnuWin32\bin;C:\Users\CHUNG\AppData\Local\Programs\Python\Python38\;C:\Program Files\gs\gs9.55.0\bin;C:\xampp\php;C:\ProgramData\ComposerSetup\bin;C:\Program Files\MySQL\MySQL Shell 8.0\bin\;C:\Users\CHUNG\AppData\Local\Programs\Python\Python37\Scripts\;C:\Users\CHUNG\AppData\Local\Programs\Python\Python37\;C:\Users\CHUNG\AppData\Local\Microsoft\WindowsApps;C:\Users\CHUNG\AppData\Roaming\npm;C:\Users\CHUNG\AppData\Local\Programs\Microsoft VS Code\bin;C:\Users\CHUNG\AppData\Local\Yarn\bin;C:\Program Files (x86)\GnuWin32\bin;C:\Users\CHUNG\.dotnet\tools;C:\Program Files\MiKTeX\miktex\bin\x64;C:\texlive\2021\bin\win32;C:\Program Files\gs\gs9.55.0\bin;C:\Users\CHUNG\AppData\Roaming\Composer\vendor\bin
2022-01-07 23:41:42,902+0700 INFO  mainwindow - MiKTeX Console needs to be closed
2022-01-07 23:41:46,192+0700 INFO  miktex-console.core - starting finish script
2022-01-07 23:41:46,192+0700 INFO  miktex-console.core - start process: C:\WINDOWS\system32\cmd.exe /c C:\Users\CHUNG\AppData\Local\Temp\mik92587\miktex-console-finish.cmd
2022-01-07 23:41:46,254+0700 INFO  main - finishing with exit code 0
2022-01-07 23:41:58,383+0700 INFO  main - starting: MiKTeX Console 4.5 (MiKTeX 21.12.10 Portable)
2022-01-07 23:41:58,404+0700 ERROR miktex-console.core - Something is wrong with the PATH:
2022-01-07 23:41:58,404+0700 ERROR miktex-console.core - C:\Program Files\ImageMagick-7.1.0-Q16-HDRI;C:\Program Files (x86)\Common Files\Intel\Shared Libraries\redist\intel64_win\compiler;C:\Program Files (x86)\Common Files\Intel\Shared Libraries\redist\ia32_win\compiler;C:\Program Files (x86)\Common Files\Intel\Shared Libraries\redist\intel64\compiler;C:\WINDOWS\system32;C:\WINDOWS;C:\WINDOWS\System32\Wbem;C:\WINDOWS\System32\WindowsPowerShell\v1.0\;C:\WINDOWS\System32\OpenSSH\;C:\Program Files\nodejs\;C:\Program Files\dotnet\;C:\Program Files\Git\cmd;C:\Program Files (x86)\GnuWin32\bin;C:\Users\CHUNG\AppData\Local\Programs\Python\Python38\;C:\Program Files\gs\gs9.55.0\bin;C:\xampp\php;C:\ProgramData\ComposerSetup\bin;C:\Program Files\MySQL\MySQL Shell 8.0\bin\;C:\Users\CHUNG\AppData\Local\Programs\Python\Python37\Scripts\;C:\Users\CHUNG\AppData\Local\Programs\Python\Python37\;C:\Users\CHUNG\AppData\Local\Microsoft\WindowsApps;C:\Users\CHUNG\AppData\Roaming\npm;C:\Users\CHUNG\AppData\Local\Programs\Microsoft VS Code\bin;C:\Users\CHUNG\AppData\Local\Yarn\bin;C:\Program Files (x86)\GnuWin32\bin;C:\Users\CHUNG\.dotnet\tools;C:\Program Files\MiKTeX\miktex\bin\x64;C:\texlive\2021\bin\win32;C:\Program Files\gs\gs9.55.0\bin;C:\Users\CHUNG\AppData\Roaming\Composer\vendor\bin
2022-01-07 23:41:59,334+0700 INFO  miktex-console.core - start process: initexmf --mkmaps
2022-01-07 23:42:09,011+0700 INFO  mainwindow - checking for updates...
2022-01-07 23:42:09,078+0700 INFO  miktex-console.packagemanager - searching for updateable packages
2022-01-07 23:42:09,154+0700 INFO  miktex-console.packagemanager - going to download https://api2.miktex.org/repositories?&releaseState=Stable&orderBy=ranking&take=1&onlySecure=true
2022-01-07 23:42:09,986+0700 INFO  mainwindow - downloading https://mirrors.upm.edu.my/CTAN/systems/win32/miktex/tm/packages/miktex-zzdb3-2.9.tar.lzma...
2022-01-07 23:42:09,987+0700 INFO  miktex-console.packagemanager - going to download https://mirrors.upm.edu.my/CTAN/systems/win32/miktex/tm/packages/miktex-zzdb3-2.9.tar.lzma
2022-01-07 23:42:10,959+0700 INFO  mainwindow - 1.30 MB, 10.69 Mbit/s
2022-01-07 23:42:12,052+0700 INFO  mainwindow - updating package manifests (E:\Projects\paper-latex\paper-latex-3\miktex\texmfs\install\miktex/config\package-manifests.ini)...
2022-01-07 23:42:12,818+0700 INFO  mainwindow - installed 5040 package manifests
2022-01-07 23:42:12,818+0700 INFO  mainwindow - visiting repository https://mirrors.upm.edu.my/CTAN/systems/win32/miktex/tm/packages/...
2022-01-07 23:42:12,818+0700 INFO  mainwindow - repository type: remote package repository
2022-01-07 23:42:12,819+0700 INFO  mainwindow - loading package repository manifest...
2022-01-07 23:42:12,820+0700 INFO  mainwindow - downloading https://mirrors.upm.edu.my/CTAN/systems/win32/miktex/tm/packages/miktex-zzdb1-2.9.tar.lzma...
2022-01-07 23:42:12,820+0700 INFO  miktex-console.packagemanager - going to download https://mirrors.upm.edu.my/CTAN/systems/win32/miktex/tm/packages/miktex-zzdb1-2.9.tar.lzma
2022-01-07 23:42:13,049+0700 INFO  mainwindow - 0.26 MB, 9.04 Mbit/s
2022-01-07 23:42:15,395+0700 INFO  mainwindow - package repository digest: 1c039c0cac08483c18d528ba43321cc1
2022-01-07 23:42:17,905+0700 FATAL miktex-console.core - File is locked: {0}
2022-01-07 23:42:17,905+0700 FATAL miktex-console.core - Data: path="E:\Projects\paper-latex\paper-latex-3\miktex\texmfs\install\miktex/lock\package-manager.lock"
2022-01-07 23:42:17,905+0700 FATAL miktex-console.core - Source: Libraries\MiKTeX\Core\LockFile\LockFile.cpp:111
2022-01-07 23:42:17,912+0700 ERROR mainwindow - Libraries\MiKTeX\Core\LockFile\LockFile.cpp:111: File is locked: {0}(path="E:\Projects\paper-latex\paper-latex-3\miktex\texmfs\install\miktex/lock\package-manager.lock")
2022-01-07 23:42:18,065+0700 FATAL miktex-console.core - C:\jenkins\workspace\miktex\windows\build\source\Libraries\MiKTeX\PackageManager\PackageDataStore.cpp:92: internal error
2022-01-07 23:42:18,065+0700 FATAL miktex-console.core - Data: 
2022-01-07 23:42:18,065+0700 FATAL miktex-console.core - Source: Libraries\MiKTeX\PackageManager\PackageDataStore.cpp:92
2022-01-07 23:42:18,079+0700 ERROR mainwindow - Libraries\MiKTeX\PackageManager\PackageDataStore.cpp:92: C:\jenkins\workspace\miktex\windows\build\source\Libraries\MiKTeX\PackageManager\PackageDataStore.cpp:92: internal error()
2022-01-07 23:42:45,648+0700 WARN  main - session.use_count() == 7
2022-01-07 23:42:45,648+0700 INFO  main - finishing with exit code 0
2022-01-07 23:42:47,859+0700 INFO  main - starting: MiKTeX Console 4.5 (MiKTeX 21.12.10 Portable)
2022-01-07 23:42:47,864+0700 ERROR miktex-console.core - Something is wrong with the PATH:
2022-01-07 23:42:47,864+0700 ERROR miktex-console.core - C:\Program Files\ImageMagick-7.1.0-Q16-HDRI;C:\Program Files (x86)\Common Files\Intel\Shared Libraries\redist\intel64_win\compiler;C:\Program Files (x86)\Common Files\Intel\Shared Libraries\redist\ia32_win\compiler;C:\Program Files (x86)\Common Files\Intel\Shared Libraries\redist\intel64\compiler;C:\WINDOWS\system32;C:\WINDOWS;C:\WINDOWS\System32\Wbem;C:\WINDOWS\System32\WindowsPowerShell\v1.0\;C:\WINDOWS\System32\OpenSSH\;C:\Program Files\nodejs\;C:\Program Files\dotnet\;C:\Program Files\Git\cmd;C:\Program Files (x86)\GnuWin32\bin;C:\Users\CHUNG\AppData\Local\Programs\Python\Python38\;C:\Program Files\gs\gs9.55.0\bin;C:\xampp\php;C:\ProgramData\ComposerSetup\bin;C:\Program Files\MySQL\MySQL Shell 8.0\bin\;C:\Users\CHUNG\AppData\Local\Programs\Python\Python37\Scripts\;C:\Users\CHUNG\AppData\Local\Programs\Python\Python37\;C:\Users\CHUNG\AppData\Local\Microsoft\WindowsApps;C:\Users\CHUNG\AppData\Roaming\npm;C:\Users\CHUNG\AppData\Local\Programs\Microsoft VS Code\bin;C:\Users\CHUNG\AppData\Local\Yarn\bin;C:\Program Files (x86)\GnuWin32\bin;C:\Users\CHUNG\.dotnet\tools;C:\Program Files\MiKTeX\miktex\bin\x64;C:\texlive\2021\bin\win32;C:\Program Files\gs\gs9.55.0\bin;C:\Users\CHUNG\AppData\Roaming\Composer\vendor\bin
2022-01-07 23:42:48,804+0700 INFO  miktex-console.core - start process: initexmf --mkmaps
2022-01-07 23:42:50,530+0700 INFO  miktex-console.core - start process: cmd
2022-01-08 00:05:14,797+0700 INFO  miktex-console.core - start process: cmd
