2022-01-07 23:38:55,622+0700 INFO  mkfntmap - this process (22280) started by 'initexmf' with command line: mkfntmap --verbose --disable-installer --miktex-disable-maintenance --miktex-disable-diagnose
2022-01-07 23:38:55,622+0700 INFO  mkfntmap - Parsing config file E:\Projects\paper-latex\paper-latex-3\miktex\texmfs\install\miktex/config\updmap.cfg...
2022-01-07 23:38:55,701+0700 INFO  mkfntmap - Writing E:\Projects\paper-latex\paper-latex-3\miktex\texmfs/data\fonts\map\dvipdfmx\kanjix.map...
2022-01-07 23:38:55,750+0700 INFO  mkfntmap - Writing E:\Projects\paper-latex\paper-latex-3\miktex\texmfs/data\fonts\map\dvips\builtin35.map...
2022-01-07 23:38:55,808+0700 INFO  mkfntmap - Writing E:\Projects\paper-latex\paper-latex-3\miktex\texmfs/data\fonts\map\dvips\download35.map...
2022-01-07 23:38:55,867+0700 INFO  mkfntmap - Writing E:\Projects\paper-latex\paper-latex-3\miktex\texmfs/data\fonts\map\dvips\ps2pk.map...
2022-01-07 23:38:55,917+0700 INFO  mkfntmap - Writing E:\Projects\paper-latex\paper-latex-3\miktex\texmfs/data\fonts\map\dvips\psfonts_pk.map...
2022-01-07 23:38:55,983+0700 INFO  mkfntmap - Writing E:\Projects\paper-latex\paper-latex-3\miktex\texmfs/data\fonts\map\dvips\psfonts_t1.map...
2022-01-07 23:38:56,051+0700 INFO  mkfntmap - Writing E:\Projects\paper-latex\paper-latex-3\miktex\texmfs/data\fonts\map\pdftex\pdftex_dl14.map...
2022-01-07 23:38:56,126+0700 INFO  mkfntmap - Writing E:\Projects\paper-latex\paper-latex-3\miktex\texmfs/data\fonts\map\pdftex\pdftex_ndl14.map...
2022-01-07 23:38:56,184+0700 INFO  mkfntmap - Copying E:\Projects\paper-latex\paper-latex-3\miktex\texmfs/data\fonts\map\dvips\psfonts_t1.map
2022-01-07 23:38:56,184+0700 INFO  mkfntmap -      to E:\Projects\paper-latex\paper-latex-3\miktex\texmfs/data\fonts\map\dvips\psfonts.map...
2022-01-07 23:38:56,241+0700 INFO  mkfntmap - Copying E:\Projects\paper-latex\paper-latex-3\miktex\texmfs/data\fonts\map\pdftex\pdftex_dl14.map
2022-01-07 23:38:56,241+0700 INFO  mkfntmap -      to E:\Projects\paper-latex\paper-latex-3\miktex\texmfs/data\fonts\map\pdftex\pdftex.map...
2022-01-07 23:38:56,295+0700 INFO  mkfntmap - running: miktex-fc-cache --verbose --miktex-disable-maintenance --miktex-disable-diagnose
2022-01-07 23:38:56,295+0700 INFO  mkfntmap.core - start process: miktex-fc-cache --verbose --miktex-disable-maintenance --miktex-disable-diagnose
2022-01-07 23:38:58,829+0700 INFO  mkfntmap - C:/Users/CHUNG/AppData/Local/Microsoft/Windows/Fonts: skipping, existing cache is valid: 0 fonts, 0 dirs
2022-01-07 23:38:58,829+0700 INFO  mkfntmap - C:/WINDOWS/Fonts: skipping, existing cache is valid: 896 fonts, 0 dirs
2022-01-07 23:38:58,830+0700 INFO  mkfntmap - E:/Projects/paper-latex/paper-latex-3/miktex/texmfs/install/fonts/opentype: skipping, existing cache is valid: 0 fonts, 1 dirs
2022-01-07 23:38:58,830+0700 INFO  mkfntmap - E:/Projects/paper-latex/paper-latex-3/miktex/texmfs/install/fonts/opentype/public: skipping, existing cache is valid: 0 fonts, 1 dirs
2022-01-07 23:38:58,832+0700 INFO  mkfntmap - E:/Projects/paper-latex/paper-latex-3/miktex/texmfs/install/fonts/opentype/public/lm: skipping, existing cache is valid: 72 fonts, 0 dirs
2022-01-07 23:38:58,833+0700 INFO  mkfntmap - C:/Users/CHUNG/.local/share/fonts: skipping, no such directory
2022-01-07 23:38:58,833+0700 INFO  mkfntmap - C:/Users/CHUNG/.fonts: skipping, no such directory
2022-01-07 23:38:58,833+0700 INFO  mkfntmap - E:/Projects/paper-latex/paper-latex-3/miktex/texmfs/install/fonts/opentype/public: skipping, looped directory detected
2022-01-07 23:38:58,913+0700 INFO  mkfntmap - E:/Projects/paper-latex/paper-latex-3/miktex/texmfs/install/fonts/opentype/public/lm: skipping, looped directory detected
2022-01-07 23:38:58,913+0700 INFO  mkfntmap - E:/Projects/paper-latex/paper-latex-3/miktex/texmfs/data/fontconfig/cache: cleaning cache directory
2022-01-07 23:38:58,913+0700 INFO  mkfntmap - C:/Users/CHUNG/.cache/fontconfig: not cleaning non-existent cache directory
2022-01-07 23:38:58,913+0700 INFO  mkfntmap - C:/Users/CHUNG/.fontconfig: not cleaning non-existent cache directory
2022-01-07 23:38:58,913+0700 INFO  mkfntmap - miktex-fc-cache: succeeded
2022-01-07 23:38:58,922+0700 INFO  mkfntmap - this process (22280) finishes with exit code 0
2022-01-07 23:38:58,922+0700 WARN  mkfntmap.core - still open: E:\Projects\paper-latex\paper-latex-3\miktex\texmfs\install\fontconfig/config\fonts.conf.in
2022-01-07 23:38:58,922+0700 WARN  mkfntmap.core - still open: E:\Projects\paper-latex\paper-latex-3\miktex\texmfs/config\fontconfig\config\fonts.conf
2022-01-07 23:39:38,771+0700 INFO  mkfntmap - this process (15244) started by 'initexmf' with command line: mkfntmap --enable-installer --miktex-disable-maintenance --miktex-disable-diagnose
2022-01-07 23:39:38,772+0700 INFO  mkfntmap - Parsing config file E:\Projects\paper-latex\paper-latex-3\miktex\texmfs\install\miktex/config\updmap.cfg...
2022-01-07 23:39:38,852+0700 INFO  mkfntmap - Writing E:\Projects\paper-latex\paper-latex-3\miktex\texmfs/data\fonts\map\dvipdfmx\kanjix.map...
2022-01-07 23:39:38,853+0700 INFO  mkfntmap - Writing E:\Projects\paper-latex\paper-latex-3\miktex\texmfs/data\fonts\map\dvips\builtin35.map...
2022-01-07 23:39:38,854+0700 INFO  mkfntmap - Writing E:\Projects\paper-latex\paper-latex-3\miktex\texmfs/data\fonts\map\dvips\download35.map...
2022-01-07 23:39:38,856+0700 INFO  mkfntmap - Writing E:\Projects\paper-latex\paper-latex-3\miktex\texmfs/data\fonts\map\dvips\ps2pk.map...
2022-01-07 23:39:38,860+0700 INFO  mkfntmap - Writing E:\Projects\paper-latex\paper-latex-3\miktex\texmfs/data\fonts\map\dvips\psfonts_pk.map...
2022-01-07 23:39:38,864+0700 INFO  mkfntmap - Writing E:\Projects\paper-latex\paper-latex-3\miktex\texmfs/data\fonts\map\dvips\psfonts_t1.map...
2022-01-07 23:39:38,869+0700 INFO  mkfntmap - Writing E:\Projects\paper-latex\paper-latex-3\miktex\texmfs/data\fonts\map\pdftex\pdftex_dl14.map...
2022-01-07 23:39:38,874+0700 INFO  mkfntmap - Writing E:\Projects\paper-latex\paper-latex-3\miktex\texmfs/data\fonts\map\pdftex\pdftex_ndl14.map...
2022-01-07 23:39:38,878+0700 INFO  mkfntmap - Copying E:\Projects\paper-latex\paper-latex-3\miktex\texmfs/data\fonts\map\dvips\psfonts_t1.map
2022-01-07 23:39:38,878+0700 INFO  mkfntmap -      to E:\Projects\paper-latex\paper-latex-3\miktex\texmfs/data\fonts\map\dvips\psfonts.map...
2022-01-07 23:39:38,879+0700 INFO  mkfntmap - Copying E:\Projects\paper-latex\paper-latex-3\miktex\texmfs/data\fonts\map\pdftex\pdftex_dl14.map
2022-01-07 23:39:38,879+0700 INFO  mkfntmap -      to E:\Projects\paper-latex\paper-latex-3\miktex\texmfs/data\fonts\map\pdftex\pdftex.map...
2022-01-07 23:39:38,883+0700 INFO  mkfntmap - running: miktex-fc-cache --miktex-disable-maintenance --miktex-disable-diagnose
2022-01-07 23:39:38,883+0700 INFO  mkfntmap.core - start process: miktex-fc-cache --miktex-disable-maintenance --miktex-disable-diagnose
2022-01-07 23:39:39,474+0700 INFO  mkfntmap - this process (15244) finishes with exit code 0
2022-01-07 23:39:39,474+0700 WARN  mkfntmap.core - still open: E:\Projects\paper-latex\paper-latex-3\miktex\texmfs\install\fontconfig/config\fonts.conf.in
2022-01-07 23:39:39,474+0700 WARN  mkfntmap.core - still open: E:\Projects\paper-latex\paper-latex-3\miktex\texmfs/config\fontconfig\config\fonts.conf
2022-01-07 23:40:52,516+0700 INFO  mkfntmap - this process (7748) started by 'initexmf' with command line: mkfntmap --enable-installer --miktex-disable-maintenance --miktex-disable-diagnose
2022-01-07 23:40:52,516+0700 INFO  mkfntmap - Parsing config file E:\Projects\paper-latex\paper-latex-3\miktex\texmfs\install\miktex/config\updmap.cfg...
2022-01-07 23:40:52,595+0700 INFO  mkfntmap - Writing E:\Projects\paper-latex\paper-latex-3\miktex\texmfs/data\fonts\map\dvipdfmx\kanjix.map...
2022-01-07 23:40:52,595+0700 INFO  mkfntmap - Writing E:\Projects\paper-latex\paper-latex-3\miktex\texmfs/data\fonts\map\dvips\builtin35.map...
2022-01-07 23:40:52,597+0700 INFO  mkfntmap - Writing E:\Projects\paper-latex\paper-latex-3\miktex\texmfs/data\fonts\map\dvips\download35.map...
2022-01-07 23:40:52,598+0700 INFO  mkfntmap - Writing E:\Projects\paper-latex\paper-latex-3\miktex\texmfs/data\fonts\map\dvips\ps2pk.map...
2022-01-07 23:40:52,604+0700 INFO  mkfntmap - Writing E:\Projects\paper-latex\paper-latex-3\miktex\texmfs/data\fonts\map\dvips\psfonts_pk.map...
2022-01-07 23:40:52,609+0700 INFO  mkfntmap - Writing E:\Projects\paper-latex\paper-latex-3\miktex\texmfs/data\fonts\map\dvips\psfonts_t1.map...
2022-01-07 23:40:52,615+0700 INFO  mkfntmap - Writing E:\Projects\paper-latex\paper-latex-3\miktex\texmfs/data\fonts\map\pdftex\pdftex_dl14.map...
2022-01-07 23:40:52,632+0700 INFO  mkfntmap - Writing E:\Projects\paper-latex\paper-latex-3\miktex\texmfs/data\fonts\map\pdftex\pdftex_ndl14.map...
2022-01-07 23:40:52,637+0700 INFO  mkfntmap - Copying E:\Projects\paper-latex\paper-latex-3\miktex\texmfs/data\fonts\map\dvips\psfonts_t1.map
2022-01-07 23:40:52,637+0700 INFO  mkfntmap -      to E:\Projects\paper-latex\paper-latex-3\miktex\texmfs/data\fonts\map\dvips\psfonts.map...
2022-01-07 23:40:52,639+0700 INFO  mkfntmap - Copying E:\Projects\paper-latex\paper-latex-3\miktex\texmfs/data\fonts\map\pdftex\pdftex_dl14.map
2022-01-07 23:40:52,639+0700 INFO  mkfntmap -      to E:\Projects\paper-latex\paper-latex-3\miktex\texmfs/data\fonts\map\pdftex\pdftex.map...
2022-01-07 23:40:52,645+0700 INFO  mkfntmap - running: miktex-fc-cache --miktex-disable-maintenance --miktex-disable-diagnose
2022-01-07 23:40:52,645+0700 INFO  mkfntmap.core - start process: miktex-fc-cache --miktex-disable-maintenance --miktex-disable-diagnose
2022-01-07 23:40:53,685+0700 INFO  mkfntmap - this process (7748) finishes with exit code 0
2022-01-07 23:40:53,686+0700 WARN  mkfntmap.core - still open: E:\Projects\paper-latex\paper-latex-3\miktex\texmfs\install\fontconfig/config\fonts.conf.in
2022-01-07 23:40:53,686+0700 WARN  mkfntmap.core - still open: E:\Projects\paper-latex\paper-latex-3\miktex\texmfs/config\fontconfig\config\fonts.conf
2022-01-07 23:41:41,893+0700 INFO  mkfntmap - this process (26600) started by 'initexmf' with command line: mkfntmap --verbose --disable-installer --miktex-disable-maintenance --miktex-disable-diagnose
2022-01-07 23:41:41,894+0700 INFO  mkfntmap - Parsing config file E:\Projects\paper-latex\paper-latex-3\miktex\texmfs\install\miktex/config\updmap.cfg...
2022-01-07 23:41:41,976+0700 INFO  mkfntmap - Writing E:\Projects\paper-latex\paper-latex-3\miktex\texmfs/data\fonts\map\dvipdfmx\kanjix.map...
2022-01-07 23:41:41,976+0700 INFO  mkfntmap - Writing E:\Projects\paper-latex\paper-latex-3\miktex\texmfs/data\fonts\map\dvips\builtin35.map...
2022-01-07 23:41:41,978+0700 INFO  mkfntmap - Writing E:\Projects\paper-latex\paper-latex-3\miktex\texmfs/data\fonts\map\dvips\download35.map...
2022-01-07 23:41:41,980+0700 INFO  mkfntmap - Writing E:\Projects\paper-latex\paper-latex-3\miktex\texmfs/data\fonts\map\dvips\ps2pk.map...
2022-01-07 23:41:41,986+0700 INFO  mkfntmap - Writing E:\Projects\paper-latex\paper-latex-3\miktex\texmfs/data\fonts\map\dvips\psfonts_pk.map...
2022-01-07 23:41:41,990+0700 INFO  mkfntmap - Writing E:\Projects\paper-latex\paper-latex-3\miktex\texmfs/data\fonts\map\dvips\psfonts_t1.map...
2022-01-07 23:41:41,995+0700 INFO  mkfntmap - Writing E:\Projects\paper-latex\paper-latex-3\miktex\texmfs/data\fonts\map\pdftex\pdftex_dl14.map...
2022-01-07 23:41:42,001+0700 INFO  mkfntmap - Writing E:\Projects\paper-latex\paper-latex-3\miktex\texmfs/data\fonts\map\pdftex\pdftex_ndl14.map...
2022-01-07 23:41:42,006+0700 INFO  mkfntmap - Copying E:\Projects\paper-latex\paper-latex-3\miktex\texmfs/data\fonts\map\dvips\psfonts_t1.map
2022-01-07 23:41:42,006+0700 INFO  mkfntmap -      to E:\Projects\paper-latex\paper-latex-3\miktex\texmfs/data\fonts\map\dvips\psfonts.map...
2022-01-07 23:41:42,007+0700 INFO  mkfntmap - Copying E:\Projects\paper-latex\paper-latex-3\miktex\texmfs/data\fonts\map\pdftex\pdftex_dl14.map
2022-01-07 23:41:42,008+0700 INFO  mkfntmap -      to E:\Projects\paper-latex\paper-latex-3\miktex\texmfs/data\fonts\map\pdftex\pdftex.map...
2022-01-07 23:41:42,011+0700 INFO  mkfntmap - running: miktex-fc-cache --verbose --miktex-disable-maintenance --miktex-disable-diagnose
2022-01-07 23:41:42,012+0700 INFO  mkfntmap.core - start process: miktex-fc-cache --verbose --miktex-disable-maintenance --miktex-disable-diagnose
2022-01-07 23:41:42,433+0700 INFO  mkfntmap - C:/Users/CHUNG/AppData/Local/Microsoft/Windows/Fonts: skipping, existing cache is valid: 0 fonts, 0 dirs
2022-01-07 23:41:42,433+0700 INFO  mkfntmap - C:/WINDOWS/Fonts: skipping, existing cache is valid: 896 fonts, 0 dirs
2022-01-07 23:41:42,433+0700 INFO  mkfntmap - E:/Projects/paper-latex/paper-latex-3/miktex/texmfs/install/fonts/opentype: skipping, existing cache is valid: 0 fonts, 1 dirs
2022-01-07 23:41:42,434+0700 INFO  mkfntmap - E:/Projects/paper-latex/paper-latex-3/miktex/texmfs/install/fonts/opentype/public: skipping, existing cache is valid: 0 fonts, 1 dirs
2022-01-07 23:41:42,434+0700 INFO  mkfntmap - E:/Projects/paper-latex/paper-latex-3/miktex/texmfs/install/fonts/opentype/public/lm: skipping, existing cache is valid: 72 fonts, 0 dirs
2022-01-07 23:41:42,434+0700 INFO  mkfntmap - C:/Users/CHUNG/.local/share/fonts: skipping, no such directory
2022-01-07 23:41:42,435+0700 INFO  mkfntmap - C:/Users/CHUNG/.fonts: skipping, no such directory
2022-01-07 23:41:42,435+0700 INFO  mkfntmap - E:/Projects/paper-latex/paper-latex-3/miktex/texmfs/install/fonts/opentype/public: skipping, looped directory detected
2022-01-07 23:41:42,722+0700 INFO  mkfntmap - E:/Projects/paper-latex/paper-latex-3/miktex/texmfs/install/fonts/opentype/public/lm: skipping, looped directory detected
2022-01-07 23:41:42,722+0700 INFO  mkfntmap - E:/Projects/paper-latex/paper-latex-3/miktex/texmfs/data/fontconfig/cache: cleaning cache directory
2022-01-07 23:41:42,722+0700 INFO  mkfntmap - C:/Users/CHUNG/.cache/fontconfig: not cleaning non-existent cache directory
2022-01-07 23:41:42,722+0700 INFO  mkfntmap - C:/Users/CHUNG/.fontconfig: not cleaning non-existent cache directory
2022-01-07 23:41:42,722+0700 INFO  mkfntmap - miktex-fc-cache: succeeded
2022-01-07 23:41:42,730+0700 INFO  mkfntmap - this process (26600) finishes with exit code 0
2022-01-07 23:41:42,731+0700 WARN  mkfntmap.core - still open: E:\Projects\paper-latex\paper-latex-3\miktex\texmfs\install\fontconfig/config\fonts.conf.in
2022-01-07 23:41:42,731+0700 WARN  mkfntmap.core - still open: E:\Projects\paper-latex\paper-latex-3\miktex\texmfs/config\fontconfig\config\fonts.conf
2022-01-07 23:41:59,901+0700 INFO  mkfntmap - this process (7072) started by 'initexmf' with command line: mkfntmap --enable-installer --miktex-disable-maintenance --miktex-disable-diagnose
2022-01-07 23:41:59,901+0700 INFO  mkfntmap - Parsing config file E:\Projects\paper-latex\paper-latex-3\miktex\texmfs\install\miktex/config\updmap.cfg...
2022-01-07 23:41:59,979+0700 INFO  mkfntmap - Writing E:\Projects\paper-latex\paper-latex-3\miktex\texmfs/data\fonts\map\dvipdfmx\kanjix.map...
2022-01-07 23:41:59,979+0700 INFO  mkfntmap - Writing E:\Projects\paper-latex\paper-latex-3\miktex\texmfs/data\fonts\map\dvips\builtin35.map...
2022-01-07 23:41:59,980+0700 INFO  mkfntmap - Writing E:\Projects\paper-latex\paper-latex-3\miktex\texmfs/data\fonts\map\dvips\download35.map...
2022-01-07 23:41:59,982+0700 INFO  mkfntmap - Writing E:\Projects\paper-latex\paper-latex-3\miktex\texmfs/data\fonts\map\dvips\ps2pk.map...
2022-01-07 23:41:59,986+0700 INFO  mkfntmap - Writing E:\Projects\paper-latex\paper-latex-3\miktex\texmfs/data\fonts\map\dvips\psfonts_pk.map...
2022-01-07 23:41:59,990+0700 INFO  mkfntmap - Writing E:\Projects\paper-latex\paper-latex-3\miktex\texmfs/data\fonts\map\dvips\psfonts_t1.map...
2022-01-07 23:41:59,994+0700 INFO  mkfntmap - Writing E:\Projects\paper-latex\paper-latex-3\miktex\texmfs/data\fonts\map\pdftex\pdftex_dl14.map...
2022-01-07 23:41:59,999+0700 INFO  mkfntmap - Writing E:\Projects\paper-latex\paper-latex-3\miktex\texmfs/data\fonts\map\pdftex\pdftex_ndl14.map...
2022-01-07 23:42:00,004+0700 INFO  mkfntmap - Copying E:\Projects\paper-latex\paper-latex-3\miktex\texmfs/data\fonts\map\dvips\psfonts_t1.map
2022-01-07 23:42:00,004+0700 INFO  mkfntmap -      to E:\Projects\paper-latex\paper-latex-3\miktex\texmfs/data\fonts\map\dvips\psfonts.map...
2022-01-07 23:42:00,006+0700 INFO  mkfntmap - Copying E:\Projects\paper-latex\paper-latex-3\miktex\texmfs/data\fonts\map\pdftex\pdftex_dl14.map
2022-01-07 23:42:00,006+0700 INFO  mkfntmap -      to E:\Projects\paper-latex\paper-latex-3\miktex\texmfs/data\fonts\map\pdftex\pdftex.map...
2022-01-07 23:42:00,012+0700 INFO  mkfntmap - running: miktex-fc-cache --miktex-disable-maintenance --miktex-disable-diagnose
2022-01-07 23:42:00,012+0700 INFO  mkfntmap.core - start process: miktex-fc-cache --miktex-disable-maintenance --miktex-disable-diagnose
2022-01-07 23:42:00,309+0700 INFO  mkfntmap - this process (7072) finishes with exit code 0
2022-01-07 23:42:00,309+0700 WARN  mkfntmap.core - still open: E:\Projects\paper-latex\paper-latex-3\miktex\texmfs\install\fontconfig/config\fonts.conf.in
2022-01-07 23:42:00,309+0700 WARN  mkfntmap.core - still open: E:\Projects\paper-latex\paper-latex-3\miktex\texmfs/config\fontconfig\config\fonts.conf
2022-01-07 23:42:49,431+0700 INFO  mkfntmap - this process (14804) started by 'initexmf' with command line: mkfntmap --enable-installer --miktex-disable-maintenance --miktex-disable-diagnose
2022-01-07 23:42:49,432+0700 INFO  mkfntmap - Parsing config file E:\Projects\paper-latex\paper-latex-3\miktex\texmfs\install\miktex/config\updmap.cfg...
2022-01-07 23:42:49,511+0700 INFO  mkfntmap - Writing E:\Projects\paper-latex\paper-latex-3\miktex\texmfs/data\fonts\map\dvipdfmx\kanjix.map...
2022-01-07 23:42:49,512+0700 INFO  mkfntmap - Writing E:\Projects\paper-latex\paper-latex-3\miktex\texmfs/data\fonts\map\dvips\builtin35.map...
2022-01-07 23:42:49,513+0700 INFO  mkfntmap - Writing E:\Projects\paper-latex\paper-latex-3\miktex\texmfs/data\fonts\map\dvips\download35.map...
2022-01-07 23:42:49,515+0700 INFO  mkfntmap - Writing E:\Projects\paper-latex\paper-latex-3\miktex\texmfs/data\fonts\map\dvips\ps2pk.map...
2022-01-07 23:42:49,519+0700 INFO  mkfntmap - Writing E:\Projects\paper-latex\paper-latex-3\miktex\texmfs/data\fonts\map\dvips\psfonts_pk.map...
2022-01-07 23:42:49,523+0700 INFO  mkfntmap - Writing E:\Projects\paper-latex\paper-latex-3\miktex\texmfs/data\fonts\map\dvips\psfonts_t1.map...
2022-01-07 23:42:49,528+0700 INFO  mkfntmap - Writing E:\Projects\paper-latex\paper-latex-3\miktex\texmfs/data\fonts\map\pdftex\pdftex_dl14.map...
2022-01-07 23:42:49,533+0700 INFO  mkfntmap - Writing E:\Projects\paper-latex\paper-latex-3\miktex\texmfs/data\fonts\map\pdftex\pdftex_ndl14.map...
2022-01-07 23:42:49,537+0700 INFO  mkfntmap - Copying E:\Projects\paper-latex\paper-latex-3\miktex\texmfs/data\fonts\map\dvips\psfonts_t1.map
2022-01-07 23:42:49,537+0700 INFO  mkfntmap -      to E:\Projects\paper-latex\paper-latex-3\miktex\texmfs/data\fonts\map\dvips\psfonts.map...
2022-01-07 23:42:49,539+0700 INFO  mkfntmap - Copying E:\Projects\paper-latex\paper-latex-3\miktex\texmfs/data\fonts\map\pdftex\pdftex_dl14.map
2022-01-07 23:42:49,539+0700 INFO  mkfntmap -      to E:\Projects\paper-latex\paper-latex-3\miktex\texmfs/data\fonts\map\pdftex\pdftex.map...
2022-01-07 23:42:49,544+0700 INFO  mkfntmap - running: miktex-fc-cache --miktex-disable-maintenance --miktex-disable-diagnose
2022-01-07 23:42:49,544+0700 INFO  mkfntmap.core - start process: miktex-fc-cache --miktex-disable-maintenance --miktex-disable-diagnose
2022-01-07 23:42:49,872+0700 INFO  mkfntmap - this process (14804) finishes with exit code 0
2022-01-07 23:42:49,872+0700 WARN  mkfntmap.core - still open: E:\Projects\paper-latex\paper-latex-3\miktex\texmfs/config\fontconfig\config\fonts.conf
2022-01-07 23:42:49,872+0700 WARN  mkfntmap.core - still open: E:\Projects\paper-latex\paper-latex-3\miktex\texmfs\install\fontconfig/config\fonts.conf.in
